e:\code\nwnx_io\nwnx_weapons\debug\cnwsscriptvartable.obj
e:\code\nwnx_io\nwnx_weapons\debug\cnwsstats_level.obj
e:\code\nwnx_io\nwnx_weapons\debug\cnwsstore.obj
e:\code\nwnx_io\nwnx_weapons\debug\cnwstile.obj
e:\code\nwnx_io\nwnx_weapons\debug\cnwstrigger.obj
e:\code\nwnx_io\nwnx_weapons\debug\cnwtile.obj
e:\code\nwnx_io\nwnx_weapons\debug\cresgff.obj
e:\code\nwnx_io\nwnx_weapons\debug\cresref.obj
e:\code\nwnx_io\nwnx_weapons\debug\cscriptevent.obj
e:\code\nwnx_io\nwnx_weapons\debug\cserveraimaster.obj
e:\code\nwnx_io\nwnx_weapons\debug\cserverexoapp.obj
e:\code\nwnx_io\nwnx_weapons\debug\cserverexoappinternal.obj
e:\code\nwnx_io\nwnx_weapons\debug\ctlktable.obj
e:\code\nwnx_io\nwnx_weapons\debug\ctwodimarrays.obj
e:\code\nwnx_io\nwnx_weapons\debug\cvirtualmachine.obj
e:\code\nwnx_io\nwnx_weapons\debug\cworldtimer.obj
e:\code\nwnx_io\nwnx_weapons\debug\nwnx_memory.obj
e:\code\nwnx_io\nwnx_weapons\debug\nwn_internals.obj
e:\code\nwnx_io\nwnx_weapons\debug\_exostring.obj
e:\code\nwnx_io\nwnx_weapons\debug\weaponbehavior.obj
e:\code\nwnx_io\nwnx_weapons\debug\cnwmessage.obj
e:\code\nwnx_io\nwnx_weapons\debug\cnwrules.obj
e:\code\nwnx_io\nwnx_weapons\debug\cnwsarea.obj
e:\code\nwnx_io\nwnx_weapons\debug\cnwsareaofeffectobject.obj
e:\code\nwnx_io\nwnx_weapons\debug\cnwscombatround.obj
e:\code\nwnx_io\nwnx_weapons\debug\cnwscreature.obj
e:\code\nwnx_io\nwnx_weapons\debug\cnwscreaturestats.obj
e:\code\nwnx_io\nwnx_weapons\debug\cnwsdoor.obj
e:\code\nwnx_io\nwnx_weapons\debug\cnwsencounter.obj
e:\code\nwnx_io\nwnx_weapons\debug\cnwsfaction.obj
e:\code\nwnx_io\nwnx_weapons\debug\cnwsinventory.obj
e:\code\nwnx_io\nwnx_weapons\debug\cnwsitem.obj
e:\code\nwnx_io\nwnx_weapons\debug\cnwsmessage.obj
e:\code\nwnx_io\nwnx_weapons\debug\cnwsmodule.obj
e:\code\nwnx_io\nwnx_weapons\debug\cnwsobject.obj
e:\code\nwnx_io\nwnx_weapons\debug\cnwspellarray.obj
e:\code\nwnx_io\nwnx_weapons\debug\cnwsplaceable.obj
e:\code\nwnx_io\nwnx_weapons\debug\cnwsplayer.obj
e:\code\nwnx_io\nwnx_weapons\debug\cnwsplayercharsheetgui.obj
e:\code\nwnx_io\nwnx_weapons\debug\cnwsplayerturd.obj
e:\code\nwnx_io\nwnx_weapons\debug\main.obj
e:\code\nwnx_io\nwnx_weapons\debug\nwnxweapons.obj
e:\code\nwnx_io\nwnx_weapons\debug\c2da.obj
e:\code\nwnx_io\nwnx_weapons\debug\cautomap.obj
e:\code\nwnx_io\nwnx_weapons\debug\cexolinkedlist.obj
e:\code\nwnx_io\nwnx_weapons\debug\cexolocstring.obj
e:\code\nwnx_io\nwnx_weapons\debug\cexoresman.obj
e:\code\nwnx_io\nwnx_weapons\debug\cexostring.obj
e:\code\nwnx_io\nwnx_weapons\debug\cfactionmanager.obj
e:\code\nwnx_io\nwnx_weapons\debug\cgameeffect.obj
e:\code\nwnx_io\nwnx_weapons\debug\cgameobjectarray.obj
e:\code\nwnx_io\nwnx_weapons\debug\citemrepository.obj
e:\code\nwnx_io\nwnx_weapons\debug\clastupdateobject.obj
e:\code\nwnx_io\nwnx_weapons\debug\cnetlayer.obj
e:\code\nwnx_io\nwnx_weapons\debug\cnwbaseitemarray.obj
e:\code\nwnx_io\nwnx_weapons\debug\cnwccmessagedata.obj
e:\code\nwnx_io\nwnx_weapons\debug\cnwclass.obj
e:\code\nwnx_io\nwnx_weapons\debug\vc110.pdb
e:\code\nwnx_io\nwnx_weapons\debug\hookmain.obj
f:\code\nwnx_io\nwnx_weapons\debug\nwnxweapons.obj
f:\code\nwnx_io\nwnx_weapons\debug\vc110.pdb
e:\media\onedrive\offentligt\nwnx\nwnx_weapons\debug\c2da.obj
e:\media\onedrive\offentligt\nwnx\nwnx_weapons\debug\cautomap.obj
e:\media\onedrive\offentligt\nwnx\nwnx_weapons\debug\cexolinkedlist.obj
e:\media\onedrive\offentligt\nwnx\nwnx_weapons\debug\cexolocstring.obj
e:\media\onedrive\offentligt\nwnx\nwnx_weapons\debug\cexoresman.obj
e:\media\onedrive\offentligt\nwnx\nwnx_weapons\debug\cexostring.obj
e:\media\onedrive\offentligt\nwnx\nwnx_weapons\debug\cfactionmanager.obj
e:\media\onedrive\offentligt\nwnx\nwnx_weapons\debug\cgameeffect.obj
e:\media\onedrive\offentligt\nwnx\nwnx_weapons\debug\cgameobjectarray.obj
e:\media\onedrive\offentligt\nwnx\nwnx_weapons\debug\citemrepository.obj
e:\media\onedrive\offentligt\nwnx\nwnx_weapons\debug\clastupdateobject.obj
e:\media\onedrive\offentligt\nwnx\nwnx_weapons\debug\cnetlayer.obj
e:\media\onedrive\offentligt\nwnx\nwnx_weapons\debug\cnwbaseitemarray.obj
e:\media\onedrive\offentligt\nwnx\nwnx_weapons\debug\cnwccmessagedata.obj
e:\media\onedrive\offentligt\nwnx\nwnx_weapons\debug\cnwclass.obj
e:\media\onedrive\offentligt\nwnx\nwnx_weapons\debug\cnwmessage.obj
e:\media\onedrive\offentligt\nwnx\nwnx_weapons\debug\cnwrules.obj
e:\media\onedrive\offentligt\nwnx\nwnx_weapons\debug\cnwsarea.obj
e:\media\onedrive\offentligt\nwnx\nwnx_weapons\debug\cnwsareaofeffectobject.obj
e:\media\onedrive\offentligt\nwnx\nwnx_weapons\debug\cnwscombatround.obj
e:\media\onedrive\offentligt\nwnx\nwnx_weapons\debug\cnwscreature.obj
e:\media\onedrive\offentligt\nwnx\nwnx_weapons\debug\cnwscreaturestats.obj
e:\media\onedrive\offentligt\nwnx\nwnx_weapons\debug\cnwsdoor.obj
e:\media\onedrive\offentligt\nwnx\nwnx_weapons\debug\cnwsencounter.obj
e:\media\onedrive\offentligt\nwnx\nwnx_weapons\debug\cnwsfaction.obj
e:\media\onedrive\offentligt\nwnx\nwnx_weapons\debug\cnwsinventory.obj
e:\media\onedrive\offentligt\nwnx\nwnx_weapons\debug\cnwsitem.obj
e:\media\onedrive\offentligt\nwnx\nwnx_weapons\debug\cnwsmessage.obj
e:\media\onedrive\offentligt\nwnx\nwnx_weapons\debug\cnwsmodule.obj
e:\media\onedrive\offentligt\nwnx\nwnx_weapons\debug\cnwsobject.obj
e:\media\onedrive\offentligt\nwnx\nwnx_weapons\debug\cnwspellarray.obj
e:\media\onedrive\offentligt\nwnx\nwnx_weapons\debug\cnwsplaceable.obj
e:\media\onedrive\offentligt\nwnx\nwnx_weapons\debug\cnwsplayer.obj
e:\media\onedrive\offentligt\nwnx\nwnx_weapons\debug\cnwsplayercharsheetgui.obj
e:\media\onedrive\offentligt\nwnx\nwnx_weapons\debug\cnwsplayerturd.obj
e:\media\onedrive\offentligt\nwnx\nwnx_weapons\debug\cnwsscriptvartable.obj
e:\media\onedrive\offentligt\nwnx\nwnx_weapons\debug\cnwsstats_level.obj
e:\media\onedrive\offentligt\nwnx\nwnx_weapons\debug\cnwsstore.obj
e:\media\onedrive\offentligt\nwnx\nwnx_weapons\debug\cnwstile.obj
e:\media\onedrive\offentligt\nwnx\nwnx_weapons\debug\cnwstrigger.obj
e:\media\onedrive\offentligt\nwnx\nwnx_weapons\debug\cnwtile.obj
e:\media\onedrive\offentligt\nwnx\nwnx_weapons\debug\cresgff.obj
e:\media\onedrive\offentligt\nwnx\nwnx_weapons\debug\cresref.obj
e:\media\onedrive\offentligt\nwnx\nwnx_weapons\debug\cscriptevent.obj
e:\media\onedrive\offentligt\nwnx\nwnx_weapons\debug\cserveraimaster.obj
e:\media\onedrive\offentligt\nwnx\nwnx_weapons\debug\cserverexoapp.obj
e:\media\onedrive\offentligt\nwnx\nwnx_weapons\debug\cserverexoappinternal.obj
e:\media\onedrive\offentligt\nwnx\nwnx_weapons\debug\ctlktable.obj
e:\media\onedrive\offentligt\nwnx\nwnx_weapons\debug\ctwodimarrays.obj
e:\media\onedrive\offentligt\nwnx\nwnx_weapons\debug\cvirtualmachine.obj
e:\media\onedrive\offentligt\nwnx\nwnx_weapons\debug\cworldtimer.obj
e:\media\onedrive\offentligt\nwnx\nwnx_weapons\debug\hookmain.obj
e:\media\onedrive\offentligt\nwnx\nwnx_weapons\debug\main.obj
e:\media\onedrive\offentligt\nwnx\nwnx_weapons\debug\nwnxweapons.obj
e:\media\onedrive\offentligt\nwnx\nwnx_weapons\debug\nwnx_memory.obj
e:\media\onedrive\offentligt\nwnx\nwnx_weapons\debug\nwn_internals.obj
e:\media\onedrive\offentligt\nwnx\nwnx_weapons\debug\weaponbehavior.obj
e:\media\onedrive\offentligt\nwnx\nwnx_weapons\debug\_exostring.obj
e:\media\onedrive\offentligt\nwnx\nwnx_weapons\debug\cl.command.1.tlog
e:\media\onedrive\offentligt\nwnx\nwnx_weapons\debug\cl.read.1.tlog
e:\media\onedrive\offentligt\nwnx\nwnx_weapons\debug\cl.write.1.tlog
e:\media\onedrive\offentligt\nwnx\nwnx_weapons\debug\link.command.1.tlog
e:\media\onedrive\offentligt\nwnx\nwnx_weapons\debug\link.read.1.tlog
e:\media\onedrive\offentligt\nwnx\nwnx_weapons\debug\link.write.1.tlog
e:\media\onedrive\offentligt\nwnx\nwnx_weapons\debug\vc110.idb
e:\media\onedrive\offentligt\nwnx\nwnx_weapons\debug\vc110.pdb
