\\terrahnet\terra\nwnx\nwnx_messages\release\cnwsarea.obj
\\terrahnet\terra\nwnx\nwnx_messages\release\cnwrules.obj
\\terrahnet\terra\nwnx\nwnx_messages\release\cnwmessage.obj
\\terrahnet\terra\nwnx\nwnx_messages\release\cnwclass.obj
\\terrahnet\terra\nwnx\nwnx_messages\release\cnwccmessagedata.obj
\\terrahnet\terra\nwnx\nwnx_messages\release\cnwbaseitemarray.obj
\\terrahnet\terra\nwnx\nwnx_messages\release\cnetlayer.obj
\\terrahnet\terra\nwnx\nwnx_messages\release\clastupdateobject.obj
\\terrahnet\terra\nwnx\nwnx_messages\release\citemrepository.obj
\\terrahnet\terra\nwnx\nwnx_messages\release\cgameobjectarray.obj
\\terrahnet\terra\nwnx\nwnx_messages\release\cgameeffect.obj
\\terrahnet\terra\nwnx\nwnx_messages\release\cfactionmanager.obj
\\terrahnet\terra\nwnx\nwnx_messages\release\cexostring.obj
\\terrahnet\terra\nwnx\nwnx_messages\release\cexoresman.obj
\\terrahnet\terra\nwnx\nwnx_messages\release\cexolocstring.obj
\\terrahnet\terra\nwnx\nwnx_messages\release\cexolinkedlist.obj
\\terrahnet\terra\nwnx\nwnx_messages\release\cautomap.obj
\\terrahnet\terra\nwnx\nwnx_messages\release\c2da.obj
\\terrahnet\terra\nwnx\nwnx_messages\release\nwnxbase.obj
\\terrahnet\terra\nwnx\nwnx_messages\release\inifile.obj
\\terrahnet\terra\nwnx\nwnx_messages\release\cnwsstore.obj
\\terrahnet\terra\nwnx\nwnx_messages\release\cnwsstats_level.obj
\\terrahnet\terra\nwnx\nwnx_messages\release\cnwsscriptvartable.obj
\\terrahnet\terra\nwnx\nwnx_messages\release\cnwsplayerturd.obj
\\terrahnet\terra\nwnx\nwnx_messages\release\cnwsplayercharsheetgui.obj
\\terrahnet\terra\nwnx\nwnx_messages\release\cnwsplayer.obj
\\terrahnet\terra\nwnx\nwnx_messages\release\cnwsplaceable.obj
\\terrahnet\terra\nwnx\nwnx_messages\release\cnwspellarray.obj
\\terrahnet\terra\nwnx\nwnx_messages\release\cnwsobject.obj
\\terrahnet\terra\nwnx\nwnx_messages\release\cnwsmodule.obj
\\terrahnet\terra\nwnx\nwnx_messages\release\cnwsmessage.obj
\\terrahnet\terra\nwnx\nwnx_messages\release\cnwsitem.obj
\\terrahnet\terra\nwnx\nwnx_messages\release\cnwsinventory.obj
\\terrahnet\terra\nwnx\nwnx_messages\release\cnwsfaction.obj
\\terrahnet\terra\nwnx\nwnx_messages\release\cnwsencounter.obj
\\terrahnet\terra\nwnx\nwnx_messages\release\cnwsdoor.obj
\\terrahnet\terra\nwnx\nwnx_messages\release\cnwscreaturestats.obj
\\terrahnet\terra\nwnx\nwnx_messages\release\cnwscreature.obj
\\terrahnet\terra\nwnx\nwnx_messages\release\cnwscombatround.obj
\\terrahnet\terra\nwnx\nwnx_messages\release\cnwsareaofeffectobject.obj
\\terrahnet\terra\nwnx\nwnx_messages\release\nwnxmessages.obj
\\terrahnet\terra\nwnx\nwnx_messages\release\main.obj
\\terrahnet\terra\nwnx\nwnx_messages\release\letterscramble.obj
\\terrahnet\terra\nwnx\nwnx_messages\release\_exostring.obj
\\terrahnet\terra\nwnx\nwnx_messages\release\nwn_internals.obj
\\terrahnet\terra\nwnx\nwnx_messages\release\nwnx_memory.obj
\\terrahnet\terra\nwnx\nwnx_messages\release\cworldtimer.obj
\\terrahnet\terra\nwnx\nwnx_messages\release\cvirtualmachine.obj
\\terrahnet\terra\nwnx\nwnx_messages\release\ctwodimarrays.obj
\\terrahnet\terra\nwnx\nwnx_messages\release\ctlktable.obj
\\terrahnet\terra\nwnx\nwnx_messages\release\cserverexoappinternal.obj
\\terrahnet\terra\nwnx\nwnx_messages\release\cserverexoapp.obj
\\terrahnet\terra\nwnx\nwnx_messages\release\cserveraimaster.obj
\\terrahnet\terra\nwnx\nwnx_messages\release\cscriptevent.obj
\\terrahnet\terra\nwnx\nwnx_messages\release\cresref.obj
\\terrahnet\terra\nwnx\nwnx_messages\release\cresgff.obj
\\terrahnet\terra\nwnx\nwnx_messages\release\cnwtile.obj
\\terrahnet\terra\nwnx\nwnx_messages\release\cnwstrigger.obj
\\terrahnet\terra\nwnx\nwnx_messages\release\cnwstile.obj
\\terrahnet\terra\nwnx\nwnx_messages\release\vc110.pdb
\\terrahnet\terra\nwnx\release\nwnx_messages.dll
\\terrahnet\terra\nwnx\release\nwnx_messages.pdb
\\terrahnet\terra\nwnx\release\nwnx_messages.lib
\\terrahnet\terra\nwnx\release\nwnx_messages.exp
d:\media\onedrive\offentligt\nwnx\nwnx_messages\release\c2da.obj
d:\media\onedrive\offentligt\nwnx\nwnx_messages\release\cautomap.obj
d:\media\onedrive\offentligt\nwnx\nwnx_messages\release\cexolinkedlist.obj
d:\media\onedrive\offentligt\nwnx\nwnx_messages\release\cexolocstring.obj
d:\media\onedrive\offentligt\nwnx\nwnx_messages\release\cexoresman.obj
d:\media\onedrive\offentligt\nwnx\nwnx_messages\release\cexostring.obj
d:\media\onedrive\offentligt\nwnx\nwnx_messages\release\cfactionmanager.obj
d:\media\onedrive\offentligt\nwnx\nwnx_messages\release\cgameeffect.obj
d:\media\onedrive\offentligt\nwnx\nwnx_messages\release\cgameobjectarray.obj
d:\media\onedrive\offentligt\nwnx\nwnx_messages\release\citemrepository.obj
d:\media\onedrive\offentligt\nwnx\nwnx_messages\release\clastupdateobject.obj
d:\media\onedrive\offentligt\nwnx\nwnx_messages\release\cnetlayer.obj
d:\media\onedrive\offentligt\nwnx\nwnx_messages\release\cnwbaseitemarray.obj
d:\media\onedrive\offentligt\nwnx\nwnx_messages\release\cnwccmessagedata.obj
d:\media\onedrive\offentligt\nwnx\nwnx_messages\release\cnwclass.obj
d:\media\onedrive\offentligt\nwnx\nwnx_messages\release\cnwmessage.obj
d:\media\onedrive\offentligt\nwnx\nwnx_messages\release\cnwrules.obj
d:\media\onedrive\offentligt\nwnx\nwnx_messages\release\cnwsarea.obj
d:\media\onedrive\offentligt\nwnx\nwnx_messages\release\cnwsareaofeffectobject.obj
d:\media\onedrive\offentligt\nwnx\nwnx_messages\release\cnwscombatround.obj
d:\media\onedrive\offentligt\nwnx\nwnx_messages\release\cnwscreature.obj
d:\media\onedrive\offentligt\nwnx\nwnx_messages\release\cnwscreaturestats.obj
d:\media\onedrive\offentligt\nwnx\nwnx_messages\release\cnwsdoor.obj
d:\media\onedrive\offentligt\nwnx\nwnx_messages\release\cnwsencounter.obj
d:\media\onedrive\offentligt\nwnx\nwnx_messages\release\cnwsfaction.obj
d:\media\onedrive\offentligt\nwnx\nwnx_messages\release\cnwsinventory.obj
d:\media\onedrive\offentligt\nwnx\nwnx_messages\release\cnwsitem.obj
d:\media\onedrive\offentligt\nwnx\nwnx_messages\release\cnwsmessage.obj
d:\media\onedrive\offentligt\nwnx\nwnx_messages\release\cnwsmodule.obj
d:\media\onedrive\offentligt\nwnx\nwnx_messages\release\cnwsobject.obj
d:\media\onedrive\offentligt\nwnx\nwnx_messages\release\cnwspellarray.obj
d:\media\onedrive\offentligt\nwnx\nwnx_messages\release\cnwsplaceable.obj
d:\media\onedrive\offentligt\nwnx\nwnx_messages\release\cnwsplayer.obj
d:\media\onedrive\offentligt\nwnx\nwnx_messages\release\cnwsplayercharsheetgui.obj
d:\media\onedrive\offentligt\nwnx\nwnx_messages\release\cnwsplayerturd.obj
d:\media\onedrive\offentligt\nwnx\nwnx_messages\release\cnwsscriptvartable.obj
d:\media\onedrive\offentligt\nwnx\nwnx_messages\release\cnwsstats_level.obj
d:\media\onedrive\offentligt\nwnx\nwnx_messages\release\cnwsstore.obj
d:\media\onedrive\offentligt\nwnx\nwnx_messages\release\cnwstile.obj
d:\media\onedrive\offentligt\nwnx\nwnx_messages\release\cnwstrigger.obj
d:\media\onedrive\offentligt\nwnx\nwnx_messages\release\cnwtile.obj
d:\media\onedrive\offentligt\nwnx\nwnx_messages\release\cresgff.obj
d:\media\onedrive\offentligt\nwnx\nwnx_messages\release\cresref.obj
d:\media\onedrive\offentligt\nwnx\nwnx_messages\release\cscriptevent.obj
d:\media\onedrive\offentligt\nwnx\nwnx_messages\release\cserveraimaster.obj
d:\media\onedrive\offentligt\nwnx\nwnx_messages\release\cserverexoapp.obj
d:\media\onedrive\offentligt\nwnx\nwnx_messages\release\cserverexoappinternal.obj
d:\media\onedrive\offentligt\nwnx\nwnx_messages\release\ctlktable.obj
d:\media\onedrive\offentligt\nwnx\nwnx_messages\release\ctwodimarrays.obj
d:\media\onedrive\offentligt\nwnx\nwnx_messages\release\cvirtualmachine.obj
d:\media\onedrive\offentligt\nwnx\nwnx_messages\release\cworldtimer.obj
d:\media\onedrive\offentligt\nwnx\nwnx_messages\release\inifile.obj
d:\media\onedrive\offentligt\nwnx\nwnx_messages\release\letterscramble.obj
d:\media\onedrive\offentligt\nwnx\nwnx_messages\release\main.obj
d:\media\onedrive\offentligt\nwnx\nwnx_messages\release\nwnxbase.obj
d:\media\onedrive\offentligt\nwnx\nwnx_messages\release\nwnxmessages.obj
d:\media\onedrive\offentligt\nwnx\nwnx_messages\release\nwnx_memory.obj
d:\media\onedrive\offentligt\nwnx\nwnx_messages\release\nwn_internals.obj
d:\media\onedrive\offentligt\nwnx\nwnx_messages\release\_exostring.obj
d:\media\onedrive\offentligt\nwnx\nwnx_messages\release\cl.command.1.tlog
d:\media\onedrive\offentligt\nwnx\nwnx_messages\release\cl.read.1.tlog
d:\media\onedrive\offentligt\nwnx\nwnx_messages\release\cl.write.1.tlog
d:\media\onedrive\offentligt\nwnx\nwnx_messages\release\link-cvtres.read.1.tlog
d:\media\onedrive\offentligt\nwnx\nwnx_messages\release\link-cvtres.write.1.tlog
d:\media\onedrive\offentligt\nwnx\nwnx_messages\release\link-rc.read.1.tlog
d:\media\onedrive\offentligt\nwnx\nwnx_messages\release\link-rc.write.1.tlog
d:\media\onedrive\offentligt\nwnx\nwnx_messages\release\link.command.1.tlog
d:\media\onedrive\offentligt\nwnx\nwnx_messages\release\link.read.1.tlog
d:\media\onedrive\offentligt\nwnx\nwnx_messages\release\link.write.1.tlog
d:\media\onedrive\offentligt\nwnx\nwnx_messages\release\nwnx_messages.write.1.tlog
d:\media\onedrive\offentligt\nwnx\nwnx_messages\release\vc110.pdb
d:\media\onedrive\offentligt\nwnx\release\nwnx_messages.pdb
d:\media\onedrive\offentligt\nwnx\release\nwnx_messages.dll
