d:\media\skydrive\offentligt\nwnx\nwnx_lua\release\vc120.pdb
d:\media\skydrive\offentligt\nwnx\nwnx_lua\release\cnwsarea.obj
d:\media\skydrive\offentligt\nwnx\nwnx_lua\release\cnwrules.obj
d:\media\skydrive\offentligt\nwnx\nwnx_lua\release\cnwmessage.obj
d:\media\skydrive\offentligt\nwnx\nwnx_lua\release\cnwclass.obj
d:\media\skydrive\offentligt\nwnx\nwnx_lua\release\cnwccmessagedata.obj
d:\media\skydrive\offentligt\nwnx\nwnx_lua\release\cnwbaseitemarray.obj
d:\media\skydrive\offentligt\nwnx\nwnx_lua\release\cnetlayer.obj
d:\media\skydrive\offentligt\nwnx\nwnx_lua\release\clastupdateobject.obj
d:\media\skydrive\offentligt\nwnx\nwnx_lua\release\citemrepository.obj
d:\media\skydrive\offentligt\nwnx\nwnx_lua\release\cgameobjectarray.obj
d:\media\skydrive\offentligt\nwnx\nwnx_lua\release\cgameeffect.obj
d:\media\skydrive\offentligt\nwnx\nwnx_lua\release\cfactionmanager.obj
d:\media\skydrive\offentligt\nwnx\nwnx_lua\release\cexostring.obj
d:\media\skydrive\offentligt\nwnx\nwnx_lua\release\cexoresman.obj
d:\media\skydrive\offentligt\nwnx\nwnx_lua\release\cexolocstring.obj
d:\media\skydrive\offentligt\nwnx\nwnx_lua\release\cexolinkedlist.obj
d:\media\skydrive\offentligt\nwnx\nwnx_lua\release\cautomap.obj
d:\media\skydrive\offentligt\nwnx\nwnx_lua\release\c2da.obj
d:\media\skydrive\offentligt\nwnx\nwnx_lua\release\nwnxbase.obj
d:\media\skydrive\offentligt\nwnx\nwnx_lua\release\inifile.obj
d:\media\skydrive\offentligt\nwnx\nwnx_lua\release\cnwsstore.obj
d:\media\skydrive\offentligt\nwnx\nwnx_lua\release\cnwsstats_level.obj
d:\media\skydrive\offentligt\nwnx\nwnx_lua\release\cnwsscriptvartable.obj
d:\media\skydrive\offentligt\nwnx\nwnx_lua\release\cnwsplayerturd.obj
d:\media\skydrive\offentligt\nwnx\nwnx_lua\release\cnwsplayercharsheetgui.obj
d:\media\skydrive\offentligt\nwnx\nwnx_lua\release\cnwsplayer.obj
d:\media\skydrive\offentligt\nwnx\nwnx_lua\release\cnwsplaceable.obj
d:\media\skydrive\offentligt\nwnx\nwnx_lua\release\cnwspellarray.obj
d:\media\skydrive\offentligt\nwnx\nwnx_lua\release\cnwsobject.obj
d:\media\skydrive\offentligt\nwnx\nwnx_lua\release\cnwsmodule.obj
d:\media\skydrive\offentligt\nwnx\nwnx_lua\release\cnwsmessage.obj
d:\media\skydrive\offentligt\nwnx\nwnx_lua\release\cnwsitem.obj
d:\media\skydrive\offentligt\nwnx\nwnx_lua\release\cnwsinventory.obj
d:\media\skydrive\offentligt\nwnx\nwnx_lua\release\cnwsfaction.obj
d:\media\skydrive\offentligt\nwnx\nwnx_lua\release\cnwsencounter.obj
d:\media\skydrive\offentligt\nwnx\nwnx_lua\release\cnwsdoor.obj
d:\media\skydrive\offentligt\nwnx\nwnx_lua\release\cnwscreaturestats.obj
d:\media\skydrive\offentligt\nwnx\nwnx_lua\release\cnwscreature.obj
d:\media\skydrive\offentligt\nwnx\nwnx_lua\release\cnwscombatround.obj
d:\media\skydrive\offentligt\nwnx\nwnx_lua\release\cnwsareaofeffectobject.obj
d:\media\skydrive\offentligt\nwnx\nwnx_lua\release\nwnxlua.obj
d:\media\skydrive\offentligt\nwnx\nwnx_lua\release\nwnlualib.obj
d:\media\skydrive\offentligt\nwnx\nwnx_lua\release\main.obj
d:\media\skydrive\offentligt\nwnx\nwnx_lua\release\_exostring.obj
d:\media\skydrive\offentligt\nwnx\nwnx_lua\release\nwn_internals.obj
d:\media\skydrive\offentligt\nwnx\nwnx_lua\release\nwnx_memory.obj
d:\media\skydrive\offentligt\nwnx\nwnx_lua\release\cworldtimer.obj
d:\media\skydrive\offentligt\nwnx\nwnx_lua\release\cvirtualmachine.obj
d:\media\skydrive\offentligt\nwnx\nwnx_lua\release\ctwodimarrays.obj
d:\media\skydrive\offentligt\nwnx\nwnx_lua\release\ctlktable.obj
d:\media\skydrive\offentligt\nwnx\nwnx_lua\release\cserverexoappinternal.obj
d:\media\skydrive\offentligt\nwnx\nwnx_lua\release\cserverexoapp.obj
d:\media\skydrive\offentligt\nwnx\nwnx_lua\release\cserveraimaster.obj
d:\media\skydrive\offentligt\nwnx\nwnx_lua\release\cscriptevent.obj
d:\media\skydrive\offentligt\nwnx\nwnx_lua\release\cresref.obj
d:\media\skydrive\offentligt\nwnx\nwnx_lua\release\cresgff.obj
d:\media\skydrive\offentligt\nwnx\nwnx_lua\release\cnwtile.obj
d:\media\skydrive\offentligt\nwnx\nwnx_lua\release\cnwstrigger.obj
d:\media\skydrive\offentligt\nwnx\nwnx_lua\release\cnwstile.obj
d:\media\skydrive\offentligt\nwnx\release\nwnx_lua.dll
d:\media\skydrive\offentligt\nwnx\release\nwnx_lua.pdb
d:\media\skydrive\offentligt\nwnx\release\nwnx_lua.lib
d:\media\skydrive\offentligt\nwnx\release\nwnx_lua.exp
d:\media\skydrive\offentligt\nwnx\nwnx_lua\release\nwnx_lua.tlog\cl.command.1.tlog
d:\media\skydrive\offentligt\nwnx\nwnx_lua\release\nwnx_lua.tlog\cl.read.1.tlog
d:\media\skydrive\offentligt\nwnx\nwnx_lua\release\nwnx_lua.tlog\cl.write.1.tlog
d:\media\skydrive\offentligt\nwnx\nwnx_lua\release\nwnx_lua.tlog\link.command.1.tlog
d:\media\skydrive\offentligt\nwnx\nwnx_lua\release\nwnx_lua.tlog\link.read.1.tlog
d:\media\skydrive\offentligt\nwnx\nwnx_lua\release\nwnx_lua.tlog\link.write.1.tlog
d:\media\skydrive\offentligt\nwnx\nwnx_lua\release\nwnx_lua.tlog\nwnx_lua.write.1u.tlog
