d:\media\onedrive\offentligt\nwnx\nwnx_effects\release\vc120.pdb
d:\media\onedrive\offentligt\nwnx\nwnx_effects\release\cnwsarea.obj
d:\media\onedrive\offentligt\nwnx\nwnx_effects\release\cnwrules.obj
d:\media\onedrive\offentligt\nwnx\nwnx_effects\release\cnwmessage.obj
d:\media\onedrive\offentligt\nwnx\nwnx_effects\release\cnwclass.obj
d:\media\onedrive\offentligt\nwnx\nwnx_effects\release\cnwccmessagedata.obj
d:\media\onedrive\offentligt\nwnx\nwnx_effects\release\cnwbaseitemarray.obj
d:\media\onedrive\offentligt\nwnx\nwnx_effects\release\cnetlayer.obj
d:\media\onedrive\offentligt\nwnx\nwnx_effects\release\clastupdateobject.obj
d:\media\onedrive\offentligt\nwnx\nwnx_effects\release\citemrepository.obj
d:\media\onedrive\offentligt\nwnx\nwnx_effects\release\cgameobjectarray.obj
d:\media\onedrive\offentligt\nwnx\nwnx_effects\release\cgameeffect.obj
d:\media\onedrive\offentligt\nwnx\nwnx_effects\release\cfactionmanager.obj
d:\media\onedrive\offentligt\nwnx\nwnx_effects\release\cexostring.obj
d:\media\onedrive\offentligt\nwnx\nwnx_effects\release\cexoresman.obj
d:\media\onedrive\offentligt\nwnx\nwnx_effects\release\cexolocstring.obj
d:\media\onedrive\offentligt\nwnx\nwnx_effects\release\cexolinkedlist.obj
d:\media\onedrive\offentligt\nwnx\nwnx_effects\release\cautomap.obj
d:\media\onedrive\offentligt\nwnx\nwnx_effects\release\c2da.obj
d:\media\onedrive\offentligt\nwnx\nwnx_effects\release\nwnxbase.obj
d:\media\onedrive\offentligt\nwnx\nwnx_effects\release\inifile.obj
d:\media\onedrive\offentligt\nwnx\nwnx_effects\release\cnwsstore.obj
d:\media\onedrive\offentligt\nwnx\nwnx_effects\release\cnwsstats_level.obj
d:\media\onedrive\offentligt\nwnx\nwnx_effects\release\cnwsscriptvartable.obj
d:\media\onedrive\offentligt\nwnx\nwnx_effects\release\cnwsplayerturd.obj
d:\media\onedrive\offentligt\nwnx\nwnx_effects\release\cnwsplayercharsheetgui.obj
d:\media\onedrive\offentligt\nwnx\nwnx_effects\release\cnwsplayer.obj
d:\media\onedrive\offentligt\nwnx\nwnx_effects\release\cnwsplaceable.obj
d:\media\onedrive\offentligt\nwnx\nwnx_effects\release\cnwspellarray.obj
d:\media\onedrive\offentligt\nwnx\nwnx_effects\release\cnwsobject.obj
d:\media\onedrive\offentligt\nwnx\nwnx_effects\release\cnwsmodule.obj
d:\media\onedrive\offentligt\nwnx\nwnx_effects\release\cnwsmessage.obj
d:\media\onedrive\offentligt\nwnx\nwnx_effects\release\cnwsitem.obj
d:\media\onedrive\offentligt\nwnx\nwnx_effects\release\cnwsinventory.obj
d:\media\onedrive\offentligt\nwnx\nwnx_effects\release\cnwsfaction.obj
d:\media\onedrive\offentligt\nwnx\nwnx_effects\release\cnwsencounter.obj
d:\media\onedrive\offentligt\nwnx\nwnx_effects\release\cnwsdoor.obj
d:\media\onedrive\offentligt\nwnx\nwnx_effects\release\cnwscreaturestats.obj
d:\media\onedrive\offentligt\nwnx\nwnx_effects\release\cnwscreature.obj
d:\media\onedrive\offentligt\nwnx\nwnx_effects\release\cnwscombatround.obj
d:\media\onedrive\offentligt\nwnx\nwnx_effects\release\cnwsareaofeffectobject.obj
d:\media\onedrive\offentligt\nwnx\nwnx_effects\release\nwnx_memory.obj
d:\media\onedrive\offentligt\nwnx\nwnx_effects\release\nwnxeffects.obj
d:\media\onedrive\offentligt\nwnx\nwnx_effects\release\main.obj
d:\media\onedrive\offentligt\nwnx\nwnx_effects\release\_exostring.obj
d:\media\onedrive\offentligt\nwnx\nwnx_effects\release\nwn_internals.obj
d:\media\onedrive\offentligt\nwnx\nwnx_effects\release\cworldtimer.obj
d:\media\onedrive\offentligt\nwnx\nwnx_effects\release\cvirtualmachine.obj
d:\media\onedrive\offentligt\nwnx\nwnx_effects\release\ctwodimarrays.obj
d:\media\onedrive\offentligt\nwnx\nwnx_effects\release\ctlktable.obj
d:\media\onedrive\offentligt\nwnx\nwnx_effects\release\cserverexoappinternal.obj
d:\media\onedrive\offentligt\nwnx\nwnx_effects\release\cserverexoapp.obj
d:\media\onedrive\offentligt\nwnx\nwnx_effects\release\cserveraimaster.obj
d:\media\onedrive\offentligt\nwnx\nwnx_effects\release\cscriptevent.obj
d:\media\onedrive\offentligt\nwnx\nwnx_effects\release\cresref.obj
d:\media\onedrive\offentligt\nwnx\nwnx_effects\release\cresgff.obj
d:\media\onedrive\offentligt\nwnx\nwnx_effects\release\cnwtile.obj
d:\media\onedrive\offentligt\nwnx\nwnx_effects\release\cnwstrigger.obj
d:\media\onedrive\offentligt\nwnx\nwnx_effects\release\cnwstile.obj
d:\media\onedrive\offentligt\nwnx\release\nwnx_effects.dll
d:\media\onedrive\offentligt\nwnx\release\nwnx_effects.pdb
d:\media\onedrive\offentligt\nwnx\release\nwnx_effects.lib
d:\media\onedrive\offentligt\nwnx\release\nwnx_effects.exp
d:\media\onedrive\offentligt\nwnx\nwnx_effects\release\nwnx_effects.tlog\cl.command.1.tlog
d:\media\onedrive\offentligt\nwnx\nwnx_effects\release\nwnx_effects.tlog\cl.read.1.tlog
d:\media\onedrive\offentligt\nwnx\nwnx_effects\release\nwnx_effects.tlog\cl.write.1.tlog
d:\media\onedrive\offentligt\nwnx\nwnx_effects\release\nwnx_effects.tlog\link.command.1.tlog
d:\media\onedrive\offentligt\nwnx\nwnx_effects\release\nwnx_effects.tlog\link.read.1.tlog
d:\media\onedrive\offentligt\nwnx\nwnx_effects\release\nwnx_effects.tlog\link.write.1.tlog
d:\media\onedrive\offentligt\nwnx\nwnx_effects\release\nwnx_effects.tlog\nwnx_effects.write.1u.tlog
