d:\media\skydrive\offentligt\nwnx\nwnx_random\release\vc120.pdb
d:\media\skydrive\offentligt\nwnx\nwnx_random\release\randomorg.obj
d:\media\skydrive\offentligt\nwnx\nwnx_random\release\main.obj
d:\media\skydrive\offentligt\nwnx\nwnx_random\release\cnwnxrand.obj
d:\media\skydrive\offentligt\nwnx\nwnx_random\release\nwnxbase.obj
d:\media\skydrive\offentligt\nwnx\nwnx_random\release\inifile.obj
d:\media\skydrive\offentligt\nwnx\release\nwnx_random.dll
d:\media\skydrive\offentligt\nwnx\release\nwnx_random.pdb
d:\media\skydrive\offentligt\nwnx\release\nwnx_random.lib
d:\media\skydrive\offentligt\nwnx\release\nwnx_random.exp
d:\media\onedrive\offentligt\nwnx\nwnx_random\release\cnwnxrand.obj
d:\media\onedrive\offentligt\nwnx\nwnx_random\release\inifile.obj
d:\media\onedrive\offentligt\nwnx\nwnx_random\release\main.obj
d:\media\onedrive\offentligt\nwnx\nwnx_random\release\nwnxbase.obj
d:\media\onedrive\offentligt\nwnx\nwnx_random\release\randomorg.obj
d:\media\onedrive\offentligt\nwnx\nwnx_random\release\vc120.pdb
d:\media\onedrive\offentligt\nwnx\release\nwnx_random.pdb
d:\media\onedrive\offentligt\nwnx\release\nwnx_random.dll
d:\media\onedrive\offentligt\nwnx\nwnx_random\release\nwnx_random.tlog\cl.command.1.tlog
d:\media\onedrive\offentligt\nwnx\nwnx_random\release\nwnx_random.tlog\cl.read.1.tlog
d:\media\onedrive\offentligt\nwnx\nwnx_random\release\nwnx_random.tlog\cl.write.1.tlog
d:\media\onedrive\offentligt\nwnx\nwnx_random\release\nwnx_random.tlog\link.command.1.tlog
d:\media\onedrive\offentligt\nwnx\nwnx_random\release\nwnx_random.tlog\link.read.1.tlog
d:\media\onedrive\offentligt\nwnx\nwnx_random\release\nwnx_random.tlog\link.write.1.tlog
d:\media\onedrive\offentligt\nwnx\nwnx_random\release\nwnx_random.tlog\nwnx_random.write.1u.tlog
