Build started 2014-04-24 10:36:16.
     1>Project "D:\Media\Skydrive\Offentligt\nwnx\nwnx_random\nwnx_random.vcxproj" on node 2 (Rebuild target(s)).
     1>ClCompile:
         D:\Program Files (x86)\Microsoft Visual Studio 12.0\VC\bin\CL.exe /c /Zi /nologo /W3 /WX- /sdl /O2 /Oi /Oy- /GL /D _WINDLL /D _MBCS /Gm- /EHsc /MT /GS /Gy /fp:precise /Zc:wchar_t /Zc:forScope /Fo"Release\\" /Fd"Release\vc120.pdb" /Gd /TP /analyze- /errorReport:prompt ..\NWNXdll\IniFile.cpp ..\NWNXdll\NWNXBase.cpp CNWNXRand.cpp main.cpp RandomOrg.cpp
         IniFile.cpp
         NWNXBase.cpp
         CNWNXRand.cpp
         main.cpp
         RandomOrg.cpp
     1>RandomOrg.cpp(7): warning C4244: 'argument' : conversion from 'time_t' to 'unsigned int', possible loss of data
     1>RandomOrg.cpp(536): warning C4244: 'argument' : conversion from 'time_t' to 'unsigned int', possible loss of data
       Link:
         D:\Program Files (x86)\Microsoft Visual Studio 12.0\VC\bin\link.exe /ERRORREPORT:PROMPT /OUT:"D:\Media\Skydrive\Offentligt\nwnx\Release\nwnx_random.dll" /NOLOGO kernel32.lib user32.lib gdi32.lib winspool.lib comdlg32.lib advapi32.lib shell32.lib ole32.lib oleaut32.lib uuid.lib odbc32.lib odbccp32.lib /MANIFEST /MANIFESTUAC:"level='asInvoker' uiAccess='false'" /manifest:embed /DEBUG /PDB:"D:\Media\Skydrive\Offentligt\nwnx\Release\nwnx_random.pdb" /OPT:REF /OPT:ICF /LTCG /TLBID:1 /DYNAMICBASE /NXCOMPAT /IMPLIB:"D:\Media\Skydrive\Offentligt\nwnx\Release\nwnx_random.lib" /MACHINE:X86 /SAFESEH /DLL Release\IniFile.obj
         Release\NWNXBase.obj
         Release\CNWNXRand.obj
         Release\main.obj
         Release\RandomOrg.obj
            Creating library D:\Media\Skydrive\Offentligt\nwnx\Release\nwnx_random.lib and object D:\Media\Skydrive\Offentligt\nwnx\Release\nwnx_random.exp
         Generating code
         Finished generating code
         nwnx_random.vcxproj -> D:\Media\Skydrive\Offentligt\nwnx\Release\nwnx_random.dll
     1>Done Building Project "D:\Media\Skydrive\Offentligt\nwnx\nwnx_random\nwnx_random.vcxproj" (Rebuild target(s)).

Build succeeded.

Time Elapsed 00:00:02.67
