Build started 2013-09-20 03:49:23.
     1>Project "\\terrahnet\Terra\nwnx\nwnx_effects\nwnx_effects.vcxproj" on node 2 (Build target(s)).
     1>Link:
         D:\Program Files (x86)\Microsoft Visual Studio 11.0\VC\bin\link.exe /ERRORREPORT:PROMPT /OUT:"\\terrahnet\Terra\nwnx\Debug\nwnx_effects.dll" /INCREMENTAL /NOLOGO kernel32.lib user32.lib gdi32.lib winspool.lib comdlg32.lib advapi32.lib shell32.lib ole32.lib oleaut32.lib uuid.lib odbc32.lib odbccp32.lib /MANIFEST /MANIFESTUAC:"level='asInvoker' uiAccess='false'" /manifest:embed /DEBUG /PDB:"\\terrahnet\Terra\nwnx\Debug\nwnx_effects.pdb" /TLBID:1 /DYNAMICBASE /NXCOMPAT /IMPLIB:"\\terrahnet\Terra\nwnx\Debug\nwnx_effects.lib" /MACHINE:X86 /DLL Debug\IniFile.obj
         Debug\NWNXBase.obj
         Debug\C2DA.obj
         Debug\CAutoMap.obj
         Debug\CExoLinkedList.obj
         Debug\CExoLocString.obj
         Debug\CExoResMan.obj
         Debug\CExoString.obj
         Debug\CFactionManager.obj
         Debug\CGameEffect.obj
         Debug\CGameObjectArray.obj
         Debug\CItemRepository.obj
         Debug\CLastUpdateObject.obj
         Debug\CNetLayer.obj
         Debug\CNWBaseItemArray.obj
         Debug\CNWCCMessageData.obj
         Debug\CNWClass.obj
         Debug\CNWMessage.obj
         Debug\CNWRules.obj
         Debug\CNWSArea.obj
         Debug\CNWSAreaOfEffectObject.obj
         Debug\CNWSCombatRound.obj
         Debug\CNWSCreature.obj
         Debug\CNWSCreatureStats.obj
         Debug\CNWSDoor.obj
         Debug\CNWSEncounter.obj
         Debug\CNWSFaction.obj
         Debug\CNWSInventory.obj
         Debug\CNWSItem.obj
         Debug\CNWSMessage.obj
         Debug\CNWSModule.obj
         Debug\CNWSObject.obj
         Debug\CNWSpellArray.obj
         Debug\CNWSPlaceable.obj
         Debug\CNWSPlayer.obj
         Debug\CNWSPlayerCharSheetGUI.obj
         Debug\CNWSplayerTURD.obj
         Debug\CNWSScriptVarTable.obj
         Debug\CNWSStats_Level.obj
         Debug\CNWSStore.obj
         Debug\CNWSTile.obj
         Debug\CNWSTrigger.obj
         Debug\CNWTile.obj
         Debug\CResGFF.obj
         Debug\CResRef.obj
         Debug\CScriptEvent.obj
         Debug\CServerAIMaster.obj
         Debug\CServerExoApp.obj
         Debug\CServerExoAppInternal.obj
         Debug\CTlkTable.obj
         Debug\CTwoDimArrays.obj
         Debug\CVirtualMachine.obj
         Debug\CWorldTimer.obj
         Debug\nwnx_memory.obj
         Debug\nwn_internals.obj
         Debug\_ExoString.obj
         Debug\main.obj
         Debug\NWNXEffects.obj
         Debug\nwnx_memory.obj
     1>Debug\nwnx_memory.obj : warning LNK4042: object specified more than once; extras ignored
            Creating library \\terrahnet\Terra\nwnx\Debug\nwnx_effects.lib and object \\terrahnet\Terra\nwnx\Debug\nwnx_effects.exp
         nwnx_effects.vcxproj -> \\terrahnet\Terra\nwnx\Debug\nwnx_effects.dll
     1>Done Building Project "\\terrahnet\Terra\nwnx\nwnx_effects\nwnx_effects.vcxproj" (Build target(s)).

Build succeeded.

Time Elapsed 00:00:04.03
