\\WIN-KFA83IN6U8N\TERRA\NWNX\NWNX_MINIPATCH\RELEASE\CNWSAREA.OBJ
\\WIN-KFA83IN6U8N\TERRA\NWNX\NWNX_MINIPATCH\RELEASE\CNWRULES.OBJ
\\WIN-KFA83IN6U8N\TERRA\NWNX\NWNX_MINIPATCH\RELEASE\CNWMESSAGE.OBJ
\\WIN-KFA83IN6U8N\TERRA\NWNX\NWNX_MINIPATCH\RELEASE\CNWCLASS.OBJ
\\WIN-KFA83IN6U8N\TERRA\NWNX\NWNX_MINIPATCH\RELEASE\CNWCCMESSAGEDATA.OBJ
\\WIN-KFA83IN6U8N\TERRA\NWNX\NWNX_MINIPATCH\RELEASE\CNWBASEITEMARRAY.OBJ
\\WIN-KFA83IN6U8N\TERRA\NWNX\NWNX_MINIPATCH\RELEASE\CNETLAYER.OBJ
\\WIN-KFA83IN6U8N\TERRA\NWNX\NWNX_MINIPATCH\RELEASE\CLASTUPDATEOBJECT.OBJ
\\WIN-KFA83IN6U8N\TERRA\NWNX\NWNX_MINIPATCH\RELEASE\CITEMREPOSITORY.OBJ
\\WIN-KFA83IN6U8N\TERRA\NWNX\NWNX_MINIPATCH\RELEASE\CGAMEOBJECTARRAY.OBJ
\\WIN-KFA83IN6U8N\TERRA\NWNX\NWNX_MINIPATCH\RELEASE\CGAMEEFFECT.OBJ
\\WIN-KFA83IN6U8N\TERRA\NWNX\NWNX_MINIPATCH\RELEASE\CFACTIONMANAGER.OBJ
\\WIN-KFA83IN6U8N\TERRA\NWNX\NWNX_MINIPATCH\RELEASE\CEXOSTRING.OBJ
\\WIN-KFA83IN6U8N\TERRA\NWNX\NWNX_MINIPATCH\RELEASE\CEXORESMAN.OBJ
\\WIN-KFA83IN6U8N\TERRA\NWNX\NWNX_MINIPATCH\RELEASE\CEXOLOCSTRING.OBJ
\\WIN-KFA83IN6U8N\TERRA\NWNX\NWNX_MINIPATCH\RELEASE\CEXOLINKEDLIST.OBJ
\\WIN-KFA83IN6U8N\TERRA\NWNX\NWNX_MINIPATCH\RELEASE\CAUTOMAP.OBJ
\\WIN-KFA83IN6U8N\TERRA\NWNX\NWNX_MINIPATCH\RELEASE\C2DA.OBJ
\\WIN-KFA83IN6U8N\TERRA\NWNX\NWNX_MINIPATCH\RELEASE\NWNXBASE.OBJ
\\WIN-KFA83IN6U8N\TERRA\NWNX\NWNX_MINIPATCH\RELEASE\INIFILE.OBJ
\\WIN-KFA83IN6U8N\TERRA\NWNX\NWNX_MINIPATCH\RELEASE\CNWSSTORE.OBJ
\\WIN-KFA83IN6U8N\TERRA\NWNX\NWNX_MINIPATCH\RELEASE\CNWSSTATS_LEVEL.OBJ
\\WIN-KFA83IN6U8N\TERRA\NWNX\NWNX_MINIPATCH\RELEASE\CNWSSCRIPTVARTABLE.OBJ
\\WIN-KFA83IN6U8N\TERRA\NWNX\NWNX_MINIPATCH\RELEASE\CNWSPLAYERTURD.OBJ
\\WIN-KFA83IN6U8N\TERRA\NWNX\NWNX_MINIPATCH\RELEASE\CNWSPLAYERCHARSHEETGUI.OBJ
\\WIN-KFA83IN6U8N\TERRA\NWNX\NWNX_MINIPATCH\RELEASE\CNWSPLAYER.OBJ
\\WIN-KFA83IN6U8N\TERRA\NWNX\NWNX_MINIPATCH\RELEASE\CNWSPLACEABLE.OBJ
\\WIN-KFA83IN6U8N\TERRA\NWNX\NWNX_MINIPATCH\RELEASE\CNWSPELLARRAY.OBJ
\\WIN-KFA83IN6U8N\TERRA\NWNX\NWNX_MINIPATCH\RELEASE\CNWSOBJECT.OBJ
\\WIN-KFA83IN6U8N\TERRA\NWNX\NWNX_MINIPATCH\RELEASE\CNWSMODULE.OBJ
\\WIN-KFA83IN6U8N\TERRA\NWNX\NWNX_MINIPATCH\RELEASE\CNWSMESSAGE.OBJ
\\WIN-KFA83IN6U8N\TERRA\NWNX\NWNX_MINIPATCH\RELEASE\CNWSITEM.OBJ
\\WIN-KFA83IN6U8N\TERRA\NWNX\NWNX_MINIPATCH\RELEASE\CNWSINVENTORY.OBJ
\\WIN-KFA83IN6U8N\TERRA\NWNX\NWNX_MINIPATCH\RELEASE\CNWSFACTION.OBJ
\\WIN-KFA83IN6U8N\TERRA\NWNX\NWNX_MINIPATCH\RELEASE\CNWSENCOUNTER.OBJ
\\WIN-KFA83IN6U8N\TERRA\NWNX\NWNX_MINIPATCH\RELEASE\CNWSDOOR.OBJ
\\WIN-KFA83IN6U8N\TERRA\NWNX\NWNX_MINIPATCH\RELEASE\CNWSCREATURESTATS.OBJ
\\WIN-KFA83IN6U8N\TERRA\NWNX\NWNX_MINIPATCH\RELEASE\CNWSCREATURE.OBJ
\\WIN-KFA83IN6U8N\TERRA\NWNX\NWNX_MINIPATCH\RELEASE\CNWSCOMBATROUND.OBJ
\\WIN-KFA83IN6U8N\TERRA\NWNX\NWNX_MINIPATCH\RELEASE\CNWSAREAOFEFFECTOBJECT.OBJ
\\WIN-KFA83IN6U8N\TERRA\NWNX\NWNX_MINIPATCH\RELEASE\NWNXMINIPATCH.OBJ
\\WIN-KFA83IN6U8N\TERRA\NWNX\NWNX_MINIPATCH\RELEASE\MAIN.OBJ
\\WIN-KFA83IN6U8N\TERRA\NWNX\NWNX_MINIPATCH\RELEASE\_EXOSTRING.OBJ
\\WIN-KFA83IN6U8N\TERRA\NWNX\NWNX_MINIPATCH\RELEASE\NWN_INTERNALS.OBJ
\\WIN-KFA83IN6U8N\TERRA\NWNX\NWNX_MINIPATCH\RELEASE\NWNX_MEMORY.OBJ
\\WIN-KFA83IN6U8N\TERRA\NWNX\NWNX_MINIPATCH\RELEASE\CWORLDTIMER.OBJ
\\WIN-KFA83IN6U8N\TERRA\NWNX\NWNX_MINIPATCH\RELEASE\CVIRTUALMACHINE.OBJ
\\WIN-KFA83IN6U8N\TERRA\NWNX\NWNX_MINIPATCH\RELEASE\CTWODIMARRAYS.OBJ
\\WIN-KFA83IN6U8N\TERRA\NWNX\NWNX_MINIPATCH\RELEASE\CTLKTABLE.OBJ
\\WIN-KFA83IN6U8N\TERRA\NWNX\NWNX_MINIPATCH\RELEASE\CSERVEREXOAPPINTERNAL.OBJ
\\WIN-KFA83IN6U8N\TERRA\NWNX\NWNX_MINIPATCH\RELEASE\CSERVEREXOAPP.OBJ
\\WIN-KFA83IN6U8N\TERRA\NWNX\NWNX_MINIPATCH\RELEASE\CSERVERAIMASTER.OBJ
\\WIN-KFA83IN6U8N\TERRA\NWNX\NWNX_MINIPATCH\RELEASE\CSCRIPTEVENT.OBJ
\\WIN-KFA83IN6U8N\TERRA\NWNX\NWNX_MINIPATCH\RELEASE\CRESREF.OBJ
\\WIN-KFA83IN6U8N\TERRA\NWNX\NWNX_MINIPATCH\RELEASE\CRESGFF.OBJ
\\WIN-KFA83IN6U8N\TERRA\NWNX\NWNX_MINIPATCH\RELEASE\CNWTILE.OBJ
\\WIN-KFA83IN6U8N\TERRA\NWNX\NWNX_MINIPATCH\RELEASE\CNWSTRIGGER.OBJ
\\WIN-KFA83IN6U8N\TERRA\NWNX\NWNX_MINIPATCH\RELEASE\CNWSTILE.OBJ
\\WIN-KFA83IN6U8N\TERRA\NWNX\NWNX_MINIPATCH\RELEASE\VC110.PDB
\\WIN-KFA83IN6U8N\TERRA\NWNX\RELEASE\NWNX_MINIPATCH.DLL
\\WIN-KFA83IN6U8N\TERRA\NWNX\RELEASE\NWNX_MINIPATCH.PDB
\\WIN-KFA83IN6U8N\Terra\nwnx\Release\nwnx_minipatch.lib
\\WIN-KFA83IN6U8N\Terra\nwnx\Release\nwnx_minipatch.exp
\\terrahnet\Terra\nwnx\nwnx_minipatch\Release\C2DA.obj
\\terrahnet\Terra\nwnx\nwnx_minipatch\Release\CAutoMap.obj
\\terrahnet\Terra\nwnx\nwnx_minipatch\Release\CExoLinkedList.obj
\\terrahnet\Terra\nwnx\nwnx_minipatch\Release\CExoLocString.obj
\\terrahnet\Terra\nwnx\nwnx_minipatch\Release\CExoResMan.obj
\\terrahnet\Terra\nwnx\nwnx_minipatch\Release\CExoString.obj
\\terrahnet\Terra\nwnx\nwnx_minipatch\Release\CFactionManager.obj
\\terrahnet\Terra\nwnx\nwnx_minipatch\Release\CGameEffect.obj
\\terrahnet\Terra\nwnx\nwnx_minipatch\Release\CGameObjectArray.obj
\\terrahnet\Terra\nwnx\nwnx_minipatch\Release\CItemRepository.obj
\\terrahnet\Terra\nwnx\nwnx_minipatch\Release\CLastUpdateObject.obj
\\terrahnet\Terra\nwnx\nwnx_minipatch\Release\CNetLayer.obj
\\terrahnet\Terra\nwnx\nwnx_minipatch\Release\CNWBaseItemArray.obj
\\terrahnet\Terra\nwnx\nwnx_minipatch\Release\CNWCCMessageData.obj
\\terrahnet\Terra\nwnx\nwnx_minipatch\Release\CNWClass.obj
\\terrahnet\Terra\nwnx\nwnx_minipatch\Release\CNWMessage.obj
\\terrahnet\Terra\nwnx\nwnx_minipatch\Release\CNWRules.obj
\\terrahnet\Terra\nwnx\nwnx_minipatch\Release\CNWSArea.obj
\\terrahnet\Terra\nwnx\nwnx_minipatch\Release\CNWSAreaOfEffectObject.obj
\\terrahnet\Terra\nwnx\nwnx_minipatch\Release\CNWSCombatRound.obj
\\terrahnet\Terra\nwnx\nwnx_minipatch\Release\CNWSCreature.obj
\\terrahnet\Terra\nwnx\nwnx_minipatch\Release\CNWSCreatureStats.obj
\\terrahnet\Terra\nwnx\nwnx_minipatch\Release\CNWSDoor.obj
\\terrahnet\Terra\nwnx\nwnx_minipatch\Release\CNWSEncounter.obj
\\terrahnet\Terra\nwnx\nwnx_minipatch\Release\CNWSFaction.obj
\\terrahnet\Terra\nwnx\nwnx_minipatch\Release\CNWSInventory.obj
\\terrahnet\Terra\nwnx\nwnx_minipatch\Release\CNWSItem.obj
\\terrahnet\Terra\nwnx\nwnx_minipatch\Release\CNWSMessage.obj
\\terrahnet\Terra\nwnx\nwnx_minipatch\Release\CNWSModule.obj
\\terrahnet\Terra\nwnx\nwnx_minipatch\Release\CNWSObject.obj
\\terrahnet\Terra\nwnx\nwnx_minipatch\Release\CNWSpellArray.obj
\\terrahnet\Terra\nwnx\nwnx_minipatch\Release\CNWSPlaceable.obj
\\terrahnet\Terra\nwnx\nwnx_minipatch\Release\CNWSPlayer.obj
\\terrahnet\Terra\nwnx\nwnx_minipatch\Release\CNWSPlayerCharSheetGUI.obj
\\terrahnet\Terra\nwnx\nwnx_minipatch\Release\CNWSplayerTURD.obj
\\terrahnet\Terra\nwnx\nwnx_minipatch\Release\CNWSScriptVarTable.obj
\\terrahnet\Terra\nwnx\nwnx_minipatch\Release\CNWSStats_Level.obj
\\terrahnet\Terra\nwnx\nwnx_minipatch\Release\CNWSStore.obj
\\terrahnet\Terra\nwnx\nwnx_minipatch\Release\CNWSTile.obj
\\terrahnet\Terra\nwnx\nwnx_minipatch\Release\CNWSTrigger.obj
\\terrahnet\Terra\nwnx\nwnx_minipatch\Release\CNWTile.obj
\\terrahnet\Terra\nwnx\nwnx_minipatch\Release\CResGFF.obj
\\terrahnet\Terra\nwnx\nwnx_minipatch\Release\CResRef.obj
\\terrahnet\Terra\nwnx\nwnx_minipatch\Release\CScriptEvent.obj
\\terrahnet\Terra\nwnx\nwnx_minipatch\Release\CServerAIMaster.obj
\\terrahnet\Terra\nwnx\nwnx_minipatch\Release\CServerExoApp.obj
\\terrahnet\Terra\nwnx\nwnx_minipatch\Release\CServerExoAppInternal.obj
\\terrahnet\Terra\nwnx\nwnx_minipatch\Release\CTlkTable.obj
\\terrahnet\Terra\nwnx\nwnx_minipatch\Release\CTwoDimArrays.obj
\\terrahnet\Terra\nwnx\nwnx_minipatch\Release\CVirtualMachine.obj
\\terrahnet\Terra\nwnx\nwnx_minipatch\Release\CWorldTimer.obj
\\terrahnet\Terra\nwnx\nwnx_minipatch\Release\IniFile.obj
\\terrahnet\Terra\nwnx\nwnx_minipatch\Release\main.obj
\\terrahnet\Terra\nwnx\nwnx_minipatch\Release\NWNXBase.obj
\\terrahnet\Terra\nwnx\nwnx_minipatch\Release\NWNXMinipatch.obj
\\terrahnet\Terra\nwnx\nwnx_minipatch\Release\nwnx_memory.obj
\\terrahnet\Terra\nwnx\nwnx_minipatch\Release\nwn_internals.obj
\\terrahnet\Terra\nwnx\nwnx_minipatch\Release\_ExoString.obj
\\terrahnet\Terra\nwnx\nwnx_minipatch\Release\cl.command.1.tlog
\\terrahnet\Terra\nwnx\nwnx_minipatch\Release\CL.read.1.tlog
\\terrahnet\Terra\nwnx\nwnx_minipatch\Release\CL.write.1.tlog
\\terrahnet\Terra\nwnx\nwnx_minipatch\Release\link-cvtres.read.1.tlog
\\terrahnet\Terra\nwnx\nwnx_minipatch\Release\link-cvtres.write.1.tlog
\\terrahnet\Terra\nwnx\nwnx_minipatch\Release\link-rc.read.1.tlog
\\terrahnet\Terra\nwnx\nwnx_minipatch\Release\link-rc.write.1.tlog
\\terrahnet\Terra\nwnx\nwnx_minipatch\Release\link.command.1.tlog
\\terrahnet\Terra\nwnx\nwnx_minipatch\Release\link.read.1.tlog
\\terrahnet\Terra\nwnx\nwnx_minipatch\Release\link.write.1.tlog
\\terrahnet\Terra\nwnx\nwnx_minipatch\Release\nwnx_minipatch.write.1.tlog
\\terrahnet\Terra\nwnx\nwnx_minipatch\Release\vc110.pdb
\\terrahnet\Terra\nwnx\Release\nwnx_minipatch.pdb
\\terrahnet\Terra\nwnx\Release\nwnx_minipatch.dll
