\\terrahnet\terra\nwnx\nwnx_polymorph\release\cnwsarea.obj
\\terrahnet\terra\nwnx\nwnx_polymorph\release\cnwrules.obj
\\terrahnet\terra\nwnx\nwnx_polymorph\release\cnwmessage.obj
\\terrahnet\terra\nwnx\nwnx_polymorph\release\cnwclass.obj
\\terrahnet\terra\nwnx\nwnx_polymorph\release\cnwccmessagedata.obj
\\terrahnet\terra\nwnx\nwnx_polymorph\release\cnwbaseitemarray.obj
\\terrahnet\terra\nwnx\nwnx_polymorph\release\cnetlayer.obj
\\terrahnet\terra\nwnx\nwnx_polymorph\release\clastupdateobject.obj
\\terrahnet\terra\nwnx\nwnx_polymorph\release\citemrepository.obj
\\terrahnet\terra\nwnx\nwnx_polymorph\release\cgameobjectarray.obj
\\terrahnet\terra\nwnx\nwnx_polymorph\release\cgameeffect.obj
\\terrahnet\terra\nwnx\nwnx_polymorph\release\cfactionmanager.obj
\\terrahnet\terra\nwnx\nwnx_polymorph\release\cexostring.obj
\\terrahnet\terra\nwnx\nwnx_polymorph\release\cexoresman.obj
\\terrahnet\terra\nwnx\nwnx_polymorph\release\cexolocstring.obj
\\terrahnet\terra\nwnx\nwnx_polymorph\release\cexolinkedlist.obj
\\terrahnet\terra\nwnx\nwnx_polymorph\release\cautomap.obj
\\terrahnet\terra\nwnx\nwnx_polymorph\release\c2da.obj
\\terrahnet\terra\nwnx\nwnx_polymorph\release\nwnxbase.obj
\\terrahnet\terra\nwnx\nwnx_polymorph\release\inifile.obj
\\terrahnet\terra\nwnx\nwnx_polymorph\release\cnwsstore.obj
\\terrahnet\terra\nwnx\nwnx_polymorph\release\cnwsstats_level.obj
\\terrahnet\terra\nwnx\nwnx_polymorph\release\cnwsscriptvartable.obj
\\terrahnet\terra\nwnx\nwnx_polymorph\release\cnwsplayerturd.obj
\\terrahnet\terra\nwnx\nwnx_polymorph\release\cnwsplayercharsheetgui.obj
\\terrahnet\terra\nwnx\nwnx_polymorph\release\cnwsplayer.obj
\\terrahnet\terra\nwnx\nwnx_polymorph\release\cnwsplaceable.obj
\\terrahnet\terra\nwnx\nwnx_polymorph\release\cnwspellarray.obj
\\terrahnet\terra\nwnx\nwnx_polymorph\release\cnwsobject.obj
\\terrahnet\terra\nwnx\nwnx_polymorph\release\cnwsmodule.obj
\\terrahnet\terra\nwnx\nwnx_polymorph\release\cnwsmessage.obj
\\terrahnet\terra\nwnx\nwnx_polymorph\release\cnwsitem.obj
\\terrahnet\terra\nwnx\nwnx_polymorph\release\cnwsinventory.obj
\\terrahnet\terra\nwnx\nwnx_polymorph\release\cnwsfaction.obj
\\terrahnet\terra\nwnx\nwnx_polymorph\release\cnwsencounter.obj
\\terrahnet\terra\nwnx\nwnx_polymorph\release\cnwsdoor.obj
\\terrahnet\terra\nwnx\nwnx_polymorph\release\cnwscreaturestats.obj
\\terrahnet\terra\nwnx\nwnx_polymorph\release\cnwscreature.obj
\\terrahnet\terra\nwnx\nwnx_polymorph\release\cnwscombatround.obj
\\terrahnet\terra\nwnx\nwnx_polymorph\release\cnwsareaofeffectobject.obj
\\terrahnet\terra\nwnx\nwnx_polymorph\release\main.obj
\\terrahnet\terra\nwnx\nwnx_polymorph\release\cnwnxpoly.obj
\\terrahnet\terra\nwnx\nwnx_polymorph\release\_exostring.obj
\\terrahnet\terra\nwnx\nwnx_polymorph\release\nwn_internals.obj
\\terrahnet\terra\nwnx\nwnx_polymorph\release\nwnx_memory.obj
\\terrahnet\terra\nwnx\nwnx_polymorph\release\cworldtimer.obj
\\terrahnet\terra\nwnx\nwnx_polymorph\release\cvirtualmachine.obj
\\terrahnet\terra\nwnx\nwnx_polymorph\release\ctwodimarrays.obj
\\terrahnet\terra\nwnx\nwnx_polymorph\release\ctlktable.obj
\\terrahnet\terra\nwnx\nwnx_polymorph\release\cserverexoappinternal.obj
\\terrahnet\terra\nwnx\nwnx_polymorph\release\cserverexoapp.obj
\\terrahnet\terra\nwnx\nwnx_polymorph\release\cserveraimaster.obj
\\terrahnet\terra\nwnx\nwnx_polymorph\release\cscriptevent.obj
\\terrahnet\terra\nwnx\nwnx_polymorph\release\cresref.obj
\\terrahnet\terra\nwnx\nwnx_polymorph\release\cresgff.obj
\\terrahnet\terra\nwnx\nwnx_polymorph\release\cnwtile.obj
\\terrahnet\terra\nwnx\nwnx_polymorph\release\cnwstrigger.obj
\\terrahnet\terra\nwnx\nwnx_polymorph\release\cnwstile.obj
\\terrahnet\terra\nwnx\nwnx_polymorph\release\vc110.pdb
\\terrahnet\terra\nwnx\release\nwnx_polymorph.dll
\\terrahnet\terra\nwnx\release\nwnx_polymorph.pdb
\\terrahnet\terra\nwnx\release\nwnx_polymorph.lib
\\terrahnet\terra\nwnx\release\nwnx_polymorph.exp
d:\media\onedrive\offentligt\nwnx\nwnx_polymorph\release\c2da.obj
d:\media\onedrive\offentligt\nwnx\nwnx_polymorph\release\cautomap.obj
d:\media\onedrive\offentligt\nwnx\nwnx_polymorph\release\cexolinkedlist.obj
d:\media\onedrive\offentligt\nwnx\nwnx_polymorph\release\cexolocstring.obj
d:\media\onedrive\offentligt\nwnx\nwnx_polymorph\release\cexoresman.obj
d:\media\onedrive\offentligt\nwnx\nwnx_polymorph\release\cexostring.obj
d:\media\onedrive\offentligt\nwnx\nwnx_polymorph\release\cfactionmanager.obj
d:\media\onedrive\offentligt\nwnx\nwnx_polymorph\release\cgameeffect.obj
d:\media\onedrive\offentligt\nwnx\nwnx_polymorph\release\cgameobjectarray.obj
d:\media\onedrive\offentligt\nwnx\nwnx_polymorph\release\citemrepository.obj
d:\media\onedrive\offentligt\nwnx\nwnx_polymorph\release\clastupdateobject.obj
d:\media\onedrive\offentligt\nwnx\nwnx_polymorph\release\cnetlayer.obj
d:\media\onedrive\offentligt\nwnx\nwnx_polymorph\release\cnwbaseitemarray.obj
d:\media\onedrive\offentligt\nwnx\nwnx_polymorph\release\cnwccmessagedata.obj
d:\media\onedrive\offentligt\nwnx\nwnx_polymorph\release\cnwclass.obj
d:\media\onedrive\offentligt\nwnx\nwnx_polymorph\release\cnwmessage.obj
d:\media\onedrive\offentligt\nwnx\nwnx_polymorph\release\cnwnxpoly.obj
d:\media\onedrive\offentligt\nwnx\nwnx_polymorph\release\cnwrules.obj
d:\media\onedrive\offentligt\nwnx\nwnx_polymorph\release\cnwsarea.obj
d:\media\onedrive\offentligt\nwnx\nwnx_polymorph\release\cnwsareaofeffectobject.obj
d:\media\onedrive\offentligt\nwnx\nwnx_polymorph\release\cnwscombatround.obj
d:\media\onedrive\offentligt\nwnx\nwnx_polymorph\release\cnwscreature.obj
d:\media\onedrive\offentligt\nwnx\nwnx_polymorph\release\cnwscreaturestats.obj
d:\media\onedrive\offentligt\nwnx\nwnx_polymorph\release\cnwsdoor.obj
d:\media\onedrive\offentligt\nwnx\nwnx_polymorph\release\cnwsencounter.obj
d:\media\onedrive\offentligt\nwnx\nwnx_polymorph\release\cnwsfaction.obj
d:\media\onedrive\offentligt\nwnx\nwnx_polymorph\release\cnwsinventory.obj
d:\media\onedrive\offentligt\nwnx\nwnx_polymorph\release\cnwsitem.obj
d:\media\onedrive\offentligt\nwnx\nwnx_polymorph\release\cnwsmessage.obj
d:\media\onedrive\offentligt\nwnx\nwnx_polymorph\release\cnwsmodule.obj
d:\media\onedrive\offentligt\nwnx\nwnx_polymorph\release\cnwsobject.obj
d:\media\onedrive\offentligt\nwnx\nwnx_polymorph\release\cnwspellarray.obj
d:\media\onedrive\offentligt\nwnx\nwnx_polymorph\release\cnwsplaceable.obj
d:\media\onedrive\offentligt\nwnx\nwnx_polymorph\release\cnwsplayer.obj
d:\media\onedrive\offentligt\nwnx\nwnx_polymorph\release\cnwsplayercharsheetgui.obj
d:\media\onedrive\offentligt\nwnx\nwnx_polymorph\release\cnwsplayerturd.obj
d:\media\onedrive\offentligt\nwnx\nwnx_polymorph\release\cnwsscriptvartable.obj
d:\media\onedrive\offentligt\nwnx\nwnx_polymorph\release\cnwsstats_level.obj
d:\media\onedrive\offentligt\nwnx\nwnx_polymorph\release\cnwsstore.obj
d:\media\onedrive\offentligt\nwnx\nwnx_polymorph\release\cnwstile.obj
d:\media\onedrive\offentligt\nwnx\nwnx_polymorph\release\cnwstrigger.obj
d:\media\onedrive\offentligt\nwnx\nwnx_polymorph\release\cnwtile.obj
d:\media\onedrive\offentligt\nwnx\nwnx_polymorph\release\cresgff.obj
d:\media\onedrive\offentligt\nwnx\nwnx_polymorph\release\cresref.obj
d:\media\onedrive\offentligt\nwnx\nwnx_polymorph\release\cscriptevent.obj
d:\media\onedrive\offentligt\nwnx\nwnx_polymorph\release\cserveraimaster.obj
d:\media\onedrive\offentligt\nwnx\nwnx_polymorph\release\cserverexoapp.obj
d:\media\onedrive\offentligt\nwnx\nwnx_polymorph\release\cserverexoappinternal.obj
d:\media\onedrive\offentligt\nwnx\nwnx_polymorph\release\ctlktable.obj
d:\media\onedrive\offentligt\nwnx\nwnx_polymorph\release\ctwodimarrays.obj
d:\media\onedrive\offentligt\nwnx\nwnx_polymorph\release\cvirtualmachine.obj
d:\media\onedrive\offentligt\nwnx\nwnx_polymorph\release\cworldtimer.obj
d:\media\onedrive\offentligt\nwnx\nwnx_polymorph\release\inifile.obj
d:\media\onedrive\offentligt\nwnx\nwnx_polymorph\release\main.obj
d:\media\onedrive\offentligt\nwnx\nwnx_polymorph\release\nwnxbase.obj
d:\media\onedrive\offentligt\nwnx\nwnx_polymorph\release\nwnx_memory.obj
d:\media\onedrive\offentligt\nwnx\nwnx_polymorph\release\nwn_internals.obj
d:\media\onedrive\offentligt\nwnx\nwnx_polymorph\release\_exostring.obj
d:\media\onedrive\offentligt\nwnx\nwnx_polymorph\release\cl.command.1.tlog
d:\media\onedrive\offentligt\nwnx\nwnx_polymorph\release\cl.read.1.tlog
d:\media\onedrive\offentligt\nwnx\nwnx_polymorph\release\cl.write.1.tlog
d:\media\onedrive\offentligt\nwnx\nwnx_polymorph\release\link-cvtres.read.1.tlog
d:\media\onedrive\offentligt\nwnx\nwnx_polymorph\release\link-cvtres.write.1.tlog
d:\media\onedrive\offentligt\nwnx\nwnx_polymorph\release\link-rc.read.1.tlog
d:\media\onedrive\offentligt\nwnx\nwnx_polymorph\release\link-rc.write.1.tlog
d:\media\onedrive\offentligt\nwnx\nwnx_polymorph\release\link.command.1.tlog
d:\media\onedrive\offentligt\nwnx\nwnx_polymorph\release\link.read.1.tlog
d:\media\onedrive\offentligt\nwnx\nwnx_polymorph\release\link.write.1.tlog
d:\media\onedrive\offentligt\nwnx\nwnx_polymorph\release\nwnx_polymorph.write.1.tlog
d:\media\onedrive\offentligt\nwnx\nwnx_polymorph\release\vc110.pdb
d:\media\onedrive\offentligt\nwnx\release\nwnx_polymorph.pdb
d:\media\onedrive\offentligt\nwnx\release\nwnx_polymorph.dll
