\\TERRAHNET\TERRA\NWNX\NWNX_WEAPONS\RELEASE\CNWCCMESSAGEDATA.OBJ
\\TERRAHNET\TERRA\NWNX\NWNX_WEAPONS\RELEASE\CNWBASEITEMARRAY.OBJ
\\TERRAHNET\TERRA\NWNX\NWNX_WEAPONS\RELEASE\CNETLAYER.OBJ
\\TERRAHNET\TERRA\NWNX\NWNX_WEAPONS\RELEASE\CLASTUPDATEOBJECT.OBJ
\\TERRAHNET\TERRA\NWNX\NWNX_WEAPONS\RELEASE\CITEMREPOSITORY.OBJ
\\TERRAHNET\TERRA\NWNX\NWNX_WEAPONS\RELEASE\CGAMEOBJECTARRAY.OBJ
\\TERRAHNET\TERRA\NWNX\NWNX_WEAPONS\RELEASE\CGAMEEFFECT.OBJ
\\TERRAHNET\TERRA\NWNX\NWNX_WEAPONS\RELEASE\CFACTIONMANAGER.OBJ
\\TERRAHNET\TERRA\NWNX\NWNX_WEAPONS\RELEASE\CEXOSTRING.OBJ
\\TERRAHNET\TERRA\NWNX\NWNX_WEAPONS\RELEASE\CEXORESMAN.OBJ
\\TERRAHNET\TERRA\NWNX\NWNX_WEAPONS\RELEASE\CEXOLOCSTRING.OBJ
\\TERRAHNET\TERRA\NWNX\NWNX_WEAPONS\RELEASE\CEXOLINKEDLIST.OBJ
\\TERRAHNET\TERRA\NWNX\NWNX_WEAPONS\RELEASE\CAUTOMAP.OBJ
\\TERRAHNET\TERRA\NWNX\NWNX_WEAPONS\RELEASE\C2DA.OBJ
\\TERRAHNET\TERRA\NWNX\NWNX_WEAPONS\RELEASE\NWNXWEAPONS.OBJ
\\TERRAHNET\TERRA\NWNX\NWNX_WEAPONS\RELEASE\MAIN.OBJ
\\TERRAHNET\TERRA\NWNX\NWNX_WEAPONS\RELEASE\HOOKMAIN.OBJ
\\TERRAHNET\TERRA\NWNX\NWNX_WEAPONS\RELEASE\ASSEMBLYHELPER.OBJ
\\TERRAHNET\TERRA\NWNX\NWNX_WEAPONS\RELEASE\NWNXBASE.OBJ
\\TERRAHNET\TERRA\NWNX\NWNX_WEAPONS\RELEASE\INIFILE.OBJ
\\TERRAHNET\TERRA\NWNX\NWNX_WEAPONS\RELEASE\CNWSPLAYERCHARSHEETGUI.OBJ
\\TERRAHNET\TERRA\NWNX\NWNX_WEAPONS\RELEASE\CNWSPLAYER.OBJ
\\TERRAHNET\TERRA\NWNX\NWNX_WEAPONS\RELEASE\CNWSPLACEABLE.OBJ
\\TERRAHNET\TERRA\NWNX\NWNX_WEAPONS\RELEASE\CNWSPELLARRAY.OBJ
\\TERRAHNET\TERRA\NWNX\NWNX_WEAPONS\RELEASE\CNWSOBJECT.OBJ
\\TERRAHNET\TERRA\NWNX\NWNX_WEAPONS\RELEASE\CNWSMODULE.OBJ
\\TERRAHNET\TERRA\NWNX\NWNX_WEAPONS\RELEASE\CNWSMESSAGE.OBJ
\\TERRAHNET\TERRA\NWNX\NWNX_WEAPONS\RELEASE\CNWSITEM.OBJ
\\TERRAHNET\TERRA\NWNX\NWNX_WEAPONS\RELEASE\CNWSINVENTORY.OBJ
\\TERRAHNET\TERRA\NWNX\NWNX_WEAPONS\RELEASE\CNWSFACTION.OBJ
\\TERRAHNET\TERRA\NWNX\NWNX_WEAPONS\RELEASE\CNWSENCOUNTER.OBJ
\\TERRAHNET\TERRA\NWNX\NWNX_WEAPONS\RELEASE\CNWSDOOR.OBJ
\\TERRAHNET\TERRA\NWNX\NWNX_WEAPONS\RELEASE\CNWSCREATURESTATS.OBJ
\\TERRAHNET\TERRA\NWNX\NWNX_WEAPONS\RELEASE\CNWSCREATURE.OBJ
\\TERRAHNET\TERRA\NWNX\NWNX_WEAPONS\RELEASE\CNWSCOMBATROUND.OBJ
\\TERRAHNET\TERRA\NWNX\NWNX_WEAPONS\RELEASE\CNWSAREAOFEFFECTOBJECT.OBJ
\\TERRAHNET\TERRA\NWNX\NWNX_WEAPONS\RELEASE\CNWSAREA.OBJ
\\TERRAHNET\TERRA\NWNX\NWNX_WEAPONS\RELEASE\CNWRULES.OBJ
\\TERRAHNET\TERRA\NWNX\NWNX_WEAPONS\RELEASE\CNWMESSAGE.OBJ
\\TERRAHNET\TERRA\NWNX\NWNX_WEAPONS\RELEASE\CNWCLASS.OBJ
\\TERRAHNET\TERRA\NWNX\NWNX_WEAPONS\RELEASE\_EXOSTRING.OBJ
\\TERRAHNET\TERRA\NWNX\NWNX_WEAPONS\RELEASE\NWN_INTERNALS.OBJ
\\TERRAHNET\TERRA\NWNX\NWNX_WEAPONS\RELEASE\NWNX_MEMORY.OBJ
\\TERRAHNET\TERRA\NWNX\NWNX_WEAPONS\RELEASE\CWORLDTIMER.OBJ
\\TERRAHNET\TERRA\NWNX\NWNX_WEAPONS\RELEASE\CVIRTUALMACHINE.OBJ
\\TERRAHNET\TERRA\NWNX\NWNX_WEAPONS\RELEASE\CTWODIMARRAYS.OBJ
\\TERRAHNET\TERRA\NWNX\NWNX_WEAPONS\RELEASE\CTLKTABLE.OBJ
\\TERRAHNET\TERRA\NWNX\NWNX_WEAPONS\RELEASE\CSERVEREXOAPPINTERNAL.OBJ
\\TERRAHNET\TERRA\NWNX\NWNX_WEAPONS\RELEASE\CSERVEREXOAPP.OBJ
\\TERRAHNET\TERRA\NWNX\NWNX_WEAPONS\RELEASE\CSERVERAIMASTER.OBJ
\\TERRAHNET\TERRA\NWNX\NWNX_WEAPONS\RELEASE\CSCRIPTEVENT.OBJ
\\TERRAHNET\TERRA\NWNX\NWNX_WEAPONS\RELEASE\CRESREF.OBJ
\\TERRAHNET\TERRA\NWNX\NWNX_WEAPONS\RELEASE\CRESGFF.OBJ
\\TERRAHNET\TERRA\NWNX\NWNX_WEAPONS\RELEASE\CNWTILE.OBJ
\\TERRAHNET\TERRA\NWNX\NWNX_WEAPONS\RELEASE\CNWSTRIGGER.OBJ
\\TERRAHNET\TERRA\NWNX\NWNX_WEAPONS\RELEASE\CNWSTILE.OBJ
\\TERRAHNET\TERRA\NWNX\NWNX_WEAPONS\RELEASE\CNWSSTORE.OBJ
\\TERRAHNET\TERRA\NWNX\NWNX_WEAPONS\RELEASE\CNWSSTATS_LEVEL.OBJ
\\TERRAHNET\TERRA\NWNX\NWNX_WEAPONS\RELEASE\CNWSSCRIPTVARTABLE.OBJ
\\TERRAHNET\TERRA\NWNX\NWNX_WEAPONS\RELEASE\CNWSPLAYERTURD.OBJ
\\TERRAHNET\TERRA\NWNX\NWNX_WEAPONS\RELEASE\WEAPONBEHAVIOR.OBJ
\\TERRAHNET\TERRA\NWNX\NWNX_WEAPONS\RELEASE\VC110.PDB
\\TERRAHNET\TERRA\NWNX\RELEASE\NWNX_WEAPONS.DLL
\\TERRAHNET\TERRA\NWNX\RELEASE\NWNX_WEAPONS.PDB
\\terrahnet\Terra\nwnx\Release\nwnx_weapons.lib
\\terrahnet\Terra\nwnx\Release\nwnx_weapons.exp
\\terrahnet\Terra\nwnx\nwnx_weapons\Release\AssemblyHelper.obj
\\terrahnet\Terra\nwnx\nwnx_weapons\Release\C2DA.obj
\\terrahnet\Terra\nwnx\nwnx_weapons\Release\CAutoMap.obj
\\terrahnet\Terra\nwnx\nwnx_weapons\Release\CExoLinkedList.obj
\\terrahnet\Terra\nwnx\nwnx_weapons\Release\CExoLocString.obj
\\terrahnet\Terra\nwnx\nwnx_weapons\Release\CExoResMan.obj
\\terrahnet\Terra\nwnx\nwnx_weapons\Release\CExoString.obj
\\terrahnet\Terra\nwnx\nwnx_weapons\Release\CFactionManager.obj
\\terrahnet\Terra\nwnx\nwnx_weapons\Release\CGameEffect.obj
\\terrahnet\Terra\nwnx\nwnx_weapons\Release\CGameObjectArray.obj
\\terrahnet\Terra\nwnx\nwnx_weapons\Release\CItemRepository.obj
\\terrahnet\Terra\nwnx\nwnx_weapons\Release\CLastUpdateObject.obj
\\terrahnet\Terra\nwnx\nwnx_weapons\Release\CNetLayer.obj
\\terrahnet\Terra\nwnx\nwnx_weapons\Release\CNWBaseItemArray.obj
\\terrahnet\Terra\nwnx\nwnx_weapons\Release\CNWCCMessageData.obj
\\terrahnet\Terra\nwnx\nwnx_weapons\Release\CNWClass.obj
\\terrahnet\Terra\nwnx\nwnx_weapons\Release\CNWMessage.obj
\\terrahnet\Terra\nwnx\nwnx_weapons\Release\CNWRules.obj
\\terrahnet\Terra\nwnx\nwnx_weapons\Release\CNWSArea.obj
\\terrahnet\Terra\nwnx\nwnx_weapons\Release\CNWSAreaOfEffectObject.obj
\\terrahnet\Terra\nwnx\nwnx_weapons\Release\CNWSCombatRound.obj
\\terrahnet\Terra\nwnx\nwnx_weapons\Release\CNWSCreature.obj
\\terrahnet\Terra\nwnx\nwnx_weapons\Release\CNWSCreatureStats.obj
\\terrahnet\Terra\nwnx\nwnx_weapons\Release\CNWSDoor.obj
\\terrahnet\Terra\nwnx\nwnx_weapons\Release\CNWSEncounter.obj
\\terrahnet\Terra\nwnx\nwnx_weapons\Release\CNWSFaction.obj
\\terrahnet\Terra\nwnx\nwnx_weapons\Release\CNWSInventory.obj
\\terrahnet\Terra\nwnx\nwnx_weapons\Release\CNWSItem.obj
\\terrahnet\Terra\nwnx\nwnx_weapons\Release\CNWSMessage.obj
\\terrahnet\Terra\nwnx\nwnx_weapons\Release\CNWSModule.obj
\\terrahnet\Terra\nwnx\nwnx_weapons\Release\CNWSObject.obj
\\terrahnet\Terra\nwnx\nwnx_weapons\Release\CNWSpellArray.obj
\\terrahnet\Terra\nwnx\nwnx_weapons\Release\CNWSPlaceable.obj
\\terrahnet\Terra\nwnx\nwnx_weapons\Release\CNWSPlayer.obj
\\terrahnet\Terra\nwnx\nwnx_weapons\Release\CNWSPlayerCharSheetGUI.obj
\\terrahnet\Terra\nwnx\nwnx_weapons\Release\CNWSplayerTURD.obj
\\terrahnet\Terra\nwnx\nwnx_weapons\Release\CNWSScriptVarTable.obj
\\terrahnet\Terra\nwnx\nwnx_weapons\Release\CNWSStats_Level.obj
\\terrahnet\Terra\nwnx\nwnx_weapons\Release\CNWSStore.obj
\\terrahnet\Terra\nwnx\nwnx_weapons\Release\CNWSTile.obj
\\terrahnet\Terra\nwnx\nwnx_weapons\Release\CNWSTrigger.obj
\\terrahnet\Terra\nwnx\nwnx_weapons\Release\CNWTile.obj
\\terrahnet\Terra\nwnx\nwnx_weapons\Release\CResGFF.obj
\\terrahnet\Terra\nwnx\nwnx_weapons\Release\CResRef.obj
\\terrahnet\Terra\nwnx\nwnx_weapons\Release\CScriptEvent.obj
\\terrahnet\Terra\nwnx\nwnx_weapons\Release\CServerAIMaster.obj
\\terrahnet\Terra\nwnx\nwnx_weapons\Release\CServerExoApp.obj
\\terrahnet\Terra\nwnx\nwnx_weapons\Release\CServerExoAppInternal.obj
\\terrahnet\Terra\nwnx\nwnx_weapons\Release\CTlkTable.obj
\\terrahnet\Terra\nwnx\nwnx_weapons\Release\CTwoDimArrays.obj
\\terrahnet\Terra\nwnx\nwnx_weapons\Release\CVirtualMachine.obj
\\terrahnet\Terra\nwnx\nwnx_weapons\Release\CWorldTimer.obj
\\terrahnet\Terra\nwnx\nwnx_weapons\Release\HookMain.obj
\\terrahnet\Terra\nwnx\nwnx_weapons\Release\IniFile.obj
\\terrahnet\Terra\nwnx\nwnx_weapons\Release\main.obj
\\terrahnet\Terra\nwnx\nwnx_weapons\Release\NWNXBase.obj
\\terrahnet\Terra\nwnx\nwnx_weapons\Release\NWNXWeapons.obj
\\terrahnet\Terra\nwnx\nwnx_weapons\Release\nwnx_memory.obj
\\terrahnet\Terra\nwnx\nwnx_weapons\Release\nwn_internals.obj
\\terrahnet\Terra\nwnx\nwnx_weapons\Release\WeaponBehavior.obj
\\terrahnet\Terra\nwnx\nwnx_weapons\Release\_ExoString.obj
\\terrahnet\Terra\nwnx\nwnx_weapons\Release\cl.command.1.tlog
\\terrahnet\Terra\nwnx\nwnx_weapons\Release\CL.read.1.tlog
\\terrahnet\Terra\nwnx\nwnx_weapons\Release\CL.write.1.tlog
\\terrahnet\Terra\nwnx\nwnx_weapons\Release\link-cvtres.read.1.tlog
\\terrahnet\Terra\nwnx\nwnx_weapons\Release\link-cvtres.write.1.tlog
\\terrahnet\Terra\nwnx\nwnx_weapons\Release\link-rc.read.1.tlog
\\terrahnet\Terra\nwnx\nwnx_weapons\Release\link-rc.write.1.tlog
\\terrahnet\Terra\nwnx\nwnx_weapons\Release\link.command.1.tlog
\\terrahnet\Terra\nwnx\nwnx_weapons\Release\link.read.1.tlog
\\terrahnet\Terra\nwnx\nwnx_weapons\Release\link.write.1.tlog
\\terrahnet\Terra\nwnx\nwnx_weapons\Release\nwnx_weapons.write.1.tlog
\\terrahnet\Terra\nwnx\nwnx_weapons\Release\vc110.pdb
\\terrahnet\Terra\nwnx\Release\nwnx_weapons.pdb
\\terrahnet\Terra\nwnx\Release\nwnx_weapons.dll
