Build started 2014-10-14 22:38:09.
     1>Project "D:\Media\OneDrive\Offentligt\NWNX\nwnx_weapons\nwnx_weapons.vcxproj" on node 2 (Rebuild target(s)).
     1>ClCompile:
         D:\Program Files (x86)\Microsoft Visual Studio 12.0\VC\bin\CL.exe /c /Zi /nologo /W3 /WX- /O2 /Oi /Oy- /GL /D _WINDLL /D _MBCS /Gm- /EHsc /MT /GS /Gy /fp:precise /Zc:wchar_t /Zc:forScope /Fo"Release\\" /Fd"Release\vc120.pdb" /Gd /TP /analyze- /errorReport:prompt ..\NWNXdll\IniFile.cpp ..\NWNXdll\NWNXBase.cpp AssemblyHelper.cpp HookMain.cpp main.cpp NWNXWeapons.cpp NWSERVER\C2DA.cpp NWSERVER\CAutoMap.cpp NWSERVER\CExoLinkedList.cpp NWSERVER\CExoLocString.cpp NWSERVER\CExoResMan.cpp NWSERVER\CExoString.cpp NWSERVER\CFactionManager.cpp NWSERVER\CGameEffect.cpp NWSERVER\CGameObjectArray.cpp NWSERVER\CItemRepository.cpp NWSERVER\CLastUpdateObject.cpp NWSERVER\CNetLayer.cpp NWSERVER\CNWBaseItemArray.cpp NWSERVER\CNWCCMessageData.cpp NWSERVER\CNWClass.cpp NWSERVER\CNWMessage.cpp NWSERVER\CNWRules.cpp NWSERVER\CNWSArea.cpp NWSERVER\CNWSAreaOfEffectObject.cpp NWSERVER\CNWSCombatRound.cpp NWSERVER\CNWSCreature.cpp NWSERVER\CNWSCreatureStats.cpp NWSERVER\CNWSDoor.cpp NWSERVER\CNWSEncounter.cpp NWSERVER\CNWSFaction.cpp NWSERVER\CNWSInventory.cpp NWSERVER\CNWSItem.cpp NWSERVER\CNWSMessage.cpp NWSERVER\CNWSModule.cpp NWSERVER\CNWSObject.cpp NWSERVER\CNWSpellArray.cpp NWSERVER\CNWSPlaceable.cpp NWSERVER\CNWSPlayer.cpp NWSERVER\CNWSPlayerCharSheetGUI.cpp NWSERVER\CNWSplayerTURD.cpp NWSERVER\CNWSScriptVarTable.cpp NWSERVER\CNWSStats_Level.cpp NWSERVER\CNWSStore.cpp NWSERVER\CNWSTile.cpp NWSERVER\CNWSTrigger.cpp NWSERVER\CNWTile.cpp NWSERVER\CResGFF.cpp NWSERVER\CResRef.cpp NWSERVER\CScriptEvent.cpp NWSERVER\CServerAIMaster.cpp NWSERVER\CServerExoApp.cpp NWSERVER\CServerExoAppInternal.cpp NWSERVER\CTlkTable.cpp NWSERVER\CTwoDimArrays.cpp NWSERVER\CVirtualMachine.cpp NWSERVER\CWorldTimer.cpp NWSERVER\nwnx_memory.cpp NWSERVER\nwn_internals.cpp NWSERVER\_ExoString.cpp WeaponBehavior.cpp
         IniFile.cpp
         NWNXBase.cpp
         AssemblyHelper.cpp
     1>AssemblyHelper.cpp(59): warning C4996: 'strncpy': This function or variable may be unsafe. Consider using strncpy_s instead. To disable deprecation, use _CRT_SECURE_NO_WARNINGS. See online help for details.
                 D:\Program Files (x86)\Microsoft Visual Studio 12.0\VC\include\string.h(195) : see declaration of 'strncpy'
     1>AssemblyHelper.cpp(65): warning C4996: 'strncpy': This function or variable may be unsafe. Consider using strncpy_s instead. To disable deprecation, use _CRT_SECURE_NO_WARNINGS. See online help for details.
                 D:\Program Files (x86)\Microsoft Visual Studio 12.0\VC\include\string.h(195) : see declaration of 'strncpy'
     1>AssemblyHelper.cpp(66): warning C4244: '=' : conversion from 'long' to 'char', possible loss of data
         HookMain.cpp
         main.cpp
         NWNXWeapons.cpp
     1>NWNXWeapons.cpp(43): warning C4996: 'sprintf': This function or variable may be unsafe. Consider using sprintf_s instead. To disable deprecation, use _CRT_SECURE_NO_WARNINGS. See online help for details.
                 D:\Program Files (x86)\Microsoft Visual Studio 12.0\VC\include\stdio.h(356) : see declaration of 'sprintf'
     1>NWNXWeapons.cpp(84): warning C4996: 'strcpy': This function or variable may be unsafe. Consider using strcpy_s instead. To disable deprecation, use _CRT_SECURE_NO_WARNINGS. See online help for details.
                 D:\Program Files (x86)\Microsoft Visual Studio 12.0\VC\include\string.h(112) : see declaration of 'strcpy'
     1>NWNXWeapons.cpp(107): warning C4996: 'fopen': This function or variable may be unsafe. Consider using fopen_s instead. To disable deprecation, use _CRT_SECURE_NO_WARNINGS. See online help for details.
                 D:\Program Files (x86)\Microsoft Visual Studio 12.0\VC\include\stdio.h(211) : see declaration of 'fopen'
     1>NWNXWeapons.cpp(114): warning C4996: 'vsprintf': This function or variable may be unsafe. Consider using vsprintf_s instead. To disable deprecation, use _CRT_SECURE_NO_WARNINGS. See online help for details.
                 D:\Program Files (x86)\Microsoft Visual Studio 12.0\VC\include\stdio.h(356) : see declaration of 'vsprintf'
     1>NWNXWeapons.cpp(134): warning C4996: 'fopen': This function or variable may be unsafe. Consider using fopen_s instead. To disable deprecation, use _CRT_SECURE_NO_WARNINGS. See online help for details.
                 D:\Program Files (x86)\Microsoft Visual Studio 12.0\VC\include\stdio.h(211) : see declaration of 'fopen'
     1>NWNXWeapons.cpp(172): warning C4996: 'sprintf': This function or variable may be unsafe. Consider using sprintf_s instead. To disable deprecation, use _CRT_SECURE_NO_WARNINGS. See online help for details.
                 D:\Program Files (x86)\Microsoft Visual Studio 12.0\VC\include\stdio.h(356) : see declaration of 'sprintf'
     1>NWNXWeapons.cpp(182): warning C4018: '<' : signed/unsigned mismatch
     1>NWNXWeapons.cpp(313): warning C4996: 'sscanf': This function or variable may be unsafe. Consider using sscanf_s instead. To disable deprecation, use _CRT_SECURE_NO_WARNINGS. See online help for details.
                 D:\Program Files (x86)\Microsoft Visual Studio 12.0\VC\include\stdio.h(304) : see declaration of 'sscanf'
     1>NWNXWeapons.cpp(315): warning C4996: 'sprintf': This function or variable may be unsafe. Consider using sprintf_s instead. To disable deprecation, use _CRT_SECURE_NO_WARNINGS. See online help for details.
                 D:\Program Files (x86)\Microsoft Visual Studio 12.0\VC\include\stdio.h(356) : see declaration of 'sprintf'
     1>NWNXWeapons.cpp(323): warning C4996: 'sscanf': This function or variable may be unsafe. Consider using sscanf_s instead. To disable deprecation, use _CRT_SECURE_NO_WARNINGS. See online help for details.
                 D:\Program Files (x86)\Microsoft Visual Studio 12.0\VC\include\stdio.h(304) : see declaration of 'sscanf'
     1>NWNXWeapons.cpp(330): warning C4996: 'sscanf': This function or variable may be unsafe. Consider using sscanf_s instead. To disable deprecation, use _CRT_SECURE_NO_WARNINGS. See online help for details.
                 D:\Program Files (x86)\Microsoft Visual Studio 12.0\VC\include\stdio.h(304) : see declaration of 'sscanf'
     1>NWNXWeapons.cpp(337): warning C4996: 'sscanf': This function or variable may be unsafe. Consider using sscanf_s instead. To disable deprecation, use _CRT_SECURE_NO_WARNINGS. See online help for details.
                 D:\Program Files (x86)\Microsoft Visual Studio 12.0\VC\include\stdio.h(304) : see declaration of 'sscanf'
     1>NWNXWeapons.cpp(342): warning C4996: 'strcpy': This function or variable may be unsafe. Consider using strcpy_s instead. To disable deprecation, use _CRT_SECURE_NO_WARNINGS. See online help for details.
                 D:\Program Files (x86)\Microsoft Visual Studio 12.0\VC\include\string.h(112) : see declaration of 'strcpy'
     1>NWNXWeapons.cpp(346): warning C4244: 'argument' : conversion from 'DWORD' to 'WORD', possible loss of data
     1>NWNXWeapons.cpp(347): warning C4996: 'strcpy': This function or variable may be unsafe. Consider using strcpy_s instead. To disable deprecation, use _CRT_SECURE_NO_WARNINGS. See online help for details.
                 D:\Program Files (x86)\Microsoft Visual Studio 12.0\VC\include\string.h(112) : see declaration of 'strcpy'
     1>NWNXWeapons.cpp(355): warning C4996: 'sscanf': This function or variable may be unsafe. Consider using sscanf_s instead. To disable deprecation, use _CRT_SECURE_NO_WARNINGS. See online help for details.
                 D:\Program Files (x86)\Microsoft Visual Studio 12.0\VC\include\stdio.h(304) : see declaration of 'sscanf'
     1>NWNXWeapons.cpp(360): warning C4996: 'strcpy': This function or variable may be unsafe. Consider using strcpy_s instead. To disable deprecation, use _CRT_SECURE_NO_WARNINGS. See online help for details.
                 D:\Program Files (x86)\Microsoft Visual Studio 12.0\VC\include\string.h(112) : see declaration of 'strcpy'
     1>NWNXWeapons.cpp(364): warning C4244: 'argument' : conversion from 'DWORD' to 'WORD', possible loss of data
     1>NWNXWeapons.cpp(365): warning C4996: 'strcpy': This function or variable may be unsafe. Consider using strcpy_s instead. To disable deprecation, use _CRT_SECURE_NO_WARNINGS. See online help for details.
                 D:\Program Files (x86)\Microsoft Visual Studio 12.0\VC\include\string.h(112) : see declaration of 'strcpy'
     1>NWNXWeapons.cpp(379): warning C4996: 'sscanf': This function or variable may be unsafe. Consider using sscanf_s instead. To disable deprecation, use _CRT_SECURE_NO_WARNINGS. See online help for details.
                 D:\Program Files (x86)\Microsoft Visual Studio 12.0\VC\include\stdio.h(304) : see declaration of 'sscanf'
     1>NWNXWeapons.cpp(385): warning C4996: 'strcpy': This function or variable may be unsafe. Consider using strcpy_s instead. To disable deprecation, use _CRT_SECURE_NO_WARNINGS. See online help for details.
                 D:\Program Files (x86)\Microsoft Visual Studio 12.0\VC\include\string.h(112) : see declaration of 'strcpy'
     1>NWNXWeapons.cpp(443): warning C4996: 'strcpy': This function or variable may be unsafe. Consider using strcpy_s instead. To disable deprecation, use _CRT_SECURE_NO_WARNINGS. See online help for details.
                 D:\Program Files (x86)\Microsoft Visual Studio 12.0\VC\include\string.h(112) : see declaration of 'strcpy'
     1>NWNXWeapons.cpp(445): warning C4996: 'strcpy': This function or variable may be unsafe. Consider using strcpy_s instead. To disable deprecation, use _CRT_SECURE_NO_WARNINGS. See online help for details.
                 D:\Program Files (x86)\Microsoft Visual Studio 12.0\VC\include\string.h(112) : see declaration of 'strcpy'
     1>NWNXWeapons.cpp(450): warning C4996: 'sprintf': This function or variable may be unsafe. Consider using sprintf_s instead. To disable deprecation, use _CRT_SECURE_NO_WARNINGS. See online help for details.
                 D:\Program Files (x86)\Microsoft Visual Studio 12.0\VC\include\stdio.h(356) : see declaration of 'sprintf'
     1>NWNXWeapons.cpp(453): warning C4996: 'strcpy': This function or variable may be unsafe. Consider using strcpy_s instead. To disable deprecation, use _CRT_SECURE_NO_WARNINGS. See online help for details.
                 D:\Program Files (x86)\Microsoft Visual Studio 12.0\VC\include\string.h(112) : see declaration of 'strcpy'
     1>NWNXWeapons.cpp(474): warning C4018: '<' : signed/unsigned mismatch
     1>NWNXWeapons.cpp(485): warning C4018: '<' : signed/unsigned mismatch
     1>NWNXWeapons.cpp(516): warning C4018: '<' : signed/unsigned mismatch
         C2DA.cpp
         CAutoMap.cpp
     1>NWSERVER\CAutoMap.cpp(35): warning C4018: '<' : signed/unsigned mismatch
     1>NWSERVER\CAutoMap.cpp(71): warning C4018: '<' : signed/unsigned mismatch
     1>NWSERVER\CAutoMap.cpp(132): warning C4018: '<' : signed/unsigned mismatch
     1>NWSERVER\CAutoMap.cpp(145): warning C4018: '<' : signed/unsigned mismatch
         CExoLinkedList.cpp
         CExoLocString.cpp
         CExoResMan.cpp
         CExoString.cpp
         CFactionManager.cpp
         CGameEffect.cpp
         CGameObjectArray.cpp
         CItemRepository.cpp
         CLastUpdateObject.cpp
         CNetLayer.cpp
         CNWBaseItemArray.cpp
         CNWCCMessageData.cpp
         Compiling...
         CNWClass.cpp
         CNWMessage.cpp
         CNWRules.cpp
         CNWSArea.cpp
         CNWSAreaOfEffectObject.cpp
         CNWSCombatRound.cpp
         CNWSCreature.cpp
         CNWSCreatureStats.cpp
         CNWSDoor.cpp
         CNWSEncounter.cpp
         CNWSFaction.cpp
         CNWSInventory.cpp
         CNWSItem.cpp
         CNWSMessage.cpp
         CNWSModule.cpp
         CNWSObject.cpp
         CNWSpellArray.cpp
         CNWSPlaceable.cpp
         CNWSPlayer.cpp
         CNWSPlayerCharSheetGUI.cpp
         Compiling...
         CNWSplayerTURD.cpp
         CNWSScriptVarTable.cpp
         CNWSStats_Level.cpp
         CNWSStore.cpp
         CNWSTile.cpp
         CNWSTrigger.cpp
         CNWTile.cpp
         CResGFF.cpp
         CResRef.cpp
     1>NWSERVER\CResRef.cpp(6): error C2039: 'CResRef' : is not a member of 'CResRef_s'
                 d:\media\onedrive\offentligt\nwnx\nwnx_weapons\nwserver\.\CResRef.h(4) : see declaration of 'CResRef_s'
     1>NWSERVER\CResRef.cpp(6): error C2365: 'CResRef' : redefinition; previous definition was 'typedef'
                 d:\media\onedrive\offentligt\nwnx\nwnx_weapons\nwserver\types.h(26) : see declaration of 'CResRef'
     1>NWSERVER\CResRef.cpp(7): error C2355: 'this' : can only be referenced inside non-static member functions or non-static data member initializers
         CScriptEvent.cpp
         CServerAIMaster.cpp
         CServerExoApp.cpp
         CServerExoAppInternal.cpp
         CTlkTable.cpp
         CTwoDimArrays.cpp
         CVirtualMachine.cpp
         CWorldTimer.cpp
         nwnx_memory.cpp
         nwn_internals.cpp
         _ExoString.cpp
     1>NWSERVER\_ExoString.cpp(22): warning C4996: 'strncpy': This function or variable may be unsafe. Consider using strncpy_s instead. To disable deprecation, use _CRT_SECURE_NO_WARNINGS. See online help for details.
                 D:\Program Files (x86)\Microsoft Visual Studio 12.0\VC\include\string.h(195) : see declaration of 'strncpy'
     1>NWSERVER\_ExoString.cpp(40): warning C4996: 'strncpy': This function or variable may be unsafe. Consider using strncpy_s instead. To disable deprecation, use _CRT_SECURE_NO_WARNINGS. See online help for details.
                 D:\Program Files (x86)\Microsoft Visual Studio 12.0\VC\include\string.h(195) : see declaration of 'strncpy'
     1>NWSERVER\_ExoString.cpp(65): warning C4996: 'strncpy': This function or variable may be unsafe. Consider using strncpy_s instead. To disable deprecation, use _CRT_SECURE_NO_WARNINGS. See online help for details.
                 D:\Program Files (x86)\Microsoft Visual Studio 12.0\VC\include\string.h(195) : see declaration of 'strncpy'
     1>NWSERVER\_ExoString.cpp(76): warning C4996: 'strncpy': This function or variable may be unsafe. Consider using strncpy_s instead. To disable deprecation, use _CRT_SECURE_NO_WARNINGS. See online help for details.
                 D:\Program Files (x86)\Microsoft Visual Studio 12.0\VC\include\string.h(195) : see declaration of 'strncpy'
     1>NWSERVER\_ExoString.cpp(100): warning C4996: 'strncpy': This function or variable may be unsafe. Consider using strncpy_s instead. To disable deprecation, use _CRT_SECURE_NO_WARNINGS. See online help for details.
                 D:\Program Files (x86)\Microsoft Visual Studio 12.0\VC\include\string.h(195) : see declaration of 'strncpy'
     1>NWSERVER\_ExoString.cpp(111): warning C4996: 'strncpy': This function or variable may be unsafe. Consider using strncpy_s instead. To disable deprecation, use _CRT_SECURE_NO_WARNINGS. See online help for details.
                 D:\Program Files (x86)\Microsoft Visual Studio 12.0\VC\include\string.h(195) : see declaration of 'strncpy'
     1>NWSERVER\_ExoString.cpp(115): warning C4996: 'strncpy': This function or variable may be unsafe. Consider using strncpy_s instead. To disable deprecation, use _CRT_SECURE_NO_WARNINGS. See online help for details.
                 D:\Program Files (x86)\Microsoft Visual Studio 12.0\VC\include\string.h(195) : see declaration of 'strncpy'
     1>NWSERVER\_ExoString.cpp(138): warning C4996: 'strncpy': This function or variable may be unsafe. Consider using strncpy_s instead. To disable deprecation, use _CRT_SECURE_NO_WARNINGS. See online help for details.
                 D:\Program Files (x86)\Microsoft Visual Studio 12.0\VC\include\string.h(195) : see declaration of 'strncpy'
         Compiling...
         WeaponBehavior.cpp
     1>WeaponBehavior.cpp(467): warning C4996: 'fopen': This function or variable may be unsafe. Consider using fopen_s instead. To disable deprecation, use _CRT_SECURE_NO_WARNINGS. See online help for details.
                 D:\Program Files (x86)\Microsoft Visual Studio 12.0\VC\include\stdio.h(211) : see declaration of 'fopen'
     1>WeaponBehavior.cpp(470): warning C4996: 'fopen': This function or variable may be unsafe. Consider using fopen_s instead. To disable deprecation, use _CRT_SECURE_NO_WARNINGS. See online help for details.
                 D:\Program Files (x86)\Microsoft Visual Studio 12.0\VC\include\stdio.h(211) : see declaration of 'fopen'
     1>WeaponBehavior.cpp(479): warning C4996: 'fopen': This function or variable may be unsafe. Consider using fopen_s instead. To disable deprecation, use _CRT_SECURE_NO_WARNINGS. See online help for details.
                 D:\Program Files (x86)\Microsoft Visual Studio 12.0\VC\include\stdio.h(211) : see declaration of 'fopen'
     1>WeaponBehavior.cpp(522): warning C4996: 'sscanf': This function or variable may be unsafe. Consider using sscanf_s instead. To disable deprecation, use _CRT_SECURE_NO_WARNINGS. See online help for details.
                 D:\Program Files (x86)\Microsoft Visual Studio 12.0\VC\include\stdio.h(304) : see declaration of 'sscanf'
     1>WeaponBehavior.cpp(552): warning C4996: 'sscanf': This function or variable may be unsafe. Consider using sscanf_s instead. To disable deprecation, use _CRT_SECURE_NO_WARNINGS. See online help for details.
                 D:\Program Files (x86)\Microsoft Visual Studio 12.0\VC\include\stdio.h(304) : see declaration of 'sscanf'
     1>WeaponBehavior.cpp(553): warning C4244: 'argument' : conversion from 'DWORD' to 'WORD', possible loss of data
     1>Done Building Project "D:\Media\OneDrive\Offentligt\NWNX\nwnx_weapons\nwnx_weapons.vcxproj" (Rebuild target(s)) -- FAILED.

Build FAILED.

Time Elapsed 00:00:07.04
