\\TERRAHNET\TERRA\NWNX\NWNX_CONNECT\RELEASE\CNWSAREA.OBJ
\\TERRAHNET\TERRA\NWNX\NWNX_CONNECT\RELEASE\CNWRULES.OBJ
\\TERRAHNET\TERRA\NWNX\NWNX_CONNECT\RELEASE\CNWMESSAGE.OBJ
\\TERRAHNET\TERRA\NWNX\NWNX_CONNECT\RELEASE\CNWCLASS.OBJ
\\TERRAHNET\TERRA\NWNX\NWNX_CONNECT\RELEASE\CNWCCMESSAGEDATA.OBJ
\\TERRAHNET\TERRA\NWNX\NWNX_CONNECT\RELEASE\CNWBASEITEMARRAY.OBJ
\\TERRAHNET\TERRA\NWNX\NWNX_CONNECT\RELEASE\CNETLAYER.OBJ
\\TERRAHNET\TERRA\NWNX\NWNX_CONNECT\RELEASE\CLASTUPDATEOBJECT.OBJ
\\TERRAHNET\TERRA\NWNX\NWNX_CONNECT\RELEASE\CITEMREPOSITORY.OBJ
\\TERRAHNET\TERRA\NWNX\NWNX_CONNECT\RELEASE\CGAMEOBJECTARRAY.OBJ
\\TERRAHNET\TERRA\NWNX\NWNX_CONNECT\RELEASE\CGAMEEFFECT.OBJ
\\TERRAHNET\TERRA\NWNX\NWNX_CONNECT\RELEASE\CFACTIONMANAGER.OBJ
\\TERRAHNET\TERRA\NWNX\NWNX_CONNECT\RELEASE\CEXOSTRING.OBJ
\\TERRAHNET\TERRA\NWNX\NWNX_CONNECT\RELEASE\CEXORESMAN.OBJ
\\TERRAHNET\TERRA\NWNX\NWNX_CONNECT\RELEASE\CEXOLOCSTRING.OBJ
\\TERRAHNET\TERRA\NWNX\NWNX_CONNECT\RELEASE\CEXOLINKEDLIST.OBJ
\\TERRAHNET\TERRA\NWNX\NWNX_CONNECT\RELEASE\CAUTOMAP.OBJ
\\TERRAHNET\TERRA\NWNX\NWNX_CONNECT\RELEASE\C2DA.OBJ
\\TERRAHNET\TERRA\NWNX\NWNX_CONNECT\RELEASE\NWNXBASE.OBJ
\\TERRAHNET\TERRA\NWNX\NWNX_CONNECT\RELEASE\INIFILE.OBJ
\\TERRAHNET\TERRA\NWNX\NWNX_CONNECT\RELEASE\CNWSSTORE.OBJ
\\TERRAHNET\TERRA\NWNX\NWNX_CONNECT\RELEASE\CNWSSTATS_LEVEL.OBJ
\\TERRAHNET\TERRA\NWNX\NWNX_CONNECT\RELEASE\CNWSSCRIPTVARTABLE.OBJ
\\TERRAHNET\TERRA\NWNX\NWNX_CONNECT\RELEASE\CNWSPLAYERTURD.OBJ
\\TERRAHNET\TERRA\NWNX\NWNX_CONNECT\RELEASE\CNWSPLAYERCHARSHEETGUI.OBJ
\\TERRAHNET\TERRA\NWNX\NWNX_CONNECT\RELEASE\CNWSPLAYER.OBJ
\\TERRAHNET\TERRA\NWNX\NWNX_CONNECT\RELEASE\CNWSPLACEABLE.OBJ
\\TERRAHNET\TERRA\NWNX\NWNX_CONNECT\RELEASE\CNWSPELLARRAY.OBJ
\\TERRAHNET\TERRA\NWNX\NWNX_CONNECT\RELEASE\CNWSOBJECT.OBJ
\\TERRAHNET\TERRA\NWNX\NWNX_CONNECT\RELEASE\CNWSMODULE.OBJ
\\TERRAHNET\TERRA\NWNX\NWNX_CONNECT\RELEASE\CNWSMESSAGE.OBJ
\\TERRAHNET\TERRA\NWNX\NWNX_CONNECT\RELEASE\CNWSITEM.OBJ
\\TERRAHNET\TERRA\NWNX\NWNX_CONNECT\RELEASE\CNWSINVENTORY.OBJ
\\TERRAHNET\TERRA\NWNX\NWNX_CONNECT\RELEASE\CNWSFACTION.OBJ
\\TERRAHNET\TERRA\NWNX\NWNX_CONNECT\RELEASE\CNWSENCOUNTER.OBJ
\\TERRAHNET\TERRA\NWNX\NWNX_CONNECT\RELEASE\CNWSDOOR.OBJ
\\TERRAHNET\TERRA\NWNX\NWNX_CONNECT\RELEASE\CNWSCREATURESTATS.OBJ
\\TERRAHNET\TERRA\NWNX\NWNX_CONNECT\RELEASE\CNWSCREATURE.OBJ
\\TERRAHNET\TERRA\NWNX\NWNX_CONNECT\RELEASE\CNWSCOMBATROUND.OBJ
\\TERRAHNET\TERRA\NWNX\NWNX_CONNECT\RELEASE\CNWSAREAOFEFFECTOBJECT.OBJ
\\TERRAHNET\TERRA\NWNX\NWNX_CONNECT\RELEASE\NWNXCONNECT.OBJ
\\TERRAHNET\TERRA\NWNX\NWNX_CONNECT\RELEASE\MAIN.OBJ
\\TERRAHNET\TERRA\NWNX\NWNX_CONNECT\RELEASE\_EXOSTRING.OBJ
\\TERRAHNET\TERRA\NWNX\NWNX_CONNECT\RELEASE\NWN_INTERNALS.OBJ
\\TERRAHNET\TERRA\NWNX\NWNX_CONNECT\RELEASE\NWNX_MEMORY.OBJ
\\TERRAHNET\TERRA\NWNX\NWNX_CONNECT\RELEASE\CWORLDTIMER.OBJ
\\TERRAHNET\TERRA\NWNX\NWNX_CONNECT\RELEASE\CVIRTUALMACHINE.OBJ
\\TERRAHNET\TERRA\NWNX\NWNX_CONNECT\RELEASE\CTWODIMARRAYS.OBJ
\\TERRAHNET\TERRA\NWNX\NWNX_CONNECT\RELEASE\CTLKTABLE.OBJ
\\TERRAHNET\TERRA\NWNX\NWNX_CONNECT\RELEASE\CSERVEREXOAPPINTERNAL.OBJ
\\TERRAHNET\TERRA\NWNX\NWNX_CONNECT\RELEASE\CSERVEREXOAPP.OBJ
\\TERRAHNET\TERRA\NWNX\NWNX_CONNECT\RELEASE\CSERVERAIMASTER.OBJ
\\TERRAHNET\TERRA\NWNX\NWNX_CONNECT\RELEASE\CSCRIPTEVENT.OBJ
\\TERRAHNET\TERRA\NWNX\NWNX_CONNECT\RELEASE\CRESREF.OBJ
\\TERRAHNET\TERRA\NWNX\NWNX_CONNECT\RELEASE\CRESGFF.OBJ
\\TERRAHNET\TERRA\NWNX\NWNX_CONNECT\RELEASE\CNWTILE.OBJ
\\TERRAHNET\TERRA\NWNX\NWNX_CONNECT\RELEASE\CNWSTRIGGER.OBJ
\\TERRAHNET\TERRA\NWNX\NWNX_CONNECT\RELEASE\CNWSTILE.OBJ
\\TERRAHNET\TERRA\NWNX\NWNX_CONNECT\RELEASE\VC110.PDB
\\TERRAHNET\TERRA\NWNX\RELEASE\NWNX_CONNECT.DLL
\\TERRAHNET\TERRA\NWNX\RELEASE\NWNX_CONNECT.PDB
\\terrahnet\Terra\nwnx\Release\nwnx_connect.lib
\\terrahnet\Terra\nwnx\Release\nwnx_connect.exp
\\terrahnet\Terra\nwnx\nwnx_connect\Release\C2DA.obj
\\terrahnet\Terra\nwnx\nwnx_connect\Release\CAutoMap.obj
\\terrahnet\Terra\nwnx\nwnx_connect\Release\CExoLinkedList.obj
\\terrahnet\Terra\nwnx\nwnx_connect\Release\CExoLocString.obj
\\terrahnet\Terra\nwnx\nwnx_connect\Release\CExoResMan.obj
\\terrahnet\Terra\nwnx\nwnx_connect\Release\CExoString.obj
\\terrahnet\Terra\nwnx\nwnx_connect\Release\CFactionManager.obj
\\terrahnet\Terra\nwnx\nwnx_connect\Release\CGameEffect.obj
\\terrahnet\Terra\nwnx\nwnx_connect\Release\CGameObjectArray.obj
\\terrahnet\Terra\nwnx\nwnx_connect\Release\CItemRepository.obj
\\terrahnet\Terra\nwnx\nwnx_connect\Release\CLastUpdateObject.obj
\\terrahnet\Terra\nwnx\nwnx_connect\Release\CNetLayer.obj
\\terrahnet\Terra\nwnx\nwnx_connect\Release\CNWBaseItemArray.obj
\\terrahnet\Terra\nwnx\nwnx_connect\Release\CNWCCMessageData.obj
\\terrahnet\Terra\nwnx\nwnx_connect\Release\CNWClass.obj
\\terrahnet\Terra\nwnx\nwnx_connect\Release\CNWMessage.obj
\\terrahnet\Terra\nwnx\nwnx_connect\Release\CNWRules.obj
\\terrahnet\Terra\nwnx\nwnx_connect\Release\CNWSArea.obj
\\terrahnet\Terra\nwnx\nwnx_connect\Release\CNWSAreaOfEffectObject.obj
\\terrahnet\Terra\nwnx\nwnx_connect\Release\CNWSCombatRound.obj
\\terrahnet\Terra\nwnx\nwnx_connect\Release\CNWSCreature.obj
\\terrahnet\Terra\nwnx\nwnx_connect\Release\CNWSCreatureStats.obj
\\terrahnet\Terra\nwnx\nwnx_connect\Release\CNWSDoor.obj
\\terrahnet\Terra\nwnx\nwnx_connect\Release\CNWSEncounter.obj
\\terrahnet\Terra\nwnx\nwnx_connect\Release\CNWSFaction.obj
\\terrahnet\Terra\nwnx\nwnx_connect\Release\CNWSInventory.obj
\\terrahnet\Terra\nwnx\nwnx_connect\Release\CNWSItem.obj
\\terrahnet\Terra\nwnx\nwnx_connect\Release\CNWSMessage.obj
\\terrahnet\Terra\nwnx\nwnx_connect\Release\CNWSModule.obj
\\terrahnet\Terra\nwnx\nwnx_connect\Release\CNWSObject.obj
\\terrahnet\Terra\nwnx\nwnx_connect\Release\CNWSpellArray.obj
\\terrahnet\Terra\nwnx\nwnx_connect\Release\CNWSPlaceable.obj
\\terrahnet\Terra\nwnx\nwnx_connect\Release\CNWSPlayer.obj
\\terrahnet\Terra\nwnx\nwnx_connect\Release\CNWSPlayerCharSheetGUI.obj
\\terrahnet\Terra\nwnx\nwnx_connect\Release\CNWSplayerTURD.obj
\\terrahnet\Terra\nwnx\nwnx_connect\Release\CNWSScriptVarTable.obj
\\terrahnet\Terra\nwnx\nwnx_connect\Release\CNWSStats_Level.obj
\\terrahnet\Terra\nwnx\nwnx_connect\Release\CNWSStore.obj
\\terrahnet\Terra\nwnx\nwnx_connect\Release\CNWSTile.obj
\\terrahnet\Terra\nwnx\nwnx_connect\Release\CNWSTrigger.obj
\\terrahnet\Terra\nwnx\nwnx_connect\Release\CNWTile.obj
\\terrahnet\Terra\nwnx\nwnx_connect\Release\CResGFF.obj
\\terrahnet\Terra\nwnx\nwnx_connect\Release\CResRef.obj
\\terrahnet\Terra\nwnx\nwnx_connect\Release\CScriptEvent.obj
\\terrahnet\Terra\nwnx\nwnx_connect\Release\CServerAIMaster.obj
\\terrahnet\Terra\nwnx\nwnx_connect\Release\CServerExoApp.obj
\\terrahnet\Terra\nwnx\nwnx_connect\Release\CServerExoAppInternal.obj
\\terrahnet\Terra\nwnx\nwnx_connect\Release\CTlkTable.obj
\\terrahnet\Terra\nwnx\nwnx_connect\Release\CTwoDimArrays.obj
\\terrahnet\Terra\nwnx\nwnx_connect\Release\CVirtualMachine.obj
\\terrahnet\Terra\nwnx\nwnx_connect\Release\CWorldTimer.obj
\\terrahnet\Terra\nwnx\nwnx_connect\Release\IniFile.obj
\\terrahnet\Terra\nwnx\nwnx_connect\Release\main.obj
\\terrahnet\Terra\nwnx\nwnx_connect\Release\NWNXBase.obj
\\terrahnet\Terra\nwnx\nwnx_connect\Release\NWNXConnect.obj
\\terrahnet\Terra\nwnx\nwnx_connect\Release\nwnx_memory.obj
\\terrahnet\Terra\nwnx\nwnx_connect\Release\nwn_internals.obj
\\terrahnet\Terra\nwnx\nwnx_connect\Release\_ExoString.obj
\\terrahnet\Terra\nwnx\nwnx_connect\Release\cl.command.1.tlog
\\terrahnet\Terra\nwnx\nwnx_connect\Release\CL.read.1.tlog
\\terrahnet\Terra\nwnx\nwnx_connect\Release\CL.write.1.tlog
\\terrahnet\Terra\nwnx\nwnx_connect\Release\link-cvtres.read.1.tlog
\\terrahnet\Terra\nwnx\nwnx_connect\Release\link-cvtres.write.1.tlog
\\terrahnet\Terra\nwnx\nwnx_connect\Release\link-rc.read.1.tlog
\\terrahnet\Terra\nwnx\nwnx_connect\Release\link-rc.write.1.tlog
\\terrahnet\Terra\nwnx\nwnx_connect\Release\link.command.1.tlog
\\terrahnet\Terra\nwnx\nwnx_connect\Release\link.read.1.tlog
\\terrahnet\Terra\nwnx\nwnx_connect\Release\link.write.1.tlog
\\terrahnet\Terra\nwnx\nwnx_connect\Release\nwnx_connect.write.1.tlog
\\terrahnet\Terra\nwnx\nwnx_connect\Release\vc110.pdb
\\terrahnet\Terra\nwnx\Release\nwnx_connect.pdb
\\terrahnet\Terra\nwnx\Release\nwnx_connect.dll
