\\terrahnet\terra\nwnx\nwnxdll\release\nwnxdll.obj
\\terrahnet\terra\nwnx\nwnxdll\release\nwnxbase.obj
\\terrahnet\terra\nwnx\nwnxdll\release\inifile.obj
\\terrahnet\terra\nwnx\nwnxdll\release\hashtable.obj
\\terrahnet\terra\nwnx\nwnxdll\release\vc110.pdb
\\terrahnet\terra\nwnx\nwnxdll\release\nwnx-module.dll
\\terrahnet\terra\nwnx\nwnxdll\release\nwnxdll.res
d:\media\onedrive\offentligt\nwnx\nwnxdll\release\hashtable.obj
d:\media\onedrive\offentligt\nwnx\nwnxdll\release\inifile.obj
d:\media\onedrive\offentligt\nwnx\nwnxdll\release\nwnxbase.obj
d:\media\onedrive\offentligt\nwnx\nwnxdll\release\nwnxdll.obj
d:\media\onedrive\offentligt\nwnx\nwnxdll\release\cl.command.1.tlog
d:\media\onedrive\offentligt\nwnx\nwnxdll\release\cl.read.1.tlog
d:\media\onedrive\offentligt\nwnx\nwnxdll\release\cl.write.1.tlog
d:\media\onedrive\offentligt\nwnx\nwnxdll\release\link-cvtres.read.1.tlog
d:\media\onedrive\offentligt\nwnx\nwnxdll\release\link-cvtres.write.1.tlog
d:\media\onedrive\offentligt\nwnx\nwnxdll\release\link-rc.read.1.tlog
d:\media\onedrive\offentligt\nwnx\nwnxdll\release\link-rc.write.1.tlog
d:\media\onedrive\offentligt\nwnx\nwnxdll\release\link.command.1.tlog
d:\media\onedrive\offentligt\nwnx\nwnxdll\release\link.read.1.tlog
d:\media\onedrive\offentligt\nwnx\nwnxdll\release\link.write.1.tlog
d:\media\onedrive\offentligt\nwnx\nwnxdll\release\rc.command.1.tlog
d:\media\onedrive\offentligt\nwnx\nwnxdll\release\rc.read.1.tlog
d:\media\onedrive\offentligt\nwnx\nwnxdll\release\rc.write.1.tlog
d:\media\onedrive\offentligt\nwnx\nwnxdll\release\nwnxdll.res
d:\media\onedrive\offentligt\nwnx\nwnxdll\release\vc110.pdb
