d:\media\onedrive\offentligt\nwnx\nwnx_ubab\release\vc120.pdb
d:\media\onedrive\offentligt\nwnx\nwnx_ubab\release\cnwsarea.obj
d:\media\onedrive\offentligt\nwnx\nwnx_ubab\release\cnwrules.obj
d:\media\onedrive\offentligt\nwnx\nwnx_ubab\release\cnwmessage.obj
d:\media\onedrive\offentligt\nwnx\nwnx_ubab\release\cnwclass.obj
d:\media\onedrive\offentligt\nwnx\nwnx_ubab\release\cnwccmessagedata.obj
d:\media\onedrive\offentligt\nwnx\nwnx_ubab\release\cnwbaseitemarray.obj
d:\media\onedrive\offentligt\nwnx\nwnx_ubab\release\cnetlayer.obj
d:\media\onedrive\offentligt\nwnx\nwnx_ubab\release\clastupdateobject.obj
d:\media\onedrive\offentligt\nwnx\nwnx_ubab\release\citemrepository.obj
d:\media\onedrive\offentligt\nwnx\nwnx_ubab\release\cgameobjectarray.obj
d:\media\onedrive\offentligt\nwnx\nwnx_ubab\release\cgameeffect.obj
d:\media\onedrive\offentligt\nwnx\nwnx_ubab\release\cfactionmanager.obj
d:\media\onedrive\offentligt\nwnx\nwnx_ubab\release\cexostring.obj
d:\media\onedrive\offentligt\nwnx\nwnx_ubab\release\cexoresman.obj
d:\media\onedrive\offentligt\nwnx\nwnx_ubab\release\cexolocstring.obj
d:\media\onedrive\offentligt\nwnx\nwnx_ubab\release\cexolinkedlist.obj
d:\media\onedrive\offentligt\nwnx\nwnx_ubab\release\cautomap.obj
d:\media\onedrive\offentligt\nwnx\nwnx_ubab\release\c2da.obj
d:\media\onedrive\offentligt\nwnx\nwnx_ubab\release\nwnxbase.obj
d:\media\onedrive\offentligt\nwnx\nwnx_ubab\release\inifile.obj
d:\media\onedrive\offentligt\nwnx\nwnx_ubab\release\cnwsstore.obj
d:\media\onedrive\offentligt\nwnx\nwnx_ubab\release\cnwsstats_level.obj
d:\media\onedrive\offentligt\nwnx\nwnx_ubab\release\cnwsscriptvartable.obj
d:\media\onedrive\offentligt\nwnx\nwnx_ubab\release\cnwsplayerturd.obj
d:\media\onedrive\offentligt\nwnx\nwnx_ubab\release\cnwsplayercharsheetgui.obj
d:\media\onedrive\offentligt\nwnx\nwnx_ubab\release\cnwsplayer.obj
d:\media\onedrive\offentligt\nwnx\nwnx_ubab\release\cnwsplaceable.obj
d:\media\onedrive\offentligt\nwnx\nwnx_ubab\release\cnwspellarray.obj
d:\media\onedrive\offentligt\nwnx\nwnx_ubab\release\cnwsobject.obj
d:\media\onedrive\offentligt\nwnx\nwnx_ubab\release\cnwsmodule.obj
d:\media\onedrive\offentligt\nwnx\nwnx_ubab\release\cnwsmessage.obj
d:\media\onedrive\offentligt\nwnx\nwnx_ubab\release\cnwsitem.obj
d:\media\onedrive\offentligt\nwnx\nwnx_ubab\release\cnwsinventory.obj
d:\media\onedrive\offentligt\nwnx\nwnx_ubab\release\cnwsfaction.obj
d:\media\onedrive\offentligt\nwnx\nwnx_ubab\release\cnwsencounter.obj
d:\media\onedrive\offentligt\nwnx\nwnx_ubab\release\cnwsdoor.obj
d:\media\onedrive\offentligt\nwnx\nwnx_ubab\release\cnwscreaturestats.obj
d:\media\onedrive\offentligt\nwnx\nwnx_ubab\release\cnwscreature.obj
d:\media\onedrive\offentligt\nwnx\nwnx_ubab\release\cnwscombatround.obj
d:\media\onedrive\offentligt\nwnx\nwnx_ubab\release\cnwsareaofeffectobject.obj
d:\media\onedrive\offentligt\nwnx\nwnx_ubab\release\nwnxubab.obj
d:\media\onedrive\offentligt\nwnx\nwnx_ubab\release\main.obj
d:\media\onedrive\offentligt\nwnx\nwnx_ubab\release\_exostring.obj
d:\media\onedrive\offentligt\nwnx\nwnx_ubab\release\nwn_internals.obj
d:\media\onedrive\offentligt\nwnx\nwnx_ubab\release\nwnx_memory.obj
d:\media\onedrive\offentligt\nwnx\nwnx_ubab\release\cworldtimer.obj
d:\media\onedrive\offentligt\nwnx\nwnx_ubab\release\cvirtualmachine.obj
d:\media\onedrive\offentligt\nwnx\nwnx_ubab\release\ctwodimarrays.obj
d:\media\onedrive\offentligt\nwnx\nwnx_ubab\release\ctlktable.obj
d:\media\onedrive\offentligt\nwnx\nwnx_ubab\release\cserverexoappinternal.obj
d:\media\onedrive\offentligt\nwnx\nwnx_ubab\release\cserverexoapp.obj
d:\media\onedrive\offentligt\nwnx\nwnx_ubab\release\cserveraimaster.obj
d:\media\onedrive\offentligt\nwnx\nwnx_ubab\release\cscriptevent.obj
d:\media\onedrive\offentligt\nwnx\nwnx_ubab\release\cresref.obj
d:\media\onedrive\offentligt\nwnx\nwnx_ubab\release\cresgff.obj
d:\media\onedrive\offentligt\nwnx\nwnx_ubab\release\cnwtile.obj
d:\media\onedrive\offentligt\nwnx\nwnx_ubab\release\cnwstrigger.obj
d:\media\onedrive\offentligt\nwnx\nwnx_ubab\release\cnwstile.obj
d:\media\onedrive\offentligt\nwnx\release\nwnx_ubab.dll
d:\media\onedrive\offentligt\nwnx\release\nwnx_ubab.pdb
d:\media\onedrive\offentligt\nwnx\release\nwnx_ubab.lib
d:\media\onedrive\offentligt\nwnx\release\nwnx_ubab.exp
d:\media\onedrive\offentligt\nwnx\nwnx_ubab\release\nwnx_ubab.tlog\cl.command.1.tlog
d:\media\onedrive\offentligt\nwnx\nwnx_ubab\release\nwnx_ubab.tlog\cl.read.1.tlog
d:\media\onedrive\offentligt\nwnx\nwnx_ubab\release\nwnx_ubab.tlog\cl.write.1.tlog
d:\media\onedrive\offentligt\nwnx\nwnx_ubab\release\nwnx_ubab.tlog\link.command.1.tlog
d:\media\onedrive\offentligt\nwnx\nwnx_ubab\release\nwnx_ubab.tlog\link.read.1.tlog
d:\media\onedrive\offentligt\nwnx\nwnx_ubab\release\nwnx_ubab.tlog\link.write.1.tlog
d:\media\onedrive\offentligt\nwnx\nwnx_ubab\release\nwnx_ubab.tlog\nwnx_ubab.write.1u.tlog
