\\terrahnet\terra\nwnx\nwnx_palette\release\nwnxpalette.obj
\\terrahnet\terra\nwnx\nwnx_palette\release\main.obj
\\terrahnet\terra\nwnx\nwnx_palette\release\nwnxbase.obj
\\terrahnet\terra\nwnx\nwnx_palette\release\inifile.obj
\\terrahnet\terra\nwnx\nwnx_palette\release\vc110.pdb
\\terrahnet\terra\nwnx\release\nwnx_palette.dll
\\terrahnet\terra\nwnx\release\nwnx_palette.pdb
\\terrahnet\terra\nwnx\release\nwnx_palette.lib
\\terrahnet\terra\nwnx\release\nwnx_palette.exp
d:\media\onedrive\offentligt\nwnx\nwnx_palette\release\inifile.obj
d:\media\onedrive\offentligt\nwnx\nwnx_palette\release\main.obj
d:\media\onedrive\offentligt\nwnx\nwnx_palette\release\nwnxbase.obj
d:\media\onedrive\offentligt\nwnx\nwnx_palette\release\nwnxpalette.obj
d:\media\onedrive\offentligt\nwnx\nwnx_palette\release\cl.command.1.tlog
d:\media\onedrive\offentligt\nwnx\nwnx_palette\release\cl.read.1.tlog
d:\media\onedrive\offentligt\nwnx\nwnx_palette\release\cl.write.1.tlog
d:\media\onedrive\offentligt\nwnx\nwnx_palette\release\link-cvtres.read.1.tlog
d:\media\onedrive\offentligt\nwnx\nwnx_palette\release\link-cvtres.write.1.tlog
d:\media\onedrive\offentligt\nwnx\nwnx_palette\release\link-rc.read.1.tlog
d:\media\onedrive\offentligt\nwnx\nwnx_palette\release\link-rc.write.1.tlog
d:\media\onedrive\offentligt\nwnx\nwnx_palette\release\link.command.1.tlog
d:\media\onedrive\offentligt\nwnx\nwnx_palette\release\link.read.1.tlog
d:\media\onedrive\offentligt\nwnx\nwnx_palette\release\link.write.1.tlog
d:\media\onedrive\offentligt\nwnx\nwnx_palette\release\nwnx_palette.write.1.tlog
d:\media\onedrive\offentligt\nwnx\nwnx_palette\release\vc110.pdb
d:\media\onedrive\offentligt\nwnx\release\nwnx_palette.pdb
d:\media\onedrive\offentligt\nwnx\release\nwnx_palette.dll
