\\WIN-KFA83IN6U8N\TERRA\NWNX\NWNX_RESOURCES\RELEASE\RESHOOKS.OBJ
\\WIN-KFA83IN6U8N\TERRA\NWNX\NWNX_RESOURCES\RELEASE\NWNXRESOURCES.OBJ
\\WIN-KFA83IN6U8N\TERRA\NWNX\NWNX_RESOURCES\RELEASE\MAIN.OBJ
\\WIN-KFA83IN6U8N\TERRA\NWNX\NWNX_RESOURCES\RELEASE\CRES.OBJ
\\WIN-KFA83IN6U8N\TERRA\NWNX\NWNX_RESOURCES\RELEASE\NWNXBASE.OBJ
\\WIN-KFA83IN6U8N\TERRA\NWNX\NWNX_RESOURCES\RELEASE\INIFILE.OBJ
\\WIN-KFA83IN6U8N\TERRA\NWNX\NWNX_RESOURCES\RELEASE\VC110.PDB
\\WIN-KFA83IN6U8N\TERRA\NWNX\RELEASE\NWNX_RESOURCES.DLL
\\WIN-KFA83IN6U8N\TERRA\NWNX\RELEASE\NWNX_RESOURCES.PDB
\\WIN-KFA83IN6U8N\Terra\nwnx\Release\nwnx_resources.lib
\\WIN-KFA83IN6U8N\Terra\nwnx\Release\nwnx_resources.exp
\\terrahnet\Terra\nwnx\nwnx_resources\Release\CRes.obj
\\terrahnet\Terra\nwnx\nwnx_resources\Release\IniFile.obj
\\terrahnet\Terra\nwnx\nwnx_resources\Release\main.obj
\\terrahnet\Terra\nwnx\nwnx_resources\Release\NWNXBase.obj
\\terrahnet\Terra\nwnx\nwnx_resources\Release\NWNXResources.obj
\\terrahnet\Terra\nwnx\nwnx_resources\Release\ResHooks.obj
\\terrahnet\Terra\nwnx\nwnx_resources\Release\cl.command.1.tlog
\\terrahnet\Terra\nwnx\nwnx_resources\Release\CL.read.1.tlog
\\terrahnet\Terra\nwnx\nwnx_resources\Release\CL.write.1.tlog
\\terrahnet\Terra\nwnx\nwnx_resources\Release\link-cvtres.read.1.tlog
\\terrahnet\Terra\nwnx\nwnx_resources\Release\link-cvtres.write.1.tlog
\\terrahnet\Terra\nwnx\nwnx_resources\Release\link-rc.read.1.tlog
\\terrahnet\Terra\nwnx\nwnx_resources\Release\link-rc.write.1.tlog
\\terrahnet\Terra\nwnx\nwnx_resources\Release\link.command.1.tlog
\\terrahnet\Terra\nwnx\nwnx_resources\Release\link.read.1.tlog
\\terrahnet\Terra\nwnx\nwnx_resources\Release\link.write.1.tlog
\\terrahnet\Terra\nwnx\nwnx_resources\Release\nwnx_resources.write.1.tlog
\\terrahnet\Terra\nwnx\nwnx_resources\Release\vc110.pdb
\\terrahnet\Terra\nwnx\Release\nwnx_resources.pdb
\\terrahnet\Terra\nwnx\Release\nwnx_resources.dll
