Build started 2014-10-14 22:38:59.
     1>Project "D:\Media\OneDrive\Offentligt\NWNX\nwnx_resources\nwnx_resources.vcxproj" on node 2 (Rebuild target(s)).
     1>ClCompile:
         D:\Program Files (x86)\Microsoft Visual Studio 12.0\VC\bin\CL.exe /c /Zi /nologo /W3 /WX- /sdl /O2 /Oi /Oy- /GL /D _WINDLL /D _MBCS /Gm- /EHs /MT /GS /Gy /fp:precise /Zc:wchar_t /Zc:forScope /Fo"Release\\" /Fd"Release\vc120.pdb" /Gd /TP /analyze- /errorReport:prompt ..\NWNXdll\IniFile.cpp ..\NWNXdll\NWNXBase.cpp CRes.cpp main.cpp NWNXResources.cpp ResHooks.cpp
         IniFile.cpp
         NWNXBase.cpp
         CRes.cpp
         main.cpp
         NWNXResources.cpp
         ResHooks.cpp
       Link:
         D:\Program Files (x86)\Microsoft Visual Studio 12.0\VC\bin\link.exe /ERRORREPORT:PROMPT /OUT:"D:\Media\OneDrive\Offentligt\NWNX\Release\nwnx_resources.dll" /NOLOGO kernel32.lib user32.lib gdi32.lib winspool.lib comdlg32.lib advapi32.lib shell32.lib ole32.lib oleaut32.lib uuid.lib odbc32.lib odbccp32.lib /MANIFEST /MANIFESTUAC:"level='asInvoker' uiAccess='false'" /manifest:embed /DEBUG /PDB:"D:\Media\OneDrive\Offentligt\NWNX\Release\nwnx_resources.pdb" /OPT:REF /OPT:ICF /LTCG /TLBID:1 /DYNAMICBASE /NXCOMPAT /IMPLIB:"D:\Media\OneDrive\Offentligt\NWNX\Release\nwnx_resources.lib" /MACHINE:X86 /SAFESEH /DLL Release\IniFile.obj
         Release\NWNXBase.obj
         Release\CRes.obj
         Release\main.obj
         Release\NWNXResources.obj
         Release\ResHooks.obj
            Creating library D:\Media\OneDrive\Offentligt\NWNX\Release\nwnx_resources.lib and object D:\Media\OneDrive\Offentligt\NWNX\Release\nwnx_resources.exp
         Generating code
         Finished generating code
         nwnx_resources.vcxproj -> D:\Media\OneDrive\Offentligt\NWNX\Release\nwnx_resources.dll
     1>Done Building Project "D:\Media\OneDrive\Offentligt\NWNX\nwnx_resources\nwnx_resources.vcxproj" (Rebuild target(s)).

Build succeeded.

Time Elapsed 00:00:02.52
