d:\media\onedrive\offentligt\nwnx\nwnx_events\release\vc120.pdb
d:\media\onedrive\offentligt\nwnx\nwnx_events\release\cnwsarea.obj
d:\media\onedrive\offentligt\nwnx\nwnx_events\release\cnwrules.obj
d:\media\onedrive\offentligt\nwnx\nwnx_events\release\cnwmessage.obj
d:\media\onedrive\offentligt\nwnx\nwnx_events\release\cnwclass.obj
d:\media\onedrive\offentligt\nwnx\nwnx_events\release\cnwccmessagedata.obj
d:\media\onedrive\offentligt\nwnx\nwnx_events\release\cnwbaseitemarray.obj
d:\media\onedrive\offentligt\nwnx\nwnx_events\release\cnetlayer.obj
d:\media\onedrive\offentligt\nwnx\nwnx_events\release\clastupdateobject.obj
d:\media\onedrive\offentligt\nwnx\nwnx_events\release\citemrepository.obj
d:\media\onedrive\offentligt\nwnx\nwnx_events\release\cgameobjectarray.obj
d:\media\onedrive\offentligt\nwnx\nwnx_events\release\cgameeffect.obj
d:\media\onedrive\offentligt\nwnx\nwnx_events\release\cfactionmanager.obj
d:\media\onedrive\offentligt\nwnx\nwnx_events\release\cexostring.obj
d:\media\onedrive\offentligt\nwnx\nwnx_events\release\cexoresman.obj
d:\media\onedrive\offentligt\nwnx\nwnx_events\release\cexolocstring.obj
d:\media\onedrive\offentligt\nwnx\nwnx_events\release\cexolinkedlist.obj
d:\media\onedrive\offentligt\nwnx\nwnx_events\release\cautomap.obj
d:\media\onedrive\offentligt\nwnx\nwnx_events\release\c2da.obj
d:\media\onedrive\offentligt\nwnx\nwnx_events\release\nwnxbase.obj
d:\media\onedrive\offentligt\nwnx\nwnx_events\release\inifile.obj
d:\media\onedrive\offentligt\nwnx\nwnx_events\release\cnwsstore.obj
d:\media\onedrive\offentligt\nwnx\nwnx_events\release\cnwsstats_level.obj
d:\media\onedrive\offentligt\nwnx\nwnx_events\release\cnwsscriptvartable.obj
d:\media\onedrive\offentligt\nwnx\nwnx_events\release\cnwsplayerturd.obj
d:\media\onedrive\offentligt\nwnx\nwnx_events\release\cnwsplayercharsheetgui.obj
d:\media\onedrive\offentligt\nwnx\nwnx_events\release\cnwsplayer.obj
d:\media\onedrive\offentligt\nwnx\nwnx_events\release\cnwsplaceable.obj
d:\media\onedrive\offentligt\nwnx\nwnx_events\release\cnwspellarray.obj
d:\media\onedrive\offentligt\nwnx\nwnx_events\release\cnwsobject.obj
d:\media\onedrive\offentligt\nwnx\nwnx_events\release\cnwsmodule.obj
d:\media\onedrive\offentligt\nwnx\nwnx_events\release\cnwsmessage.obj
d:\media\onedrive\offentligt\nwnx\nwnx_events\release\cnwsitem.obj
d:\media\onedrive\offentligt\nwnx\nwnx_events\release\cnwsinventory.obj
d:\media\onedrive\offentligt\nwnx\nwnx_events\release\cnwsfaction.obj
d:\media\onedrive\offentligt\nwnx\nwnx_events\release\cnwsencounter.obj
d:\media\onedrive\offentligt\nwnx\nwnx_events\release\cnwsdoor.obj
d:\media\onedrive\offentligt\nwnx\nwnx_events\release\cnwscreaturestats.obj
d:\media\onedrive\offentligt\nwnx\nwnx_events\release\cnwscreature.obj
d:\media\onedrive\offentligt\nwnx\nwnx_events\release\cnwscombatround.obj
d:\media\onedrive\offentligt\nwnx\nwnx_events\release\cnwsareaofeffectobject.obj
d:\media\onedrive\offentligt\nwnx\nwnx_events\release\nwnxevents.obj
d:\media\onedrive\offentligt\nwnx\nwnx_events\release\main.obj
d:\media\onedrive\offentligt\nwnx\nwnx_events\release\eventhooks.obj
d:\media\onedrive\offentligt\nwnx\nwnx_events\release\_exostring.obj
d:\media\onedrive\offentligt\nwnx\nwnx_events\release\nwn_internals.obj
d:\media\onedrive\offentligt\nwnx\nwnx_events\release\nwnx_memory.obj
d:\media\onedrive\offentligt\nwnx\nwnx_events\release\cworldtimer.obj
d:\media\onedrive\offentligt\nwnx\nwnx_events\release\cvirtualmachine.obj
d:\media\onedrive\offentligt\nwnx\nwnx_events\release\ctwodimarrays.obj
d:\media\onedrive\offentligt\nwnx\nwnx_events\release\ctlktable.obj
d:\media\onedrive\offentligt\nwnx\nwnx_events\release\cserverexoappinternal.obj
d:\media\onedrive\offentligt\nwnx\nwnx_events\release\cserverexoapp.obj
d:\media\onedrive\offentligt\nwnx\nwnx_events\release\cserveraimaster.obj
d:\media\onedrive\offentligt\nwnx\nwnx_events\release\cscriptevent.obj
d:\media\onedrive\offentligt\nwnx\nwnx_events\release\cresref.obj
d:\media\onedrive\offentligt\nwnx\nwnx_events\release\cresgff.obj
d:\media\onedrive\offentligt\nwnx\nwnx_events\release\cnwtile.obj
d:\media\onedrive\offentligt\nwnx\nwnx_events\release\cnwstrigger.obj
d:\media\onedrive\offentligt\nwnx\nwnx_events\release\cnwstile.obj
d:\media\onedrive\offentligt\nwnx\release\nwnx_events.dll
d:\media\onedrive\offentligt\nwnx\release\nwnx_events.pdb
d:\media\onedrive\offentligt\nwnx\release\nwnx_events.lib
d:\media\onedrive\offentligt\nwnx\release\nwnx_events.exp
d:\media\onedrive\offentligt\nwnx\nwnx_events\release\nwnx_events.tlog\cl.command.1.tlog
d:\media\onedrive\offentligt\nwnx\nwnx_events\release\nwnx_events.tlog\cl.read.1.tlog
d:\media\onedrive\offentligt\nwnx\nwnx_events\release\nwnx_events.tlog\cl.write.1.tlog
d:\media\onedrive\offentligt\nwnx\nwnx_events\release\nwnx_events.tlog\link.command.1.tlog
d:\media\onedrive\offentligt\nwnx\nwnx_events\release\nwnx_events.tlog\link.read.1.tlog
d:\media\onedrive\offentligt\nwnx\nwnx_events\release\nwnx_events.tlog\link.write.1.tlog
d:\media\onedrive\offentligt\nwnx\nwnx_events\release\nwnx_events.tlog\nwnx_events.write.1u.tlog
