d:\media\onedrive\offentligt\nwnx\nwnx_magic\release\vc120.pdb
d:\media\onedrive\offentligt\nwnx\nwnx_magic\release\cnwsarea.obj
d:\media\onedrive\offentligt\nwnx\nwnx_magic\release\cnwrules.obj
d:\media\onedrive\offentligt\nwnx\nwnx_magic\release\cnwmessage.obj
d:\media\onedrive\offentligt\nwnx\nwnx_magic\release\cnwclass.obj
d:\media\onedrive\offentligt\nwnx\nwnx_magic\release\cnwccmessagedata.obj
d:\media\onedrive\offentligt\nwnx\nwnx_magic\release\cnwbaseitemarray.obj
d:\media\onedrive\offentligt\nwnx\nwnx_magic\release\cnetlayer.obj
d:\media\onedrive\offentligt\nwnx\nwnx_magic\release\clastupdateobject.obj
d:\media\onedrive\offentligt\nwnx\nwnx_magic\release\citemrepository.obj
d:\media\onedrive\offentligt\nwnx\nwnx_magic\release\cgameobjectarray.obj
d:\media\onedrive\offentligt\nwnx\nwnx_magic\release\cgameeffect.obj
d:\media\onedrive\offentligt\nwnx\nwnx_magic\release\cfactionmanager.obj
d:\media\onedrive\offentligt\nwnx\nwnx_magic\release\cexostring.obj
d:\media\onedrive\offentligt\nwnx\nwnx_magic\release\cexoresman.obj
d:\media\onedrive\offentligt\nwnx\nwnx_magic\release\cexolocstring.obj
d:\media\onedrive\offentligt\nwnx\nwnx_magic\release\cexolinkedlist.obj
d:\media\onedrive\offentligt\nwnx\nwnx_magic\release\cautomap.obj
d:\media\onedrive\offentligt\nwnx\nwnx_magic\release\c2da.obj
d:\media\onedrive\offentligt\nwnx\nwnx_magic\release\nwnxbase.obj
d:\media\onedrive\offentligt\nwnx\nwnx_magic\release\inifile.obj
d:\media\onedrive\offentligt\nwnx\nwnx_magic\release\cnwsstore.obj
d:\media\onedrive\offentligt\nwnx\nwnx_magic\release\cnwsstats_level.obj
d:\media\onedrive\offentligt\nwnx\nwnx_magic\release\cnwsscriptvartable.obj
d:\media\onedrive\offentligt\nwnx\nwnx_magic\release\cnwsplayerturd.obj
d:\media\onedrive\offentligt\nwnx\nwnx_magic\release\cnwsplayercharsheetgui.obj
d:\media\onedrive\offentligt\nwnx\nwnx_magic\release\cnwsplayer.obj
d:\media\onedrive\offentligt\nwnx\nwnx_magic\release\cnwsplaceable.obj
d:\media\onedrive\offentligt\nwnx\nwnx_magic\release\cnwspellarray.obj
d:\media\onedrive\offentligt\nwnx\nwnx_magic\release\cnwsobject.obj
d:\media\onedrive\offentligt\nwnx\nwnx_magic\release\cnwsmodule.obj
d:\media\onedrive\offentligt\nwnx\nwnx_magic\release\cnwsmessage.obj
d:\media\onedrive\offentligt\nwnx\nwnx_magic\release\cnwsitem.obj
d:\media\onedrive\offentligt\nwnx\nwnx_magic\release\cnwsinventory.obj
d:\media\onedrive\offentligt\nwnx\nwnx_magic\release\cnwsfaction.obj
d:\media\onedrive\offentligt\nwnx\nwnx_magic\release\cnwsencounter.obj
d:\media\onedrive\offentligt\nwnx\nwnx_magic\release\cnwsdoor.obj
d:\media\onedrive\offentligt\nwnx\nwnx_magic\release\cnwscreaturestats.obj
d:\media\onedrive\offentligt\nwnx\nwnx_magic\release\cnwscreature.obj
d:\media\onedrive\offentligt\nwnx\nwnx_magic\release\cnwscombatround.obj
d:\media\onedrive\offentligt\nwnx\nwnx_magic\release\cnwsareaofeffectobject.obj
d:\media\onedrive\offentligt\nwnx\nwnx_magic\release\nwnxspecialabilities.obj
d:\media\onedrive\offentligt\nwnx\nwnx_magic\release\nwnxmagic.obj
d:\media\onedrive\offentligt\nwnx\nwnx_magic\release\main.obj
d:\media\onedrive\offentligt\nwnx\nwnx_magic\release\assemblyhelper.obj
d:\media\onedrive\offentligt\nwnx\nwnx_magic\release\_exostring.obj
d:\media\onedrive\offentligt\nwnx\nwnx_magic\release\nwn_internals.obj
d:\media\onedrive\offentligt\nwnx\nwnx_magic\release\nwnx_memory.obj
d:\media\onedrive\offentligt\nwnx\nwnx_magic\release\cworldtimer.obj
d:\media\onedrive\offentligt\nwnx\nwnx_magic\release\cvirtualmachine.obj
d:\media\onedrive\offentligt\nwnx\nwnx_magic\release\ctwodimarrays.obj
d:\media\onedrive\offentligt\nwnx\nwnx_magic\release\ctlktable.obj
d:\media\onedrive\offentligt\nwnx\nwnx_magic\release\cserverexoappinternal.obj
d:\media\onedrive\offentligt\nwnx\nwnx_magic\release\cserverexoapp.obj
d:\media\onedrive\offentligt\nwnx\nwnx_magic\release\cserveraimaster.obj
d:\media\onedrive\offentligt\nwnx\nwnx_magic\release\cscriptevent.obj
d:\media\onedrive\offentligt\nwnx\nwnx_magic\release\cresref.obj
d:\media\onedrive\offentligt\nwnx\nwnx_magic\release\cresgff.obj
d:\media\onedrive\offentligt\nwnx\nwnx_magic\release\cnwtile.obj
d:\media\onedrive\offentligt\nwnx\nwnx_magic\release\cnwstrigger.obj
d:\media\onedrive\offentligt\nwnx\nwnx_magic\release\cnwstile.obj
d:\media\onedrive\offentligt\nwnx\nwnx_magic\release\nwnxspellbook.obj
d:\media\onedrive\offentligt\nwnx\release\nwnx_magic.dll
d:\media\onedrive\offentligt\nwnx\release\nwnx_magic.pdb
d:\media\onedrive\offentligt\nwnx\release\nwnx_magic.lib
d:\media\onedrive\offentligt\nwnx\release\nwnx_magic.exp
e:\media\onedrive\offentligt\nwnx\nwnx_magic\release\assemblyhelper.obj
e:\media\onedrive\offentligt\nwnx\nwnx_magic\release\c2da.obj
e:\media\onedrive\offentligt\nwnx\nwnx_magic\release\cautomap.obj
e:\media\onedrive\offentligt\nwnx\nwnx_magic\release\cexolinkedlist.obj
e:\media\onedrive\offentligt\nwnx\nwnx_magic\release\cexolocstring.obj
e:\media\onedrive\offentligt\nwnx\nwnx_magic\release\cexoresman.obj
e:\media\onedrive\offentligt\nwnx\nwnx_magic\release\cexostring.obj
e:\media\onedrive\offentligt\nwnx\nwnx_magic\release\cfactionmanager.obj
e:\media\onedrive\offentligt\nwnx\nwnx_magic\release\cgameeffect.obj
e:\media\onedrive\offentligt\nwnx\nwnx_magic\release\cgameobjectarray.obj
e:\media\onedrive\offentligt\nwnx\nwnx_magic\release\citemrepository.obj
e:\media\onedrive\offentligt\nwnx\nwnx_magic\release\clastupdateobject.obj
e:\media\onedrive\offentligt\nwnx\nwnx_magic\release\cnetlayer.obj
e:\media\onedrive\offentligt\nwnx\nwnx_magic\release\cnwbaseitemarray.obj
e:\media\onedrive\offentligt\nwnx\nwnx_magic\release\cnwccmessagedata.obj
e:\media\onedrive\offentligt\nwnx\nwnx_magic\release\cnwclass.obj
e:\media\onedrive\offentligt\nwnx\nwnx_magic\release\cnwmessage.obj
e:\media\onedrive\offentligt\nwnx\nwnx_magic\release\cnwrules.obj
e:\media\onedrive\offentligt\nwnx\nwnx_magic\release\cnwsarea.obj
e:\media\onedrive\offentligt\nwnx\nwnx_magic\release\cnwsareaofeffectobject.obj
e:\media\onedrive\offentligt\nwnx\nwnx_magic\release\cnwscombatround.obj
e:\media\onedrive\offentligt\nwnx\nwnx_magic\release\cnwscreature.obj
e:\media\onedrive\offentligt\nwnx\nwnx_magic\release\cnwscreaturestats.obj
e:\media\onedrive\offentligt\nwnx\nwnx_magic\release\cnwsdoor.obj
e:\media\onedrive\offentligt\nwnx\nwnx_magic\release\cnwsencounter.obj
e:\media\onedrive\offentligt\nwnx\nwnx_magic\release\cnwsfaction.obj
e:\media\onedrive\offentligt\nwnx\nwnx_magic\release\cnwsinventory.obj
e:\media\onedrive\offentligt\nwnx\nwnx_magic\release\cnwsitem.obj
e:\media\onedrive\offentligt\nwnx\nwnx_magic\release\cnwsmessage.obj
e:\media\onedrive\offentligt\nwnx\nwnx_magic\release\cnwsmodule.obj
e:\media\onedrive\offentligt\nwnx\nwnx_magic\release\cnwsobject.obj
e:\media\onedrive\offentligt\nwnx\nwnx_magic\release\cnwspellarray.obj
e:\media\onedrive\offentligt\nwnx\nwnx_magic\release\cnwsplaceable.obj
e:\media\onedrive\offentligt\nwnx\nwnx_magic\release\cnwsplayer.obj
e:\media\onedrive\offentligt\nwnx\nwnx_magic\release\cnwsplayercharsheetgui.obj
e:\media\onedrive\offentligt\nwnx\nwnx_magic\release\cnwsplayerturd.obj
e:\media\onedrive\offentligt\nwnx\nwnx_magic\release\cnwsscriptvartable.obj
e:\media\onedrive\offentligt\nwnx\nwnx_magic\release\cnwsstats_level.obj
e:\media\onedrive\offentligt\nwnx\nwnx_magic\release\cnwsstore.obj
e:\media\onedrive\offentligt\nwnx\nwnx_magic\release\cnwstile.obj
e:\media\onedrive\offentligt\nwnx\nwnx_magic\release\cnwstrigger.obj
e:\media\onedrive\offentligt\nwnx\nwnx_magic\release\cnwtile.obj
e:\media\onedrive\offentligt\nwnx\nwnx_magic\release\cresgff.obj
e:\media\onedrive\offentligt\nwnx\nwnx_magic\release\cresref.obj
e:\media\onedrive\offentligt\nwnx\nwnx_magic\release\cscriptevent.obj
e:\media\onedrive\offentligt\nwnx\nwnx_magic\release\cserveraimaster.obj
e:\media\onedrive\offentligt\nwnx\nwnx_magic\release\cserverexoapp.obj
e:\media\onedrive\offentligt\nwnx\nwnx_magic\release\cserverexoappinternal.obj
e:\media\onedrive\offentligt\nwnx\nwnx_magic\release\ctlktable.obj
e:\media\onedrive\offentligt\nwnx\nwnx_magic\release\ctwodimarrays.obj
e:\media\onedrive\offentligt\nwnx\nwnx_magic\release\cvirtualmachine.obj
e:\media\onedrive\offentligt\nwnx\nwnx_magic\release\cworldtimer.obj
e:\media\onedrive\offentligt\nwnx\nwnx_magic\release\inifile.obj
e:\media\onedrive\offentligt\nwnx\nwnx_magic\release\main.obj
e:\media\onedrive\offentligt\nwnx\nwnx_magic\release\nwnxbase.obj
e:\media\onedrive\offentligt\nwnx\nwnx_magic\release\nwnxmagic.obj
e:\media\onedrive\offentligt\nwnx\nwnx_magic\release\nwnxspecialabilities.obj
e:\media\onedrive\offentligt\nwnx\nwnx_magic\release\nwnxspellbook.obj
e:\media\onedrive\offentligt\nwnx\nwnx_magic\release\nwnx_memory.obj
e:\media\onedrive\offentligt\nwnx\nwnx_magic\release\nwn_internals.obj
e:\media\onedrive\offentligt\nwnx\nwnx_magic\release\_exostring.obj
e:\media\onedrive\offentligt\nwnx\nwnx_magic\release\vc120.pdb
e:\media\onedrive\offentligt\nwnx\release\nwnx_magic.pdb
e:\media\onedrive\offentligt\nwnx\release\nwnx_magic.dll
e:\media\onedrive\offentligt\nwnx\nwnx_magic\release\nwnx_magic.tlog\cl.command.1.tlog
e:\media\onedrive\offentligt\nwnx\nwnx_magic\release\nwnx_magic.tlog\cl.read.1.tlog
e:\media\onedrive\offentligt\nwnx\nwnx_magic\release\nwnx_magic.tlog\cl.write.1.tlog
e:\media\onedrive\offentligt\nwnx\nwnx_magic\release\nwnx_magic.tlog\link.command.1.tlog
e:\media\onedrive\offentligt\nwnx\nwnx_magic\release\nwnx_magic.tlog\link.read.1.tlog
e:\media\onedrive\offentligt\nwnx\nwnx_magic\release\nwnx_magic.tlog\link.write.1.tlog
e:\media\onedrive\offentligt\nwnx\nwnx_magic\release\nwnx_magic.tlog\nwnx_magic.write.1u.tlog
