\\terrahnet\terra\nwnx\nwnx_amia\release\cnwsarea.obj
\\terrahnet\terra\nwnx\nwnx_amia\release\cnwrules.obj
\\terrahnet\terra\nwnx\nwnx_amia\release\cnwmessage.obj
\\terrahnet\terra\nwnx\nwnx_amia\release\cnwclass.obj
\\terrahnet\terra\nwnx\nwnx_amia\release\cnwccmessagedata.obj
\\terrahnet\terra\nwnx\nwnx_amia\release\cnwbaseitemarray.obj
\\terrahnet\terra\nwnx\nwnx_amia\release\cnetlayer.obj
\\terrahnet\terra\nwnx\nwnx_amia\release\clastupdateobject.obj
\\terrahnet\terra\nwnx\nwnx_amia\release\citemrepository.obj
\\terrahnet\terra\nwnx\nwnx_amia\release\cgameobjectarray.obj
\\terrahnet\terra\nwnx\nwnx_amia\release\cgameeffect.obj
\\terrahnet\terra\nwnx\nwnx_amia\release\cfactionmanager.obj
\\terrahnet\terra\nwnx\nwnx_amia\release\cexostring.obj
\\terrahnet\terra\nwnx\nwnx_amia\release\cexoresman.obj
\\terrahnet\terra\nwnx\nwnx_amia\release\cexolocstring.obj
\\terrahnet\terra\nwnx\nwnx_amia\release\cexolinkedlist.obj
\\terrahnet\terra\nwnx\nwnx_amia\release\cautomap.obj
\\terrahnet\terra\nwnx\nwnx_amia\release\c2da.obj
\\terrahnet\terra\nwnx\nwnx_amia\release\nwnxbase.obj
\\terrahnet\terra\nwnx\nwnx_amia\release\inifile.obj
\\terrahnet\terra\nwnx\nwnx_amia\release\cnwsstore.obj
\\terrahnet\terra\nwnx\nwnx_amia\release\cnwsstats_level.obj
\\terrahnet\terra\nwnx\nwnx_amia\release\cnwsscriptvartable.obj
\\terrahnet\terra\nwnx\nwnx_amia\release\cnwsplayerturd.obj
\\terrahnet\terra\nwnx\nwnx_amia\release\cnwsplayercharsheetgui.obj
\\terrahnet\terra\nwnx\nwnx_amia\release\cnwsplayer.obj
\\terrahnet\terra\nwnx\nwnx_amia\release\cnwsplaceable.obj
\\terrahnet\terra\nwnx\nwnx_amia\release\cnwspellarray.obj
\\terrahnet\terra\nwnx\nwnx_amia\release\cnwsobject.obj
\\terrahnet\terra\nwnx\nwnx_amia\release\cnwsmodule.obj
\\terrahnet\terra\nwnx\nwnx_amia\release\cnwsmessage.obj
\\terrahnet\terra\nwnx\nwnx_amia\release\cnwsitem.obj
\\terrahnet\terra\nwnx\nwnx_amia\release\cnwsinventory.obj
\\terrahnet\terra\nwnx\nwnx_amia\release\cnwsfaction.obj
\\terrahnet\terra\nwnx\nwnx_amia\release\cnwsencounter.obj
\\terrahnet\terra\nwnx\nwnx_amia\release\cnwsdoor.obj
\\terrahnet\terra\nwnx\nwnx_amia\release\cnwscreaturestats.obj
\\terrahnet\terra\nwnx\nwnx_amia\release\cnwscreature.obj
\\terrahnet\terra\nwnx\nwnx_amia\release\cnwscombatround.obj
\\terrahnet\terra\nwnx\nwnx_amia\release\cnwsareaofeffectobject.obj
\\terrahnet\terra\nwnx\nwnx_amia\release\nwnxamia.obj
\\terrahnet\terra\nwnx\nwnx_amia\release\main.obj
\\terrahnet\terra\nwnx\nwnx_amia\release\_exostring.obj
\\terrahnet\terra\nwnx\nwnx_amia\release\nwn_internals.obj
\\terrahnet\terra\nwnx\nwnx_amia\release\nwnx_memory.obj
\\terrahnet\terra\nwnx\nwnx_amia\release\cworldtimer.obj
\\terrahnet\terra\nwnx\nwnx_amia\release\cvirtualmachine.obj
\\terrahnet\terra\nwnx\nwnx_amia\release\ctwodimarrays.obj
\\terrahnet\terra\nwnx\nwnx_amia\release\ctlktable.obj
\\terrahnet\terra\nwnx\nwnx_amia\release\cserverexoappinternal.obj
\\terrahnet\terra\nwnx\nwnx_amia\release\cserverexoapp.obj
\\terrahnet\terra\nwnx\nwnx_amia\release\cserveraimaster.obj
\\terrahnet\terra\nwnx\nwnx_amia\release\cscriptevent.obj
\\terrahnet\terra\nwnx\nwnx_amia\release\cresref.obj
\\terrahnet\terra\nwnx\nwnx_amia\release\cresgff.obj
\\terrahnet\terra\nwnx\nwnx_amia\release\cnwtile.obj
\\terrahnet\terra\nwnx\nwnx_amia\release\cnwstrigger.obj
\\terrahnet\terra\nwnx\nwnx_amia\release\cnwstile.obj
\\terrahnet\terra\nwnx\nwnx_amia\release\vc110.pdb
\\terrahnet\terra\nwnx\release\nwnx_amia.dll
\\terrahnet\terra\nwnx\release\nwnx_amia.pdb
\\terrahnet\terra\nwnx\release\nwnx_amia.lib
\\terrahnet\terra\nwnx\release\nwnx_amia.exp
d:\media\onedrive\offentligt\nwnx\nwnx_amia\release\c2da.obj
d:\media\onedrive\offentligt\nwnx\nwnx_amia\release\cautomap.obj
d:\media\onedrive\offentligt\nwnx\nwnx_amia\release\cexolinkedlist.obj
d:\media\onedrive\offentligt\nwnx\nwnx_amia\release\cexolocstring.obj
d:\media\onedrive\offentligt\nwnx\nwnx_amia\release\cexoresman.obj
d:\media\onedrive\offentligt\nwnx\nwnx_amia\release\cexostring.obj
d:\media\onedrive\offentligt\nwnx\nwnx_amia\release\cfactionmanager.obj
d:\media\onedrive\offentligt\nwnx\nwnx_amia\release\cgameeffect.obj
d:\media\onedrive\offentligt\nwnx\nwnx_amia\release\cgameobjectarray.obj
d:\media\onedrive\offentligt\nwnx\nwnx_amia\release\citemrepository.obj
d:\media\onedrive\offentligt\nwnx\nwnx_amia\release\clastupdateobject.obj
d:\media\onedrive\offentligt\nwnx\nwnx_amia\release\cnetlayer.obj
d:\media\onedrive\offentligt\nwnx\nwnx_amia\release\cnwbaseitemarray.obj
d:\media\onedrive\offentligt\nwnx\nwnx_amia\release\cnwccmessagedata.obj
d:\media\onedrive\offentligt\nwnx\nwnx_amia\release\cnwclass.obj
d:\media\onedrive\offentligt\nwnx\nwnx_amia\release\cnwmessage.obj
d:\media\onedrive\offentligt\nwnx\nwnx_amia\release\cnwrules.obj
d:\media\onedrive\offentligt\nwnx\nwnx_amia\release\cnwsarea.obj
d:\media\onedrive\offentligt\nwnx\nwnx_amia\release\cnwsareaofeffectobject.obj
d:\media\onedrive\offentligt\nwnx\nwnx_amia\release\cnwscombatround.obj
d:\media\onedrive\offentligt\nwnx\nwnx_amia\release\cnwscreature.obj
d:\media\onedrive\offentligt\nwnx\nwnx_amia\release\cnwscreaturestats.obj
d:\media\onedrive\offentligt\nwnx\nwnx_amia\release\cnwsdoor.obj
d:\media\onedrive\offentligt\nwnx\nwnx_amia\release\cnwsencounter.obj
d:\media\onedrive\offentligt\nwnx\nwnx_amia\release\cnwsfaction.obj
d:\media\onedrive\offentligt\nwnx\nwnx_amia\release\cnwsinventory.obj
d:\media\onedrive\offentligt\nwnx\nwnx_amia\release\cnwsitem.obj
d:\media\onedrive\offentligt\nwnx\nwnx_amia\release\cnwsmessage.obj
d:\media\onedrive\offentligt\nwnx\nwnx_amia\release\cnwsmodule.obj
d:\media\onedrive\offentligt\nwnx\nwnx_amia\release\cnwsobject.obj
d:\media\onedrive\offentligt\nwnx\nwnx_amia\release\cnwspellarray.obj
d:\media\onedrive\offentligt\nwnx\nwnx_amia\release\cnwsplaceable.obj
d:\media\onedrive\offentligt\nwnx\nwnx_amia\release\cnwsplayer.obj
d:\media\onedrive\offentligt\nwnx\nwnx_amia\release\cnwsplayercharsheetgui.obj
d:\media\onedrive\offentligt\nwnx\nwnx_amia\release\cnwsplayerturd.obj
d:\media\onedrive\offentligt\nwnx\nwnx_amia\release\cnwsscriptvartable.obj
d:\media\onedrive\offentligt\nwnx\nwnx_amia\release\cnwsstats_level.obj
d:\media\onedrive\offentligt\nwnx\nwnx_amia\release\cnwsstore.obj
d:\media\onedrive\offentligt\nwnx\nwnx_amia\release\cnwstile.obj
d:\media\onedrive\offentligt\nwnx\nwnx_amia\release\cnwstrigger.obj
d:\media\onedrive\offentligt\nwnx\nwnx_amia\release\cnwtile.obj
d:\media\onedrive\offentligt\nwnx\nwnx_amia\release\cresgff.obj
d:\media\onedrive\offentligt\nwnx\nwnx_amia\release\cresref.obj
d:\media\onedrive\offentligt\nwnx\nwnx_amia\release\cscriptevent.obj
d:\media\onedrive\offentligt\nwnx\nwnx_amia\release\cserveraimaster.obj
d:\media\onedrive\offentligt\nwnx\nwnx_amia\release\cserverexoapp.obj
d:\media\onedrive\offentligt\nwnx\nwnx_amia\release\cserverexoappinternal.obj
d:\media\onedrive\offentligt\nwnx\nwnx_amia\release\ctlktable.obj
d:\media\onedrive\offentligt\nwnx\nwnx_amia\release\ctwodimarrays.obj
d:\media\onedrive\offentligt\nwnx\nwnx_amia\release\cvirtualmachine.obj
d:\media\onedrive\offentligt\nwnx\nwnx_amia\release\cworldtimer.obj
d:\media\onedrive\offentligt\nwnx\nwnx_amia\release\inifile.obj
d:\media\onedrive\offentligt\nwnx\nwnx_amia\release\main.obj
d:\media\onedrive\offentligt\nwnx\nwnx_amia\release\nwnxamia.obj
d:\media\onedrive\offentligt\nwnx\nwnx_amia\release\nwnxbase.obj
d:\media\onedrive\offentligt\nwnx\nwnx_amia\release\nwnx_memory.obj
d:\media\onedrive\offentligt\nwnx\nwnx_amia\release\nwn_internals.obj
d:\media\onedrive\offentligt\nwnx\nwnx_amia\release\_exostring.obj
d:\media\onedrive\offentligt\nwnx\nwnx_amia\release\cl.command.1.tlog
d:\media\onedrive\offentligt\nwnx\nwnx_amia\release\cl.read.1.tlog
d:\media\onedrive\offentligt\nwnx\nwnx_amia\release\cl.write.1.tlog
d:\media\onedrive\offentligt\nwnx\nwnx_amia\release\link-cvtres.read.1.tlog
d:\media\onedrive\offentligt\nwnx\nwnx_amia\release\link-cvtres.write.1.tlog
d:\media\onedrive\offentligt\nwnx\nwnx_amia\release\link-rc.read.1.tlog
d:\media\onedrive\offentligt\nwnx\nwnx_amia\release\link-rc.write.1.tlog
d:\media\onedrive\offentligt\nwnx\nwnx_amia\release\link.command.1.tlog
d:\media\onedrive\offentligt\nwnx\nwnx_amia\release\link.read.1.tlog
d:\media\onedrive\offentligt\nwnx\nwnx_amia\release\link.write.1.tlog
d:\media\onedrive\offentligt\nwnx\nwnx_amia\release\nwnx_amia.write.1.tlog
d:\media\onedrive\offentligt\nwnx\nwnx_amia\release\vc110.pdb
d:\media\onedrive\offentligt\nwnx\release\nwnx_amia.pdb
d:\media\onedrive\offentligt\nwnx\release\nwnx_amia.dll
