Build started 2013-09-20 17:27:22.
     1>Project "\\terrahnet\Terra\nwnx\nwnx_names\nwnx_names.vcxproj" on node 2 (Rebuild target(s)).
     1>ClCompile:
         D:\Program Files (x86)\Microsoft Visual Studio 11.0\VC\bin\CL.exe /c /Zi /nologo /W3 /WX- /O2 /Oi /Oy- /GL /D _WINDLL /D _MBCS /Gm- /EHsc /MT /GS /Gy /fp:precise /Zc:wchar_t /Zc:forScope /Fo"Release\\" /Fd"Release\vc110.pdb" /Gd /TP /analyze- /errorReport:prompt ..\NWNXdll\IniFile.cpp ..\NWNXdll\NWNXBase.cpp ..\NWSERVER\C2DA.cpp ..\NWSERVER\CAutoMap.cpp ..\NWSERVER\CExoLinkedList.cpp ..\NWSERVER\CExoLocString.cpp ..\NWSERVER\CExoResMan.cpp ..\NWSERVER\CExoString.cpp ..\NWSERVER\CFactionManager.cpp ..\NWSERVER\CGameEffect.cpp ..\NWSERVER\CGameObjectArray.cpp ..\NWSERVER\CItemRepository.cpp ..\NWSERVER\CLastUpdateObject.cpp ..\NWSERVER\CNetLayer.cpp ..\NWSERVER\CNWBaseItemArray.cpp ..\NWSERVER\CNWCCMessageData.cpp ..\NWSERVER\CNWClass.cpp ..\NWSERVER\CNWMessage.cpp ..\NWSERVER\CNWRules.cpp ..\NWSERVER\CNWSArea.cpp ..\NWSERVER\CNWSAreaOfEffectObject.cpp ..\NWSERVER\CNWSCombatRound.cpp ..\NWSERVER\CNWSCreature.cpp ..\NWSERVER\CNWSCreatureStats.cpp ..\NWSERVER\CNWSDoor.cpp ..\NWSERVER\CNWSEncounter.cpp ..\NWSERVER\CNWSFaction.cpp ..\NWSERVER\CNWSInventory.cpp ..\NWSERVER\CNWSItem.cpp ..\NWSERVER\CNWSMessage.cpp ..\NWSERVER\CNWSModule.cpp ..\NWSERVER\CNWSObject.cpp ..\NWSERVER\CNWSpellArray.cpp ..\NWSERVER\CNWSPlaceable.cpp ..\NWSERVER\CNWSPlayer.cpp ..\NWSERVER\CNWSPlayerCharSheetGUI.cpp ..\NWSERVER\CNWSplayerTURD.cpp ..\NWSERVER\CNWSScriptVarTable.cpp ..\NWSERVER\CNWSStats_Level.cpp ..\NWSERVER\CNWSStore.cpp ..\NWSERVER\CNWSTile.cpp ..\NWSERVER\CNWSTrigger.cpp ..\NWSERVER\CNWTile.cpp ..\NWSERVER\CResGFF.cpp ..\NWSERVER\CResRef.cpp ..\NWSERVER\CScriptEvent.cpp ..\NWSERVER\CServerAIMaster.cpp ..\NWSERVER\CServerExoApp.cpp ..\NWSERVER\CServerExoAppInternal.cpp ..\NWSERVER\CTlkTable.cpp ..\NWSERVER\CTwoDimArrays.cpp ..\NWSERVER\CVirtualMachine.cpp ..\NWSERVER\CWorldTimer.cpp ..\NWSERVER\nwnx_memory.cpp ..\NWSERVER\nwn_internals.cpp ..\NWSERVER\_ExoString.cpp CustomNames.cpp Hooks.cpp main.cpp NWNXNames.cpp nwnx_memory.cpp
         IniFile.cpp
         NWNXBase.cpp
         C2DA.cpp
         CAutoMap.cpp
         CExoLinkedList.cpp
         CExoLocString.cpp
         CExoResMan.cpp
         CExoString.cpp
         CFactionManager.cpp
         CGameEffect.cpp
     1>..\NWSERVER\CGameEffect.cpp(45): warning C4018: '>=' : signed/unsigned mismatch
         CGameObjectArray.cpp
         CItemRepository.cpp
         CLastUpdateObject.cpp
         CNetLayer.cpp
         CNWBaseItemArray.cpp
         CNWCCMessageData.cpp
         CNWClass.cpp
         CNWMessage.cpp
         CNWRules.cpp
         CNWSArea.cpp
         Compiling...
         CNWSAreaOfEffectObject.cpp
         CNWSCombatRound.cpp
         CNWSCreature.cpp
         CNWSCreatureStats.cpp
         CNWSDoor.cpp
         CNWSEncounter.cpp
         CNWSFaction.cpp
         CNWSInventory.cpp
         CNWSItem.cpp
         CNWSMessage.cpp
         CNWSModule.cpp
         CNWSObject.cpp
         CNWSpellArray.cpp
         CNWSPlaceable.cpp
         CNWSPlayer.cpp
         CNWSPlayerCharSheetGUI.cpp
         CNWSplayerTURD.cpp
         CNWSScriptVarTable.cpp
         CNWSStats_Level.cpp
         CNWSStore.cpp
         Compiling...
         CNWSTile.cpp
         CNWSTrigger.cpp
         CNWTile.cpp
         CResGFF.cpp
         CResRef.cpp
         CScriptEvent.cpp
         CServerAIMaster.cpp
         CServerExoApp.cpp
         CServerExoAppInternal.cpp
         CTlkTable.cpp
         CTwoDimArrays.cpp
         CVirtualMachine.cpp
         CWorldTimer.cpp
         nwnx_memory.cpp
         nwn_internals.cpp
         _ExoString.cpp
         CustomNames.cpp
     1>CustomNames.cpp(43): warning C4018: '<=' : signed/unsigned mismatch
     1>CustomNames.cpp(73): warning C4996: 'strcpy': This function or variable may be unsafe. Consider using strcpy_s instead. To disable deprecation, use _CRT_SECURE_NO_WARNINGS. See online help for details.
                 D:\Program Files (x86)\Microsoft Visual Studio 11.0\VC\include\string.h(110) : see declaration of 'strcpy'
     1>CustomNames.cpp(86): warning C4996: 'strcpy': This function or variable may be unsafe. Consider using strcpy_s instead. To disable deprecation, use _CRT_SECURE_NO_WARNINGS. See online help for details.
                 D:\Program Files (x86)\Microsoft Visual Studio 11.0\VC\include\string.h(110) : see declaration of 'strcpy'
         Hooks.cpp
     1>Hooks.cpp(37): warning C4996: 'strncpy': This function or variable may be unsafe. Consider using strncpy_s instead. To disable deprecation, use _CRT_SECURE_NO_WARNINGS. See online help for details.
                 D:\Program Files (x86)\Microsoft Visual Studio 11.0\VC\include\string.h(191) : see declaration of 'strncpy'
         main.cpp
         NWNXNames.cpp
     1>NWNXNames.cpp(32): warning C4996: 'sprintf': This function or variable may be unsafe. Consider using sprintf_s instead. To disable deprecation, use _CRT_SECURE_NO_WARNINGS. See online help for details.
                 D:\Program Files (x86)\Microsoft Visual Studio 11.0\VC\include\stdio.h(357) : see declaration of 'sprintf'
     1>NWNXNames.cpp(69): warning C4996: 'fopen': This function or variable may be unsafe. Consider using fopen_s instead. To disable deprecation, use _CRT_SECURE_NO_WARNINGS. See online help for details.
                 D:\Program Files (x86)\Microsoft Visual Studio 11.0\VC\include\stdio.h(218) : see declaration of 'fopen'
     1>NWNXNames.cpp(76): warning C4996: 'vsprintf': This function or variable may be unsafe. Consider using vsprintf_s instead. To disable deprecation, use _CRT_SECURE_NO_WARNINGS. See online help for details.
                 D:\Program Files (x86)\Microsoft Visual Studio 11.0\VC\include\stdio.h(357) : see declaration of 'vsprintf'
     1>NWNXNames.cpp(117): warning C4018: '<' : signed/unsigned mismatch
     1>NWNXNames.cpp(159): warning C4996: 'sscanf': This function or variable may be unsafe. Consider using sscanf_s instead. To disable deprecation, use _CRT_SECURE_NO_WARNINGS. See online help for details.
                 D:\Program Files (x86)\Microsoft Visual Studio 11.0\VC\include\stdio.h(311) : see declaration of 'sscanf'
     1>NWNXNames.cpp(167): warning C4996: 'sscanf': This function or variable may be unsafe. Consider using sscanf_s instead. To disable deprecation, use _CRT_SECURE_NO_WARNINGS. See online help for details.
                 D:\Program Files (x86)\Microsoft Visual Studio 11.0\VC\include\stdio.h(311) : see declaration of 'sscanf'
     1>NWNXNames.cpp(176): warning C4996: 'sscanf': This function or variable may be unsafe. Consider using sscanf_s instead. To disable deprecation, use _CRT_SECURE_NO_WARNINGS. See online help for details.
                 D:\Program Files (x86)\Microsoft Visual Studio 11.0\VC\include\stdio.h(311) : see declaration of 'sscanf'
     1>NWNXNames.cpp(196): warning C4996: 'sscanf': This function or variable may be unsafe. Consider using sscanf_s instead. To disable deprecation, use _CRT_SECURE_NO_WARNINGS. See online help for details.
                 D:\Program Files (x86)\Microsoft Visual Studio 11.0\VC\include\stdio.h(311) : see declaration of 'sscanf'
     1>NWNXNames.cpp(217): warning C4996: 'strcpy': This function or variable may be unsafe. Consider using strcpy_s instead. To disable deprecation, use _CRT_SECURE_NO_WARNINGS. See online help for details.
                 D:\Program Files (x86)\Microsoft Visual Studio 11.0\VC\include\string.h(110) : see declaration of 'strcpy'
     1>NWNXNames.cpp(225): warning C4018: '<' : signed/unsigned mismatch
     1>NWNXNames.cpp(241): warning C4996: 'strncpy': This function or variable may be unsafe. Consider using strncpy_s instead. To disable deprecation, use _CRT_SECURE_NO_WARNINGS. See online help for details.
                 D:\Program Files (x86)\Microsoft Visual Studio 11.0\VC\include\string.h(191) : see declaration of 'strncpy'
     1>NWNXNames.cpp(316): warning C4996: 'strncpy': This function or variable may be unsafe. Consider using strncpy_s instead. To disable deprecation, use _CRT_SECURE_NO_WARNINGS. See online help for details.
                 D:\Program Files (x86)\Microsoft Visual Studio 11.0\VC\include\string.h(191) : see declaration of 'strncpy'
     1>NWNXNames.cpp(330): warning C4996: 'strcpy': This function or variable may be unsafe. Consider using strcpy_s instead. To disable deprecation, use _CRT_SECURE_NO_WARNINGS. See online help for details.
                 D:\Program Files (x86)\Microsoft Visual Studio 11.0\VC\include\string.h(110) : see declaration of 'strcpy'
     1>NWNXNames.cpp(336): warning C4996: 'sscanf': This function or variable may be unsafe. Consider using sscanf_s instead. To disable deprecation, use _CRT_SECURE_NO_WARNINGS. See online help for details.
                 D:\Program Files (x86)\Microsoft Visual Studio 11.0\VC\include\stdio.h(311) : see declaration of 'sscanf'
     1>NWNXNames.cpp(341): warning C4996: 'strcpy': This function or variable may be unsafe. Consider using strcpy_s instead. To disable deprecation, use _CRT_SECURE_NO_WARNINGS. See online help for details.
                 D:\Program Files (x86)\Microsoft Visual Studio 11.0\VC\include\string.h(110) : see declaration of 'strcpy'
     1>NWNXNames.cpp(345): warning C4018: '<' : signed/unsigned mismatch
     1>NWNXNames.cpp(354): warning C4996: 'strcpy': This function or variable may be unsafe. Consider using strcpy_s instead. To disable deprecation, use _CRT_SECURE_NO_WARNINGS. See online help for details.
                 D:\Program Files (x86)\Microsoft Visual Studio 11.0\VC\include\string.h(110) : see declaration of 'strcpy'
     1>NWNXNames.cpp(357): warning C4996: 'strcpy': This function or variable may be unsafe. Consider using strcpy_s instead. To disable deprecation, use _CRT_SECURE_NO_WARNINGS. See online help for details.
                 D:\Program Files (x86)\Microsoft Visual Studio 11.0\VC\include\string.h(110) : see declaration of 'strcpy'
     1>NWNXNames.cpp(383): warning C4996: 'strcpy': This function or variable may be unsafe. Consider using strcpy_s instead. To disable deprecation, use _CRT_SECURE_NO_WARNINGS. See online help for details.
                 D:\Program Files (x86)\Microsoft Visual Studio 11.0\VC\include\string.h(110) : see declaration of 'strcpy'
     1>NWNXNames.cpp(387): warning C4996: 'sscanf': This function or variable may be unsafe. Consider using sscanf_s instead. To disable deprecation, use _CRT_SECURE_NO_WARNINGS. See online help for details.
                 D:\Program Files (x86)\Microsoft Visual Studio 11.0\VC\include\stdio.h(311) : see declaration of 'sscanf'
     1>NWNXNames.cpp(393): warning C4996: 'strcpy': This function or variable may be unsafe. Consider using strcpy_s instead. To disable deprecation, use _CRT_SECURE_NO_WARNINGS. See online help for details.
                 D:\Program Files (x86)\Microsoft Visual Studio 11.0\VC\include\string.h(110) : see declaration of 'strcpy'
     1>NWNXNames.cpp(400): warning C4996: 'strcpy': This function or variable may be unsafe. Consider using strcpy_s instead. To disable deprecation, use _CRT_SECURE_NO_WARNINGS. See online help for details.
                 D:\Program Files (x86)\Microsoft Visual Studio 11.0\VC\include\string.h(110) : see declaration of 'strcpy'
     1>NWNXNames.cpp(404): warning C4996: 'strcpy': This function or variable may be unsafe. Consider using strcpy_s instead. To disable deprecation, use _CRT_SECURE_NO_WARNINGS. See online help for details.
                 D:\Program Files (x86)\Microsoft Visual Studio 11.0\VC\include\string.h(110) : see declaration of 'strcpy'
     1>NWNXNames.cpp(413): warning C4996: 'strcpy': This function or variable may be unsafe. Consider using strcpy_s instead. To disable deprecation, use _CRT_SECURE_NO_WARNINGS. See online help for details.
                 D:\Program Files (x86)\Microsoft Visual Studio 11.0\VC\include\string.h(110) : see declaration of 'strcpy'
     1>NWNXNames.cpp(417): warning C4996: 'sscanf': This function or variable may be unsafe. Consider using sscanf_s instead. To disable deprecation, use _CRT_SECURE_NO_WARNINGS. See online help for details.
                 D:\Program Files (x86)\Microsoft Visual Studio 11.0\VC\include\stdio.h(311) : see declaration of 'sscanf'
     1>NWNXNames.cpp(422): warning C4996: 'strcpy': This function or variable may be unsafe. Consider using strcpy_s instead. To disable deprecation, use _CRT_SECURE_NO_WARNINGS. See online help for details.
                 D:\Program Files (x86)\Microsoft Visual Studio 11.0\VC\include\string.h(110) : see declaration of 'strcpy'
     1>NWNXNames.cpp(430): warning C4996: 'strcpy': This function or variable may be unsafe. Consider using strcpy_s instead. To disable deprecation, use _CRT_SECURE_NO_WARNINGS. See online help for details.
                 D:\Program Files (x86)\Microsoft Visual Studio 11.0\VC\include\string.h(110) : see declaration of 'strcpy'
     1>NWNXNames.cpp(447): warning C4996: 'strcpy': This function or variable may be unsafe. Consider using strcpy_s instead. To disable deprecation, use _CRT_SECURE_NO_WARNINGS. See online help for details.
                 D:\Program Files (x86)\Microsoft Visual Studio 11.0\VC\include\string.h(110) : see declaration of 'strcpy'
     1>NWNXNames.cpp(455): warning C4996: 'strcpy': This function or variable may be unsafe. Consider using strcpy_s instead. To disable deprecation, use _CRT_SECURE_NO_WARNINGS. See online help for details.
                 D:\Program Files (x86)\Microsoft Visual Studio 11.0\VC\include\string.h(110) : see declaration of 'strcpy'
     1>NWNXNames.cpp(462): warning C4996: 'sscanf': This function or variable may be unsafe. Consider using sscanf_s instead. To disable deprecation, use _CRT_SECURE_NO_WARNINGS. See online help for details.
                 D:\Program Files (x86)\Microsoft Visual Studio 11.0\VC\include\stdio.h(311) : see declaration of 'sscanf'
     1>NWNXNames.cpp(464): warning C4018: '<' : signed/unsigned mismatch
     1>NWNXNames.cpp(485): warning C4996: 'strcpy': This function or variable may be unsafe. Consider using strcpy_s instead. To disable deprecation, use _CRT_SECURE_NO_WARNINGS. See online help for details.
                 D:\Program Files (x86)\Microsoft Visual Studio 11.0\VC\include\string.h(110) : see declaration of 'strcpy'
     1>NWNXNames.cpp(495): warning C4996: 'strncpy': This function or variable may be unsafe. Consider using strncpy_s instead. To disable deprecation, use _CRT_SECURE_NO_WARNINGS. See online help for details.
                 D:\Program Files (x86)\Microsoft Visual Studio 11.0\VC\include\string.h(191) : see declaration of 'strncpy'
     1>NWNXNames.cpp(499): warning C4996: 'strcpy': This function or variable may be unsafe. Consider using strcpy_s instead. To disable deprecation, use _CRT_SECURE_NO_WARNINGS. See online help for details.
                 D:\Program Files (x86)\Microsoft Visual Studio 11.0\VC\include\string.h(110) : see declaration of 'strcpy'
     1>NWNXNames.cpp(512): warning C4996: 'sscanf': This function or variable may be unsafe. Consider using sscanf_s instead. To disable deprecation, use _CRT_SECURE_NO_WARNINGS. See online help for details.
                 D:\Program Files (x86)\Microsoft Visual Studio 11.0\VC\include\stdio.h(311) : see declaration of 'sscanf'
     1>NWNXNames.cpp(524): warning C4996: 'strcpy': This function or variable may be unsafe. Consider using strcpy_s instead. To disable deprecation, use _CRT_SECURE_NO_WARNINGS. See online help for details.
                 D:\Program Files (x86)\Microsoft Visual Studio 11.0\VC\include\string.h(110) : see declaration of 'strcpy'
     1>NWNXNames.cpp(569): warning C4018: '<=' : signed/unsigned mismatch
         Compiling...
         nwnx_memory.cpp
       Link:
         D:\Program Files (x86)\Microsoft Visual Studio 11.0\VC\bin\link.exe /ERRORREPORT:PROMPT /OUT:"\\terrahnet\Terra\nwnx\Release\nwnx_names.dll" /NOLOGO kernel32.lib user32.lib gdi32.lib winspool.lib comdlg32.lib advapi32.lib shell32.lib ole32.lib oleaut32.lib uuid.lib odbc32.lib odbccp32.lib /MANIFEST /MANIFESTUAC:"level='asInvoker' uiAccess='false'" /manifest:embed /DEBUG /PDB:"\\terrahnet\Terra\nwnx\Release\nwnx_names.pdb" /OPT:REF /OPT:ICF /LTCG /TLBID:1 /DYNAMICBASE /NXCOMPAT /IMPLIB:"\\terrahnet\Terra\nwnx\Release\nwnx_names.lib" /MACHINE:X86 /SAFESEH /DLL Release\IniFile.obj
         Release\NWNXBase.obj
         Release\C2DA.obj
         Release\CAutoMap.obj
         Release\CExoLinkedList.obj
         Release\CExoLocString.obj
         Release\CExoResMan.obj
         Release\CExoString.obj
         Release\CFactionManager.obj
         Release\CGameEffect.obj
         Release\CGameObjectArray.obj
         Release\CItemRepository.obj
         Release\CLastUpdateObject.obj
         Release\CNetLayer.obj
         Release\CNWBaseItemArray.obj
         Release\CNWCCMessageData.obj
         Release\CNWClass.obj
         Release\CNWMessage.obj
         Release\CNWRules.obj
         Release\CNWSArea.obj
         Release\CNWSAreaOfEffectObject.obj
         Release\CNWSCombatRound.obj
         Release\CNWSCreature.obj
         Release\CNWSCreatureStats.obj
         Release\CNWSDoor.obj
         Release\CNWSEncounter.obj
         Release\CNWSFaction.obj
         Release\CNWSInventory.obj
         Release\CNWSItem.obj
         Release\CNWSMessage.obj
         Release\CNWSModule.obj
         Release\CNWSObject.obj
         Release\CNWSpellArray.obj
         Release\CNWSPlaceable.obj
         Release\CNWSPlayer.obj
         Release\CNWSPlayerCharSheetGUI.obj
         Release\CNWSplayerTURD.obj
         Release\CNWSScriptVarTable.obj
         Release\CNWSStats_Level.obj
         Release\CNWSStore.obj
         Release\CNWSTile.obj
         Release\CNWSTrigger.obj
         Release\CNWTile.obj
         Release\CResGFF.obj
         Release\CResRef.obj
         Release\CScriptEvent.obj
         Release\CServerAIMaster.obj
         Release\CServerExoApp.obj
         Release\CServerExoAppInternal.obj
         Release\CTlkTable.obj
         Release\CTwoDimArrays.obj
         Release\CVirtualMachine.obj
         Release\CWorldTimer.obj
         Release\nwnx_memory.obj
         Release\nwn_internals.obj
         Release\_ExoString.obj
         Release\CustomNames.obj
         Release\Hooks.obj
         Release\main.obj
         Release\NWNXNames.obj
         Release\nwnx_memory.obj
     1>Release\nwnx_memory.obj : warning LNK4042: object specified more than once; extras ignored
            Creating library \\terrahnet\Terra\nwnx\Release\nwnx_names.lib and object \\terrahnet\Terra\nwnx\Release\nwnx_names.exp
         Generating code
         Finished generating code
         nwnx_names.vcxproj -> \\terrahnet\Terra\nwnx\Release\nwnx_names.dll
     1>Done Building Project "\\terrahnet\Terra\nwnx\nwnx_names\nwnx_names.vcxproj" (Rebuild target(s)).

Build succeeded.

Time Elapsed 00:00:13.74
