d:\media\onedrive\offentligt\nwnx\nwnx_names\release\vc120.pdb
d:\media\onedrive\offentligt\nwnx\nwnx_names\release\cnwsarea.obj
d:\media\onedrive\offentligt\nwnx\nwnx_names\release\cnwrules.obj
d:\media\onedrive\offentligt\nwnx\nwnx_names\release\cnwmessage.obj
d:\media\onedrive\offentligt\nwnx\nwnx_names\release\cnwclass.obj
d:\media\onedrive\offentligt\nwnx\nwnx_names\release\cnwccmessagedata.obj
d:\media\onedrive\offentligt\nwnx\nwnx_names\release\cnwbaseitemarray.obj
d:\media\onedrive\offentligt\nwnx\nwnx_names\release\cnetlayer.obj
d:\media\onedrive\offentligt\nwnx\nwnx_names\release\clastupdateobject.obj
d:\media\onedrive\offentligt\nwnx\nwnx_names\release\citemrepository.obj
d:\media\onedrive\offentligt\nwnx\nwnx_names\release\cgameobjectarray.obj
d:\media\onedrive\offentligt\nwnx\nwnx_names\release\cgameeffect.obj
d:\media\onedrive\offentligt\nwnx\nwnx_names\release\cfactionmanager.obj
d:\media\onedrive\offentligt\nwnx\nwnx_names\release\cexostring.obj
d:\media\onedrive\offentligt\nwnx\nwnx_names\release\cexoresman.obj
d:\media\onedrive\offentligt\nwnx\nwnx_names\release\cexolocstring.obj
d:\media\onedrive\offentligt\nwnx\nwnx_names\release\cexolinkedlist.obj
d:\media\onedrive\offentligt\nwnx\nwnx_names\release\cautomap.obj
d:\media\onedrive\offentligt\nwnx\nwnx_names\release\c2da.obj
d:\media\onedrive\offentligt\nwnx\nwnx_names\release\nwnxbase.obj
d:\media\onedrive\offentligt\nwnx\nwnx_names\release\inifile.obj
d:\media\onedrive\offentligt\nwnx\nwnx_names\release\cnwsstore.obj
d:\media\onedrive\offentligt\nwnx\nwnx_names\release\cnwsstats_level.obj
d:\media\onedrive\offentligt\nwnx\nwnx_names\release\cnwsscriptvartable.obj
d:\media\onedrive\offentligt\nwnx\nwnx_names\release\cnwsplayerturd.obj
d:\media\onedrive\offentligt\nwnx\nwnx_names\release\cnwsplayercharsheetgui.obj
d:\media\onedrive\offentligt\nwnx\nwnx_names\release\cnwsplayer.obj
d:\media\onedrive\offentligt\nwnx\nwnx_names\release\cnwsplaceable.obj
d:\media\onedrive\offentligt\nwnx\nwnx_names\release\cnwspellarray.obj
d:\media\onedrive\offentligt\nwnx\nwnx_names\release\cnwsobject.obj
d:\media\onedrive\offentligt\nwnx\nwnx_names\release\cnwsmodule.obj
d:\media\onedrive\offentligt\nwnx\nwnx_names\release\cnwsmessage.obj
d:\media\onedrive\offentligt\nwnx\nwnx_names\release\cnwsitem.obj
d:\media\onedrive\offentligt\nwnx\nwnx_names\release\cnwsinventory.obj
d:\media\onedrive\offentligt\nwnx\nwnx_names\release\cnwsfaction.obj
d:\media\onedrive\offentligt\nwnx\nwnx_names\release\cnwsencounter.obj
d:\media\onedrive\offentligt\nwnx\nwnx_names\release\cnwsdoor.obj
d:\media\onedrive\offentligt\nwnx\nwnx_names\release\cnwscreaturestats.obj
d:\media\onedrive\offentligt\nwnx\nwnx_names\release\cnwscreature.obj
d:\media\onedrive\offentligt\nwnx\nwnx_names\release\cnwscombatround.obj
d:\media\onedrive\offentligt\nwnx\nwnx_names\release\cnwsareaofeffectobject.obj
d:\media\onedrive\offentligt\nwnx\nwnx_names\release\nwnxnames.obj
d:\media\onedrive\offentligt\nwnx\nwnx_names\release\main.obj
d:\media\onedrive\offentligt\nwnx\nwnx_names\release\hooks.obj
d:\media\onedrive\offentligt\nwnx\nwnx_names\release\customnames.obj
d:\media\onedrive\offentligt\nwnx\nwnx_names\release\_exostring.obj
d:\media\onedrive\offentligt\nwnx\nwnx_names\release\nwn_internals.obj
d:\media\onedrive\offentligt\nwnx\nwnx_names\release\nwnx_memory.obj
d:\media\onedrive\offentligt\nwnx\nwnx_names\release\cworldtimer.obj
d:\media\onedrive\offentligt\nwnx\nwnx_names\release\cvirtualmachine.obj
d:\media\onedrive\offentligt\nwnx\nwnx_names\release\ctwodimarrays.obj
d:\media\onedrive\offentligt\nwnx\nwnx_names\release\ctlktable.obj
d:\media\onedrive\offentligt\nwnx\nwnx_names\release\cserverexoappinternal.obj
d:\media\onedrive\offentligt\nwnx\nwnx_names\release\cserverexoapp.obj
d:\media\onedrive\offentligt\nwnx\nwnx_names\release\cserveraimaster.obj
d:\media\onedrive\offentligt\nwnx\nwnx_names\release\cscriptevent.obj
d:\media\onedrive\offentligt\nwnx\nwnx_names\release\cresref.obj
d:\media\onedrive\offentligt\nwnx\nwnx_names\release\cresgff.obj
d:\media\onedrive\offentligt\nwnx\nwnx_names\release\cnwtile.obj
d:\media\onedrive\offentligt\nwnx\nwnx_names\release\cnwstrigger.obj
d:\media\onedrive\offentligt\nwnx\nwnx_names\release\cnwstile.obj
d:\media\onedrive\offentligt\nwnx\release\nwnx_names.dll
d:\media\onedrive\offentligt\nwnx\release\nwnx_names.pdb
d:\media\onedrive\offentligt\nwnx\release\nwnx_names.lib
d:\media\onedrive\offentligt\nwnx\release\nwnx_names.exp
d:\media\onedrive\offentligt\nwnx\nwnx_names\release\nwnx_names.tlog\cl.command.1.tlog
d:\media\onedrive\offentligt\nwnx\nwnx_names\release\nwnx_names.tlog\cl.read.1.tlog
d:\media\onedrive\offentligt\nwnx\nwnx_names\release\nwnx_names.tlog\cl.write.1.tlog
d:\media\onedrive\offentligt\nwnx\nwnx_names\release\nwnx_names.tlog\link.command.1.tlog
d:\media\onedrive\offentligt\nwnx\nwnx_names\release\nwnx_names.tlog\link.read.1.tlog
d:\media\onedrive\offentligt\nwnx\nwnx_names\release\nwnx_names.tlog\link.write.1.tlog
d:\media\onedrive\offentligt\nwnx\nwnx_names\release\nwnx_names.tlog\nwnx_names.write.1u.tlog
