Build started 2013-09-15 21:00:20.
     1>Project "\\terrahnet\Terra\nwnx\nwnx_areas\nwnx_areas.vcxproj" on node 2 (Rebuild target(s)).
     1>ClCompile:
         D:\Program Files (x86)\Microsoft Visual Studio 11.0\VC\bin\CL.exe /c /Zi /nologo /W3 /WX- /sdl /O2 /Oi /Oy- /GL /D _WINDLL /D _MBCS /Gm- /EHsc /MT /GS /Gy /fp:precise /Zc:wchar_t /Zc:forScope /Fo"Release\\" /Fd"Release\vc110.pdb" /Gd /TP /analyze- /errorReport:prompt ..\NWNXdll\IniFile.cpp ..\NWNXdll\NWNXBase.cpp ..\NWSERVER\C2DA.cpp ..\NWSERVER\CAutoMap.cpp ..\NWSERVER\CExoLinkedList.cpp ..\NWSERVER\CExoLocString.cpp ..\NWSERVER\CExoResMan.cpp ..\NWSERVER\CExoString.cpp ..\NWSERVER\CFactionManager.cpp ..\NWSERVER\CGameEffect.cpp ..\NWSERVER\CGameObjectArray.cpp ..\NWSERVER\CItemRepository.cpp ..\NWSERVER\CLastUpdateObject.cpp ..\NWSERVER\CNetLayer.cpp ..\NWSERVER\CNWBaseItemArray.cpp ..\NWSERVER\CNWCCMessageData.cpp ..\NWSERVER\CNWClass.cpp ..\NWSERVER\CNWMessage.cpp ..\NWSERVER\CNWRules.cpp ..\NWSERVER\CNWSArea.cpp ..\NWSERVER\CNWSAreaOfEffectObject.cpp ..\NWSERVER\CNWSCombatRound.cpp ..\NWSERVER\CNWSCreature.cpp ..\NWSERVER\CNWSCreatureStats.cpp ..\NWSERVER\CNWSDoor.cpp ..\NWSERVER\CNWSEncounter.cpp ..\NWSERVER\CNWSFaction.cpp ..\NWSERVER\CNWSInventory.cpp ..\NWSERVER\CNWSItem.cpp ..\NWSERVER\CNWSMessage.cpp ..\NWSERVER\CNWSModule.cpp ..\NWSERVER\CNWSObject.cpp ..\NWSERVER\CNWSpellArray.cpp ..\NWSERVER\CNWSPlaceable.cpp ..\NWSERVER\CNWSPlayer.cpp ..\NWSERVER\CNWSPlayerCharSheetGUI.cpp ..\NWSERVER\CNWSplayerTURD.cpp ..\NWSERVER\CNWSScriptVarTable.cpp ..\NWSERVER\CNWSStats_Level.cpp ..\NWSERVER\CNWSStore.cpp ..\NWSERVER\CNWSTile.cpp ..\NWSERVER\CNWSTrigger.cpp ..\NWSERVER\CNWTile.cpp ..\NWSERVER\CResGFF.cpp ..\NWSERVER\CResRef.cpp ..\NWSERVER\CScriptEvent.cpp ..\NWSERVER\CServerAIMaster.cpp ..\NWSERVER\CServerExoApp.cpp ..\NWSERVER\CServerExoAppInternal.cpp ..\NWSERVER\CTlkTable.cpp ..\NWSERVER\CTwoDimArrays.cpp ..\NWSERVER\CVirtualMachine.cpp ..\NWSERVER\CWorldTimer.cpp ..\NWSERVER\nwnx_memory.cpp ..\NWSERVER\nwn_internals.cpp ..\NWSERVER\_ExoString.cpp main.cpp NWNXAreas.cpp
         IniFile.cpp
         NWNXBase.cpp
         C2DA.cpp
         CAutoMap.cpp
         CExoLinkedList.cpp
         CExoLocString.cpp
         CExoResMan.cpp
         CExoString.cpp
         CFactionManager.cpp
         CGameEffect.cpp
         CGameObjectArray.cpp
         CItemRepository.cpp
         CLastUpdateObject.cpp
         CNetLayer.cpp
         CNWBaseItemArray.cpp
         CNWCCMessageData.cpp
         CNWClass.cpp
         CNWMessage.cpp
         CNWRules.cpp
         CNWSArea.cpp
         Compiling...
         CNWSAreaOfEffectObject.cpp
         CNWSCombatRound.cpp
         CNWSCreature.cpp
         CNWSCreatureStats.cpp
         CNWSDoor.cpp
         CNWSEncounter.cpp
         CNWSFaction.cpp
         CNWSInventory.cpp
         CNWSItem.cpp
         CNWSMessage.cpp
         CNWSModule.cpp
         CNWSObject.cpp
         CNWSpellArray.cpp
         CNWSPlaceable.cpp
         CNWSPlayer.cpp
         CNWSPlayerCharSheetGUI.cpp
         CNWSplayerTURD.cpp
         CNWSScriptVarTable.cpp
         CNWSStats_Level.cpp
         CNWSStore.cpp
         Compiling...
         CNWSTile.cpp
         CNWSTrigger.cpp
         CNWTile.cpp
         CResGFF.cpp
         CResRef.cpp
         CScriptEvent.cpp
         CServerAIMaster.cpp
         CServerExoApp.cpp
         CServerExoAppInternal.cpp
         CTlkTable.cpp
         CTwoDimArrays.cpp
         CVirtualMachine.cpp
         CWorldTimer.cpp
         nwnx_memory.cpp
         nwn_internals.cpp
         _ExoString.cpp
         main.cpp
         NWNXAreas.cpp
       Link:
         D:\Program Files (x86)\Microsoft Visual Studio 11.0\VC\bin\link.exe /ERRORREPORT:PROMPT /OUT:"\\terrahnet\Terra\nwnx\Release\nwnx_areas.dll" /NOLOGO kernel32.lib user32.lib gdi32.lib winspool.lib comdlg32.lib advapi32.lib shell32.lib ole32.lib oleaut32.lib uuid.lib odbc32.lib odbccp32.lib /MANIFEST /MANIFESTUAC:"level='asInvoker' uiAccess='false'" /manifest:embed /DEBUG /PDB:"\\terrahnet\Terra\nwnx\Release\nwnx_areas.pdb" /OPT:REF /OPT:ICF /LTCG /TLBID:1 /DYNAMICBASE /NXCOMPAT /IMPLIB:"\\terrahnet\Terra\nwnx\Release\nwnx_areas.lib" /MACHINE:X86 /SAFESEH /DLL Release\IniFile.obj
         Release\NWNXBase.obj
         Release\C2DA.obj
         Release\CAutoMap.obj
         Release\CExoLinkedList.obj
         Release\CExoLocString.obj
         Release\CExoResMan.obj
         Release\CExoString.obj
         Release\CFactionManager.obj
         Release\CGameEffect.obj
         Release\CGameObjectArray.obj
         Release\CItemRepository.obj
         Release\CLastUpdateObject.obj
         Release\CNetLayer.obj
         Release\CNWBaseItemArray.obj
         Release\CNWCCMessageData.obj
         Release\CNWClass.obj
         Release\CNWMessage.obj
         Release\CNWRules.obj
         Release\CNWSArea.obj
         Release\CNWSAreaOfEffectObject.obj
         Release\CNWSCombatRound.obj
         Release\CNWSCreature.obj
         Release\CNWSCreatureStats.obj
         Release\CNWSDoor.obj
         Release\CNWSEncounter.obj
         Release\CNWSFaction.obj
         Release\CNWSInventory.obj
         Release\CNWSItem.obj
         Release\CNWSMessage.obj
         Release\CNWSModule.obj
         Release\CNWSObject.obj
         Release\CNWSpellArray.obj
         Release\CNWSPlaceable.obj
         Release\CNWSPlayer.obj
         Release\CNWSPlayerCharSheetGUI.obj
         Release\CNWSplayerTURD.obj
         Release\CNWSScriptVarTable.obj
         Release\CNWSStats_Level.obj
         Release\CNWSStore.obj
         Release\CNWSTile.obj
         Release\CNWSTrigger.obj
         Release\CNWTile.obj
         Release\CResGFF.obj
         Release\CResRef.obj
         Release\CScriptEvent.obj
         Release\CServerAIMaster.obj
         Release\CServerExoApp.obj
         Release\CServerExoAppInternal.obj
         Release\CTlkTable.obj
         Release\CTwoDimArrays.obj
         Release\CVirtualMachine.obj
         Release\CWorldTimer.obj
         Release\nwnx_memory.obj
         Release\nwn_internals.obj
         Release\_ExoString.obj
         Release\main.obj
         Release\NWNXAreas.obj
            Creating library \\terrahnet\Terra\nwnx\Release\nwnx_areas.lib and object \\terrahnet\Terra\nwnx\Release\nwnx_areas.exp
         Generating code
         Finished generating code
         nwnx_areas.vcxproj -> \\terrahnet\Terra\nwnx\Release\nwnx_areas.dll
     1>Done Building Project "\\terrahnet\Terra\nwnx\nwnx_areas\nwnx_areas.vcxproj" (Rebuild target(s)).

Build succeeded.

Time Elapsed 00:00:13.05
