\\TERRAHNET\TERRA\NWNX\NWNX_AREAS\RELEASE\CNWSAREA.OBJ
\\TERRAHNET\TERRA\NWNX\NWNX_AREAS\RELEASE\CNWRULES.OBJ
\\TERRAHNET\TERRA\NWNX\NWNX_AREAS\RELEASE\CNWMESSAGE.OBJ
\\TERRAHNET\TERRA\NWNX\NWNX_AREAS\RELEASE\CNWCLASS.OBJ
\\TERRAHNET\TERRA\NWNX\NWNX_AREAS\RELEASE\CNWCCMESSAGEDATA.OBJ
\\TERRAHNET\TERRA\NWNX\NWNX_AREAS\RELEASE\CNWBASEITEMARRAY.OBJ
\\TERRAHNET\TERRA\NWNX\NWNX_AREAS\RELEASE\CNETLAYER.OBJ
\\TERRAHNET\TERRA\NWNX\NWNX_AREAS\RELEASE\CLASTUPDATEOBJECT.OBJ
\\TERRAHNET\TERRA\NWNX\NWNX_AREAS\RELEASE\CITEMREPOSITORY.OBJ
\\TERRAHNET\TERRA\NWNX\NWNX_AREAS\RELEASE\CGAMEOBJECTARRAY.OBJ
\\TERRAHNET\TERRA\NWNX\NWNX_AREAS\RELEASE\CGAMEEFFECT.OBJ
\\TERRAHNET\TERRA\NWNX\NWNX_AREAS\RELEASE\CFACTIONMANAGER.OBJ
\\TERRAHNET\TERRA\NWNX\NWNX_AREAS\RELEASE\CEXOSTRING.OBJ
\\TERRAHNET\TERRA\NWNX\NWNX_AREAS\RELEASE\CEXORESMAN.OBJ
\\TERRAHNET\TERRA\NWNX\NWNX_AREAS\RELEASE\CEXOLOCSTRING.OBJ
\\TERRAHNET\TERRA\NWNX\NWNX_AREAS\RELEASE\CEXOLINKEDLIST.OBJ
\\TERRAHNET\TERRA\NWNX\NWNX_AREAS\RELEASE\CAUTOMAP.OBJ
\\TERRAHNET\TERRA\NWNX\NWNX_AREAS\RELEASE\C2DA.OBJ
\\TERRAHNET\TERRA\NWNX\NWNX_AREAS\RELEASE\NWNXBASE.OBJ
\\TERRAHNET\TERRA\NWNX\NWNX_AREAS\RELEASE\INIFILE.OBJ
\\TERRAHNET\TERRA\NWNX\NWNX_AREAS\RELEASE\CNWSSTORE.OBJ
\\TERRAHNET\TERRA\NWNX\NWNX_AREAS\RELEASE\CNWSSTATS_LEVEL.OBJ
\\TERRAHNET\TERRA\NWNX\NWNX_AREAS\RELEASE\CNWSSCRIPTVARTABLE.OBJ
\\TERRAHNET\TERRA\NWNX\NWNX_AREAS\RELEASE\CNWSPLAYERTURD.OBJ
\\TERRAHNET\TERRA\NWNX\NWNX_AREAS\RELEASE\CNWSPLAYERCHARSHEETGUI.OBJ
\\TERRAHNET\TERRA\NWNX\NWNX_AREAS\RELEASE\CNWSPLAYER.OBJ
\\TERRAHNET\TERRA\NWNX\NWNX_AREAS\RELEASE\CNWSPLACEABLE.OBJ
\\TERRAHNET\TERRA\NWNX\NWNX_AREAS\RELEASE\CNWSPELLARRAY.OBJ
\\TERRAHNET\TERRA\NWNX\NWNX_AREAS\RELEASE\CNWSOBJECT.OBJ
\\TERRAHNET\TERRA\NWNX\NWNX_AREAS\RELEASE\CNWSMODULE.OBJ
\\TERRAHNET\TERRA\NWNX\NWNX_AREAS\RELEASE\CNWSMESSAGE.OBJ
\\TERRAHNET\TERRA\NWNX\NWNX_AREAS\RELEASE\CNWSITEM.OBJ
\\TERRAHNET\TERRA\NWNX\NWNX_AREAS\RELEASE\CNWSINVENTORY.OBJ
\\TERRAHNET\TERRA\NWNX\NWNX_AREAS\RELEASE\CNWSFACTION.OBJ
\\TERRAHNET\TERRA\NWNX\NWNX_AREAS\RELEASE\CNWSENCOUNTER.OBJ
\\TERRAHNET\TERRA\NWNX\NWNX_AREAS\RELEASE\CNWSDOOR.OBJ
\\TERRAHNET\TERRA\NWNX\NWNX_AREAS\RELEASE\CNWSCREATURESTATS.OBJ
\\TERRAHNET\TERRA\NWNX\NWNX_AREAS\RELEASE\CNWSCREATURE.OBJ
\\TERRAHNET\TERRA\NWNX\NWNX_AREAS\RELEASE\CNWSCOMBATROUND.OBJ
\\TERRAHNET\TERRA\NWNX\NWNX_AREAS\RELEASE\CNWSAREAOFEFFECTOBJECT.OBJ
\\TERRAHNET\TERRA\NWNX\NWNX_AREAS\RELEASE\NWNXAREAS.OBJ
\\TERRAHNET\TERRA\NWNX\NWNX_AREAS\RELEASE\MAIN.OBJ
\\TERRAHNET\TERRA\NWNX\NWNX_AREAS\RELEASE\_EXOSTRING.OBJ
\\TERRAHNET\TERRA\NWNX\NWNX_AREAS\RELEASE\NWN_INTERNALS.OBJ
\\TERRAHNET\TERRA\NWNX\NWNX_AREAS\RELEASE\NWNX_MEMORY.OBJ
\\TERRAHNET\TERRA\NWNX\NWNX_AREAS\RELEASE\CWORLDTIMER.OBJ
\\TERRAHNET\TERRA\NWNX\NWNX_AREAS\RELEASE\CVIRTUALMACHINE.OBJ
\\TERRAHNET\TERRA\NWNX\NWNX_AREAS\RELEASE\CTWODIMARRAYS.OBJ
\\TERRAHNET\TERRA\NWNX\NWNX_AREAS\RELEASE\CTLKTABLE.OBJ
\\TERRAHNET\TERRA\NWNX\NWNX_AREAS\RELEASE\CSERVEREXOAPPINTERNAL.OBJ
\\TERRAHNET\TERRA\NWNX\NWNX_AREAS\RELEASE\CSERVEREXOAPP.OBJ
\\TERRAHNET\TERRA\NWNX\NWNX_AREAS\RELEASE\CSERVERAIMASTER.OBJ
\\TERRAHNET\TERRA\NWNX\NWNX_AREAS\RELEASE\CSCRIPTEVENT.OBJ
\\TERRAHNET\TERRA\NWNX\NWNX_AREAS\RELEASE\CRESREF.OBJ
\\TERRAHNET\TERRA\NWNX\NWNX_AREAS\RELEASE\CRESGFF.OBJ
\\TERRAHNET\TERRA\NWNX\NWNX_AREAS\RELEASE\CNWTILE.OBJ
\\TERRAHNET\TERRA\NWNX\NWNX_AREAS\RELEASE\CNWSTRIGGER.OBJ
\\TERRAHNET\TERRA\NWNX\NWNX_AREAS\RELEASE\CNWSTILE.OBJ
\\TERRAHNET\TERRA\NWNX\NWNX_AREAS\RELEASE\VC110.PDB
\\TERRAHNET\TERRA\NWNX\RELEASE\NWNX_AREAS.DLL
\\TERRAHNET\TERRA\NWNX\RELEASE\NWNX_AREAS.PDB
\\terrahnet\Terra\nwnx\Release\nwnx_areas.lib
\\terrahnet\Terra\nwnx\Release\nwnx_areas.exp
\\terrahnet\Terra\nwnx\nwnx_areas\Release\C2DA.obj
\\terrahnet\Terra\nwnx\nwnx_areas\Release\CAutoMap.obj
\\terrahnet\Terra\nwnx\nwnx_areas\Release\CExoLinkedList.obj
\\terrahnet\Terra\nwnx\nwnx_areas\Release\CExoLocString.obj
\\terrahnet\Terra\nwnx\nwnx_areas\Release\CExoResMan.obj
\\terrahnet\Terra\nwnx\nwnx_areas\Release\CExoString.obj
\\terrahnet\Terra\nwnx\nwnx_areas\Release\CFactionManager.obj
\\terrahnet\Terra\nwnx\nwnx_areas\Release\CGameEffect.obj
\\terrahnet\Terra\nwnx\nwnx_areas\Release\CGameObjectArray.obj
\\terrahnet\Terra\nwnx\nwnx_areas\Release\CItemRepository.obj
\\terrahnet\Terra\nwnx\nwnx_areas\Release\CLastUpdateObject.obj
\\terrahnet\Terra\nwnx\nwnx_areas\Release\CNetLayer.obj
\\terrahnet\Terra\nwnx\nwnx_areas\Release\CNWBaseItemArray.obj
\\terrahnet\Terra\nwnx\nwnx_areas\Release\CNWCCMessageData.obj
\\terrahnet\Terra\nwnx\nwnx_areas\Release\CNWClass.obj
\\terrahnet\Terra\nwnx\nwnx_areas\Release\CNWMessage.obj
\\terrahnet\Terra\nwnx\nwnx_areas\Release\CNWRules.obj
\\terrahnet\Terra\nwnx\nwnx_areas\Release\CNWSArea.obj
\\terrahnet\Terra\nwnx\nwnx_areas\Release\CNWSAreaOfEffectObject.obj
\\terrahnet\Terra\nwnx\nwnx_areas\Release\CNWSCombatRound.obj
\\terrahnet\Terra\nwnx\nwnx_areas\Release\CNWSCreature.obj
\\terrahnet\Terra\nwnx\nwnx_areas\Release\CNWSCreatureStats.obj
\\terrahnet\Terra\nwnx\nwnx_areas\Release\CNWSDoor.obj
\\terrahnet\Terra\nwnx\nwnx_areas\Release\CNWSEncounter.obj
\\terrahnet\Terra\nwnx\nwnx_areas\Release\CNWSFaction.obj
\\terrahnet\Terra\nwnx\nwnx_areas\Release\CNWSInventory.obj
\\terrahnet\Terra\nwnx\nwnx_areas\Release\CNWSItem.obj
\\terrahnet\Terra\nwnx\nwnx_areas\Release\CNWSMessage.obj
\\terrahnet\Terra\nwnx\nwnx_areas\Release\CNWSModule.obj
\\terrahnet\Terra\nwnx\nwnx_areas\Release\CNWSObject.obj
\\terrahnet\Terra\nwnx\nwnx_areas\Release\CNWSpellArray.obj
\\terrahnet\Terra\nwnx\nwnx_areas\Release\CNWSPlaceable.obj
\\terrahnet\Terra\nwnx\nwnx_areas\Release\CNWSPlayer.obj
\\terrahnet\Terra\nwnx\nwnx_areas\Release\CNWSPlayerCharSheetGUI.obj
\\terrahnet\Terra\nwnx\nwnx_areas\Release\CNWSplayerTURD.obj
\\terrahnet\Terra\nwnx\nwnx_areas\Release\CNWSScriptVarTable.obj
\\terrahnet\Terra\nwnx\nwnx_areas\Release\CNWSStats_Level.obj
\\terrahnet\Terra\nwnx\nwnx_areas\Release\CNWSStore.obj
\\terrahnet\Terra\nwnx\nwnx_areas\Release\CNWSTile.obj
\\terrahnet\Terra\nwnx\nwnx_areas\Release\CNWSTrigger.obj
\\terrahnet\Terra\nwnx\nwnx_areas\Release\CNWTile.obj
\\terrahnet\Terra\nwnx\nwnx_areas\Release\CResGFF.obj
\\terrahnet\Terra\nwnx\nwnx_areas\Release\CResRef.obj
\\terrahnet\Terra\nwnx\nwnx_areas\Release\CScriptEvent.obj
\\terrahnet\Terra\nwnx\nwnx_areas\Release\CServerAIMaster.obj
\\terrahnet\Terra\nwnx\nwnx_areas\Release\CServerExoApp.obj
\\terrahnet\Terra\nwnx\nwnx_areas\Release\CServerExoAppInternal.obj
\\terrahnet\Terra\nwnx\nwnx_areas\Release\CTlkTable.obj
\\terrahnet\Terra\nwnx\nwnx_areas\Release\CTwoDimArrays.obj
\\terrahnet\Terra\nwnx\nwnx_areas\Release\CVirtualMachine.obj
\\terrahnet\Terra\nwnx\nwnx_areas\Release\CWorldTimer.obj
\\terrahnet\Terra\nwnx\nwnx_areas\Release\IniFile.obj
\\terrahnet\Terra\nwnx\nwnx_areas\Release\main.obj
\\terrahnet\Terra\nwnx\nwnx_areas\Release\NWNXAreas.obj
\\terrahnet\Terra\nwnx\nwnx_areas\Release\NWNXBase.obj
\\terrahnet\Terra\nwnx\nwnx_areas\Release\nwnx_memory.obj
\\terrahnet\Terra\nwnx\nwnx_areas\Release\nwn_internals.obj
\\terrahnet\Terra\nwnx\nwnx_areas\Release\_ExoString.obj
\\terrahnet\Terra\nwnx\nwnx_areas\Release\cl.command.1.tlog
\\terrahnet\Terra\nwnx\nwnx_areas\Release\CL.read.1.tlog
\\terrahnet\Terra\nwnx\nwnx_areas\Release\CL.write.1.tlog
\\terrahnet\Terra\nwnx\nwnx_areas\Release\link-cvtres.read.1.tlog
\\terrahnet\Terra\nwnx\nwnx_areas\Release\link-cvtres.write.1.tlog
\\terrahnet\Terra\nwnx\nwnx_areas\Release\link-rc.read.1.tlog
\\terrahnet\Terra\nwnx\nwnx_areas\Release\link-rc.write.1.tlog
\\terrahnet\Terra\nwnx\nwnx_areas\Release\link.command.1.tlog
\\terrahnet\Terra\nwnx\nwnx_areas\Release\link.read.1.tlog
\\terrahnet\Terra\nwnx\nwnx_areas\Release\link.write.1.tlog
\\terrahnet\Terra\nwnx\nwnx_areas\Release\nwnx_areas.write.1.tlog
\\terrahnet\Terra\nwnx\nwnx_areas\Release\vc110.pdb
\\terrahnet\Terra\nwnx\Release\nwnx_areas.pdb
\\terrahnet\Terra\nwnx\Release\nwnx_areas.dll
