\\WIN-KFA83IN6U8N\TERRA\NWNX\NWNX_DATA\RELEASE\NWNXDATA.OBJ
\\WIN-KFA83IN6U8N\TERRA\NWNX\NWNX_DATA\RELEASE\MAIN.OBJ
\\WIN-KFA83IN6U8N\TERRA\NWNX\NWNX_DATA\RELEASE\CSQLITE.OBJ
\\WIN-KFA83IN6U8N\TERRA\NWNX\NWNX_DATA\RELEASE\NWNXBASE.OBJ
\\WIN-KFA83IN6U8N\TERRA\NWNX\NWNX_DATA\RELEASE\INIFILE.OBJ
\\WIN-KFA83IN6U8N\TERRA\NWNX\NWNX_DATA\RELEASE\VC110.PDB
\\WIN-KFA83IN6U8N\TERRA\NWNX\NWNX_DATA\RELEASE\SQLITE3.OBJ
\\WIN-KFA83IN6U8N\TERRA\NWNX\RELEASE\NWNX_DATA.DLL
\\WIN-KFA83IN6U8N\TERRA\NWNX\RELEASE\NWNX_DATA.PDB
\\WIN-KFA83IN6U8N\Terra\nwnx\Release\nwnx_data.lib
\\WIN-KFA83IN6U8N\Terra\nwnx\Release\nwnx_data.exp
\\terrahnet\Terra\nwnx\nwnx_data\Release\CSQLite.obj
\\terrahnet\Terra\nwnx\nwnx_data\Release\IniFile.obj
\\terrahnet\Terra\nwnx\nwnx_data\Release\main.obj
\\terrahnet\Terra\nwnx\nwnx_data\Release\NWNXBase.obj
\\terrahnet\Terra\nwnx\nwnx_data\Release\NWNXData.obj
\\terrahnet\Terra\nwnx\nwnx_data\Release\sqlite3.obj
\\terrahnet\Terra\nwnx\nwnx_data\Release\cl.command.1.tlog
\\terrahnet\Terra\nwnx\nwnx_data\Release\CL.read.1.tlog
\\terrahnet\Terra\nwnx\nwnx_data\Release\CL.write.1.tlog
\\terrahnet\Terra\nwnx\nwnx_data\Release\link-cvtres.read.1.tlog
\\terrahnet\Terra\nwnx\nwnx_data\Release\link-cvtres.write.1.tlog
\\terrahnet\Terra\nwnx\nwnx_data\Release\link-rc.read.1.tlog
\\terrahnet\Terra\nwnx\nwnx_data\Release\link-rc.write.1.tlog
\\terrahnet\Terra\nwnx\nwnx_data\Release\link.command.1.tlog
\\terrahnet\Terra\nwnx\nwnx_data\Release\link.read.1.tlog
\\terrahnet\Terra\nwnx\nwnx_data\Release\link.write.1.tlog
\\terrahnet\Terra\nwnx\nwnx_data\Release\nwnx_data.write.1.tlog
\\terrahnet\Terra\nwnx\nwnx_data\Release\vc110.pdb
\\terrahnet\Terra\nwnx\Release\nwnx_data.pdb
\\terrahnet\Terra\nwnx\Release\nwnx_data.dll
