Build started 2013-09-14 06:50:12.
     1>Project "\\terrahnet\Terra\nwnx\nwnx_data\nwnx_data.vcxproj" on node 2 (Rebuild target(s)).
     1>ClCompile:
         D:\Program Files (x86)\Microsoft Visual Studio 11.0\VC\bin\CL.exe /c /Zi /nologo /W3 /WX- /sdl /O2 /Oi /Oy- /GL /D _WINDLL /D _MBCS /Gm- /EHs /MT /GS /Gy /fp:precise /Zc:wchar_t /Zc:forScope /Fo"Release\\" /Fd"Release\vc110.pdb" /Gd /TP /analyze- /errorReport:prompt ..\NWNXdll\IniFile.cpp ..\NWNXdll\NWNXBase.cpp CSQLite.cpp main.cpp NWNXData.cpp
         IniFile.cpp
         NWNXBase.cpp
         CSQLite.cpp
         main.cpp
         NWNXData.cpp
     1>NWNXData.cpp(290): warning C4018: '<' : signed/unsigned mismatch
         D:\Program Files (x86)\Microsoft Visual Studio 11.0\VC\bin\CL.exe /c /Zi /nologo /W3 /WX- /sdl /O2 /Oi /Oy- /GL /D _WINDLL /D _MBCS /Gm- /EHs /MT /GS /Gy /fp:precise /Zc:wchar_t /Zc:forScope /Fo"Release\\" /Fd"Release\vc110.pdb" /Gd /TC /analyze- /errorReport:prompt sqlite3.c
         sqlite3.c
       Link:
         D:\Program Files (x86)\Microsoft Visual Studio 11.0\VC\bin\link.exe /ERRORREPORT:PROMPT /OUT:"\\terrahnet\Terra\nwnx\Release\nwnx_data.dll" /NOLOGO kernel32.lib user32.lib gdi32.lib winspool.lib comdlg32.lib advapi32.lib shell32.lib ole32.lib oleaut32.lib uuid.lib odbc32.lib odbccp32.lib /MANIFEST /MANIFESTUAC:"level='asInvoker' uiAccess='false'" /manifest:embed /DEBUG /PDB:"\\terrahnet\Terra\nwnx\Release\nwnx_data.pdb" /OPT:REF /OPT:ICF /LTCG /TLBID:1 /DYNAMICBASE /NXCOMPAT /IMPLIB:"\\terrahnet\Terra\nwnx\Release\nwnx_data.lib" /MACHINE:X86 /SAFESEH /DLL Release\IniFile.obj
         Release\NWNXBase.obj
         Release\CSQLite.obj
         Release\main.obj
         Release\NWNXData.obj
         Release\sqlite3.obj
            Creating library \\terrahnet\Terra\nwnx\Release\nwnx_data.lib and object \\terrahnet\Terra\nwnx\Release\nwnx_data.exp
         Generating code
         Finished generating code
         nwnx_data.vcxproj -> \\terrahnet\Terra\nwnx\Release\nwnx_data.dll
     1>Done Building Project "\\terrahnet\Terra\nwnx\nwnx_data\nwnx_data.vcxproj" (Rebuild target(s)).

Build succeeded.

Time Elapsed 00:00:10.88
