e:\media\onedrive\offentligt\nwnx\nwnx_dynres\release\vc120.pdb
e:\media\onedrive\offentligt\nwnx\nwnx_dynres\release\cnwsarea.obj
e:\media\onedrive\offentligt\nwnx\nwnx_dynres\release\cnwrules.obj
e:\media\onedrive\offentligt\nwnx\nwnx_dynres\release\cnwmessage.obj
e:\media\onedrive\offentligt\nwnx\nwnx_dynres\release\cnwclass.obj
e:\media\onedrive\offentligt\nwnx\nwnx_dynres\release\cnwccmessagedata.obj
e:\media\onedrive\offentligt\nwnx\nwnx_dynres\release\cnwbaseitemarray.obj
e:\media\onedrive\offentligt\nwnx\nwnx_dynres\release\cnetlayer.obj
e:\media\onedrive\offentligt\nwnx\nwnx_dynres\release\clastupdateobject.obj
e:\media\onedrive\offentligt\nwnx\nwnx_dynres\release\citemrepository.obj
e:\media\onedrive\offentligt\nwnx\nwnx_dynres\release\cgameobjectarray.obj
e:\media\onedrive\offentligt\nwnx\nwnx_dynres\release\cgameeffect.obj
e:\media\onedrive\offentligt\nwnx\nwnx_dynres\release\cfactionmanager.obj
e:\media\onedrive\offentligt\nwnx\nwnx_dynres\release\cexostring.obj
e:\media\onedrive\offentligt\nwnx\nwnx_dynres\release\cexoresman.obj
e:\media\onedrive\offentligt\nwnx\nwnx_dynres\release\cexolocstring.obj
e:\media\onedrive\offentligt\nwnx\nwnx_dynres\release\cexolinkedlist.obj
e:\media\onedrive\offentligt\nwnx\nwnx_dynres\release\cautomap.obj
e:\media\onedrive\offentligt\nwnx\nwnx_dynres\release\c2da.obj
e:\media\onedrive\offentligt\nwnx\nwnx_dynres\release\nwnxbase.obj
e:\media\onedrive\offentligt\nwnx\nwnx_dynres\release\inifile.obj
e:\media\onedrive\offentligt\nwnx\nwnx_dynres\release\cnwsstore.obj
e:\media\onedrive\offentligt\nwnx\nwnx_dynres\release\cnwsstats_level.obj
e:\media\onedrive\offentligt\nwnx\nwnx_dynres\release\cnwsscriptvartable.obj
e:\media\onedrive\offentligt\nwnx\nwnx_dynres\release\cnwsplayerturd.obj
e:\media\onedrive\offentligt\nwnx\nwnx_dynres\release\cnwsplayercharsheetgui.obj
e:\media\onedrive\offentligt\nwnx\nwnx_dynres\release\cnwsplayer.obj
e:\media\onedrive\offentligt\nwnx\nwnx_dynres\release\cnwsplaceable.obj
e:\media\onedrive\offentligt\nwnx\nwnx_dynres\release\cnwspellarray.obj
e:\media\onedrive\offentligt\nwnx\nwnx_dynres\release\cnwsobject.obj
e:\media\onedrive\offentligt\nwnx\nwnx_dynres\release\cnwsmodule.obj
e:\media\onedrive\offentligt\nwnx\nwnx_dynres\release\cnwsmessage.obj
e:\media\onedrive\offentligt\nwnx\nwnx_dynres\release\cnwsitem.obj
e:\media\onedrive\offentligt\nwnx\nwnx_dynres\release\cnwsinventory.obj
e:\media\onedrive\offentligt\nwnx\nwnx_dynres\release\cnwsfaction.obj
e:\media\onedrive\offentligt\nwnx\nwnx_dynres\release\cnwsencounter.obj
e:\media\onedrive\offentligt\nwnx\nwnx_dynres\release\cnwsdoor.obj
e:\media\onedrive\offentligt\nwnx\nwnx_dynres\release\cnwscreaturestats.obj
e:\media\onedrive\offentligt\nwnx\nwnx_dynres\release\cnwscreature.obj
e:\media\onedrive\offentligt\nwnx\nwnx_dynres\release\cnwscombatround.obj
e:\media\onedrive\offentligt\nwnx\nwnx_dynres\release\cnwsareaofeffectobject.obj
e:\media\onedrive\offentligt\nwnx\nwnx_dynres\release\hooks.obj
e:\media\onedrive\offentligt\nwnx\nwnx_dynres\release\filemanager.obj
e:\media\onedrive\offentligt\nwnx\nwnx_dynres\release\erf.obj
e:\media\onedrive\offentligt\nwnx\nwnx_dynres\release\cnwnxdynres.obj
e:\media\onedrive\offentligt\nwnx\nwnx_dynres\release\_exostring.obj
e:\media\onedrive\offentligt\nwnx\nwnx_dynres\release\nwn_internals.obj
e:\media\onedrive\offentligt\nwnx\nwnx_dynres\release\nwnx_memory.obj
e:\media\onedrive\offentligt\nwnx\nwnx_dynres\release\cworldtimer.obj
e:\media\onedrive\offentligt\nwnx\nwnx_dynres\release\cvirtualmachine.obj
e:\media\onedrive\offentligt\nwnx\nwnx_dynres\release\ctwodimarrays.obj
e:\media\onedrive\offentligt\nwnx\nwnx_dynres\release\ctlktable.obj
e:\media\onedrive\offentligt\nwnx\nwnx_dynres\release\cserverexoappinternal.obj
e:\media\onedrive\offentligt\nwnx\nwnx_dynres\release\cserverexoapp.obj
e:\media\onedrive\offentligt\nwnx\nwnx_dynres\release\cserveraimaster.obj
e:\media\onedrive\offentligt\nwnx\nwnx_dynres\release\cscriptevent.obj
e:\media\onedrive\offentligt\nwnx\nwnx_dynres\release\cresref.obj
e:\media\onedrive\offentligt\nwnx\nwnx_dynres\release\cresgff.obj
e:\media\onedrive\offentligt\nwnx\nwnx_dynres\release\cnwtile.obj
e:\media\onedrive\offentligt\nwnx\nwnx_dynres\release\cnwstrigger.obj
e:\media\onedrive\offentligt\nwnx\nwnx_dynres\release\cnwstile.obj
e:\media\onedrive\offentligt\nwnx\nwnx_dynres\release\main.obj
e:\media\onedrive\offentligt\nwnx\nwnx_dynres\release\sha256.obj
e:\media\onedrive\offentligt\nwnx\release\nwnx_dynres.dll
e:\media\onedrive\offentligt\nwnx\release\nwnx_dynres.pdb
e:\media\onedrive\offentligt\nwnx\release\nwnx_dynres.lib
e:\media\onedrive\offentligt\nwnx\release\nwnx_dynres.exp
e:\media\onedrive\offentligt\nwnx\nwnx_dynres\release\nwnx_dynres.tlog\cl.command.1.tlog
e:\media\onedrive\offentligt\nwnx\nwnx_dynres\release\nwnx_dynres.tlog\cl.read.1.tlog
e:\media\onedrive\offentligt\nwnx\nwnx_dynres\release\nwnx_dynres.tlog\cl.write.1.tlog
e:\media\onedrive\offentligt\nwnx\nwnx_dynres\release\nwnx_dynres.tlog\link.command.1.tlog
e:\media\onedrive\offentligt\nwnx\nwnx_dynres\release\nwnx_dynres.tlog\link.read.1.tlog
e:\media\onedrive\offentligt\nwnx\nwnx_dynres\release\nwnx_dynres.tlog\link.write.1.tlog
e:\media\onedrive\offentligt\nwnx\nwnx_dynres\release\nwnx_dynres.tlog\nwnx_dynres.write.1u.tlog
