\\terrahnet\terra\nwnx\nwnx_stackdump\release\stackwalker.obj
\\terrahnet\terra\nwnx\nwnx_stackdump\release\nwnxstack.obj
\\terrahnet\terra\nwnx\nwnx_stackdump\release\main.obj
\\terrahnet\terra\nwnx\nwnx_stackdump\release\nwnxbase.obj
\\terrahnet\terra\nwnx\nwnx_stackdump\release\inifile.obj
\\terrahnet\terra\nwnx\nwnx_stackdump\release\vc110.pdb
\\terrahnet\terra\nwnx\release\nwnx_stackdump.dll
\\terrahnet\terra\nwnx\release\nwnx_stackdump.pdb
\\terrahnet\terra\nwnx\release\nwnx_stackdump.lib
\\terrahnet\terra\nwnx\release\nwnx_stackdump.exp
d:\media\onedrive\offentligt\nwnx\nwnx_stackdump\release\inifile.obj
d:\media\onedrive\offentligt\nwnx\nwnx_stackdump\release\main.obj
d:\media\onedrive\offentligt\nwnx\nwnx_stackdump\release\nwnxbase.obj
d:\media\onedrive\offentligt\nwnx\nwnx_stackdump\release\nwnxstack.obj
d:\media\onedrive\offentligt\nwnx\nwnx_stackdump\release\stackwalker.obj
d:\media\onedrive\offentligt\nwnx\nwnx_stackdump\release\cl.command.1.tlog
d:\media\onedrive\offentligt\nwnx\nwnx_stackdump\release\cl.read.1.tlog
d:\media\onedrive\offentligt\nwnx\nwnx_stackdump\release\cl.write.1.tlog
d:\media\onedrive\offentligt\nwnx\nwnx_stackdump\release\link-cvtres.read.1.tlog
d:\media\onedrive\offentligt\nwnx\nwnx_stackdump\release\link-cvtres.write.1.tlog
d:\media\onedrive\offentligt\nwnx\nwnx_stackdump\release\link-rc.read.1.tlog
d:\media\onedrive\offentligt\nwnx\nwnx_stackdump\release\link-rc.write.1.tlog
d:\media\onedrive\offentligt\nwnx\nwnx_stackdump\release\link.command.1.tlog
d:\media\onedrive\offentligt\nwnx\nwnx_stackdump\release\link.read.1.tlog
d:\media\onedrive\offentligt\nwnx\nwnx_stackdump\release\link.write.1.tlog
d:\media\onedrive\offentligt\nwnx\nwnx_stackdump\release\nwnx_stackdump.write.1.tlog
d:\media\onedrive\offentligt\nwnx\nwnx_stackdump\release\vc110.pdb
d:\media\onedrive\offentligt\nwnx\release\nwnx_stackdump.pdb
d:\media\onedrive\offentligt\nwnx\release\nwnx_stackdump.dll
